{"attempts":1,"duration":3,"level":"info","message":"test-operation succeeded on attempt 1","service":"security-assessment","timestamp":"2025-12-13T23:27:01.788Z"}
{"attempt":1,"error":"First failure","level":"warn","maxAttempts":3,"message":"test-operation failed on attempt 1","service":"security-assessment","timestamp":"2025-12-13T23:27:01.803Z"}
{"attempt":2,"error":"Second failure","level":"warn","maxAttempts":3,"message":"test-operation failed on attempt 2","service":"security-assessment","timestamp":"2025-12-13T23:27:01.851Z"}
{"attempts":3,"duration":77,"level":"info","message":"test-operation succeeded on attempt 3","service":"security-assessment","timestamp":"2025-12-13T23:27:01.879Z"}
{"attempt":1,"error":"Persistent failure","level":"warn","maxAttempts":2,"message":"test-operation failed on attempt 1","service":"security-assessment","timestamp":"2025-12-13T23:27:01.887Z"}
{"attempt":2,"error":"Persistent failure","level":"warn","maxAttempts":2,"message":"test-operation failed on attempt 2","service":"security-assessment","timestamp":"2025-12-13T23:27:01.899Z"}
{"code":"CONTAINER_CREATION_FAILED","context":{"containerId":"test-123"},"error":"ContainerCreationError","level":"error","message":"High severity security assessment error Test error message","recoverable":true,"service":"security-assessment","severity":"high","stack":"ContainerCreationError: Test error message\n    at Object.<anonymous> (/Users/tristanmarvin/assessment/assessment/security-assessment/src/__tests__/utils/errors.test.ts:17:19)\n    at Promise.then.completed (/Users/tristanmarvin/assessment/assessment/security-assessment/node_modules/jest-circus/build/utils.js:298:28)\n    at new Promise (<anonymous>)\n    at callAsyncCircusFn (/Users/tristanmarvin/assessment/assessment/security-assessment/node_modules/jest-circus/build/utils.js:231:10)\n    at _callCircusTest (/Users/tristanmarvin/assessment/assessment/security-assessment/node_modules/jest-circus/build/run.js:316:40)\n    at processTicksAndRejections (node:internal/process/task_queues:103:5)\n    at _runTest (/Users/tristanmarvin/assessment/assessment/security-assessment/node_modules/jest-circus/build/run.js:252:3)\n    at _runTestsForDescribeBlock (/Users/tristanmarvin/assessment/assessment/security-assessment/node_modules/jest-circus/build/run.js:126:9)\n    at _runTestsForDescribeBlock (/Users/tristanmarvin/assessment/assessment/security-assessment/node_modules/jest-circus/build/run.js:121:9)\n    at run (/Users/tristanmarvin/assessment/assessment/security-assessment/node_modules/jest-circus/build/run.js:71:3)\n    at runAndTransformResultsToJestFormat (/Users/tristanmarvin/assessment/assessment/security-assessment/node_modules/jest-circus/build/legacy-code-todo-rewrite/jestAdapterInit.js:122:21)\n    at jestAdapter (/Users/tristanmarvin/assessment/assessment/security-assessment/node_modules/jest-circus/build/legacy-code-todo-rewrite/jestAdapter.js:79:19)\n    at runTestInternal (/Users/tristanmarvin/assessment/assessment/security-assessment/node_modules/jest-runner/build/runTest.js:367:16)\n    at runTest (/Users/tristanmarvin/assessment/assessment/security-assessment/node_modules/jest-runner/build/runTest.js:444:34)\n    at Object.worker (/Users/tristanmarvin/assessment/assessment/security-assessment/node_modules/jest-runner/build/testWorker.js:106:12)","timestamp":"2025-12-13T23:27:01.784Z"}
{"code":"CONTAINER_CREATION_FAILED","error":"ContainerCreationError","level":"error","message":"High severity security assessment error Test error","recoverable":true,"service":"security-assessment","severity":"high","stack":"ContainerCreationError: Test error\n    at Object.<anonymous> (/Users/tristanmarvin/assessment/assessment/security-assessment/src/__tests__/utils/errors.test.ts:28:19)\n    at Promise.then.completed (/Users/tristanmarvin/assessment/assessment/security-assessment/node_modules/jest-circus/build/utils.js:298:28)\n    at new Promise (<anonymous>)\n    at callAsyncCircusFn (/Users/tristanmarvin/assessment/assessment/security-assessment/node_modules/jest-circus/build/utils.js:231:10)\n    at _callCircusTest (/Users/tristanmarvin/assessment/assessment/security-assessment/node_modules/jest-circus/build/run.js:316:40)\n    at processTicksAndRejections (node:internal/process/task_queues:103:5)\n    at _runTest (/Users/tristanmarvin/assessment/assessment/security-assessment/node_modules/jest-circus/build/run.js:252:3)\n    at _runTestsForDescribeBlock (/Users/tristanmarvin/assessment/assessment/security-assessment/node_modules/jest-circus/build/run.js:126:9)\n    at _runTestsForDescribeBlock (/Users/tristanmarvin/assessment/assessment/security-assessment/node_modules/jest-circus/build/run.js:121:9)\n    at run (/Users/tristanmarvin/assessment/assessment/security-assessment/node_modules/jest-circus/build/run.js:71:3)\n    at runAndTransformResultsToJestFormat (/Users/tristanmarvin/assessment/assessment/security-assessment/node_modules/jest-circus/build/legacy-code-todo-rewrite/jestAdapterInit.js:122:21)\n    at jestAdapter (/Users/tristanmarvin/assessment/assessment/security-assessment/node_modules/jest-circus/build/legacy-code-todo-rewrite/jestAdapter.js:79:19)\n    at runTestInternal (/Users/tristanmarvin/assessment/assessment/security-assessment/node_modules/jest-runner/build/runTest.js:367:16)\n    at runTest (/Users/tristanmarvin/assessment/assessment/security-assessment/node_modules/jest-runner/build/runTest.js:444:34)\n    at Object.worker (/Users/tristanmarvin/assessment/assessment/security-assessment/node_modules/jest-runner/build/testWorker.js:106:12)","timestamp":"2025-12-13T23:27:01.810Z"}
{"code":"RESOURCE_ALLOCATION_FAILED","context":{"memory":"1g"},"error":"ResourceAllocationError","level":"warn","message":"Medium severity security assessment error Memory allocation failed","recoverable":true,"service":"security-assessment","severity":"medium","stack":"ResourceAllocationError: Memory allocation failed\n    at Object.<anonymous> (/Users/tristanmarvin/assessment/assessment/security-assessment/src/__tests__/utils/errors.test.ts:36:19)\n    at Promise.then.completed (/Users/tristanmarvin/assessment/assessment/security-assessment/node_modules/jest-circus/build/utils.js:298:28)\n    at new Promise (<anonymous>)\n    at callAsyncCircusFn (/Users/tristanmarvin/assessment/assessment/security-assessment/node_modules/jest-circus/build/utils.js:231:10)\n    at _callCircusTest (/Users/tristanmarvin/assessment/assessment/security-assessment/node_modules/jest-circus/build/run.js:316:40)\n    at processTicksAndRejections (node:internal/process/task_queues:103:5)\n    at _runTest (/Users/tristanmarvin/assessment/assessment/security-assessment/node_modules/jest-circus/build/run.js:252:3)\n    at _runTestsForDescribeBlock (/Users/tristanmarvin/assessment/assessment/security-assessment/node_modules/jest-circus/build/run.js:126:9)\n    at _runTestsForDescribeBlock (/Users/tristanmarvin/assessment/assessment/security-assessment/node_modules/jest-circus/build/run.js:121:9)\n    at run (/Users/tristanmarvin/assessment/assessment/security-assessment/node_modules/jest-circus/build/run.js:71:3)\n    at runAndTransformResultsToJestFormat (/Users/tristanmarvin/assessment/assessment/security-assessment/node_modules/jest-circus/build/legacy-code-todo-rewrite/jestAdapterInit.js:122:21)\n    at jestAdapter (/Users/tristanmarvin/assessment/assessment/security-assessment/node_modules/jest-circus/build/legacy-code-todo-rewrite/jestAdapter.js:79:19)\n    at runTestInternal (/Users/tristanmarvin/assessment/assessment/security-assessment/node_modules/jest-runner/build/runTest.js:367:16)\n    at runTest (/Users/tristanmarvin/assessment/assessment/security-assessment/node_modules/jest-runner/build/runTest.js:444:34)\n    at Object.worker (/Users/tristanmarvin/assessment/assessment/security-assessment/node_modules/jest-runner/build/testWorker.js:106:12)","timestamp":"2025-12-13T23:27:01.812Z"}
{"code":"SECURITY_VIOLATION_NETWORK","context":{"destination":"192.168.1.1","violationType":"NETWORK"},"error":"NetworkSecurityViolationError","level":"error","message":"Critical security assessment error Unauthorized network access","recoverable":false,"service":"security-assessment","severity":"critical","stack":"NetworkSecurityViolationError: Unauthorized network access\n    at Object.<anonymous> (/Users/tristanmarvin/assessment/assessment/security-assessment/src/__tests__/utils/errors.test.ts:53:19)\n    at Promise.then.completed (/Users/tristanmarvin/assessment/assessment/security-assessment/node_modules/jest-circus/build/utils.js:298:28)\n    at new Promise (<anonymous>)\n    at callAsyncCircusFn (/Users/tristanmarvin/assessment/assessment/security-assessment/node_modules/jest-circus/build/utils.js:231:10)\n    at _callCircusTest (/Users/tristanmarvin/assessment/assessment/security-assessment/node_modules/jest-circus/build/run.js:316:40)\n    at processTicksAndRejections (node:internal/process/task_queues:103:5)\n    at _runTest (/Users/tristanmarvin/assessment/assessment/security-assessment/node_modules/jest-circus/build/run.js:252:3)\n    at _runTestsForDescribeBlock (/Users/tristanmarvin/assessment/assessment/security-assessment/node_modules/jest-circus/build/run.js:126:9)\n    at _runTestsForDescribeBlock (/Users/tristanmarvin/assessment/assessment/security-assessment/node_modules/jest-circus/build/run.js:121:9)\n    at run (/Users/tristanmarvin/assessment/assessment/security-assessment/node_modules/jest-circus/build/run.js:71:3)\n    at runAndTransformResultsToJestFormat (/Users/tristanmarvin/assessment/assessment/security-assessment/node_modules/jest-circus/build/legacy-code-todo-rewrite/jestAdapterInit.js:122:21)\n    at jestAdapter (/Users/tristanmarvin/assessment/assessment/security-assessment/node_modules/jest-circus/build/legacy-code-todo-rewrite/jestAdapter.js:79:19)\n    at runTestInternal (/Users/tristanmarvin/assessment/assessment/security-assessment/node_modules/jest-runner/build/runTest.js:367:16)\n    at runTest (/Users/tristanmarvin/assessment/assessment/security-assessment/node_modules/jest-runner/build/runTest.js:444:34)\n    at Object.worker (/Users/tristanmarvin/assessment/assessment/security-assessment/node_modules/jest-runner/build/testWorker.js:106:12)","timestamp":"2025-12-13T23:27:01.850Z"}
{"code":"CONTAINER_CREATION_FAILED","error":"ContainerCreationError","level":"error","message":"High severity security assessment error Container creation failed","recoverable":true,"service":"security-assessment","severity":"high","stack":"ContainerCreationError: Container creation failed\n    at Object.<anonymous> (/Users/tristanmarvin/assessment/assessment/security-assessment/src/__tests__/utils/errors.test.ts:70:21)\n    at Promise.then.completed (/Users/tristanmarvin/assessment/assessment/security-assessment/node_modules/jest-circus/build/utils.js:298:28)\n    at new Promise (<anonymous>)\n    at callAsyncCircusFn (/Users/tristanmarvin/assessment/assessment/security-assessment/node_modules/jest-circus/build/utils.js:231:10)\n    at _callCircusTest (/Users/tristanmarvin/assessment/assessment/security-assessment/node_modules/jest-circus/build/run.js:316:40)\n    at processTicksAndRejections (node:internal/process/task_queues:103:5)\n    at _runTest (/Users/tristanmarvin/assessment/assessment/security-assessment/node_modules/jest-circus/build/run.js:252:3)\n    at _runTestsForDescribeBlock (/Users/tristanmarvin/assessment/assessment/security-assessment/node_modules/jest-circus/build/run.js:126:9)\n    at _runTestsForDescribeBlock (/Users/tristanmarvin/assessment/assessment/security-assessment/node_modules/jest-circus/build/run.js:121:9)\n    at _runTestsForDescribeBlock (/Users/tristanmarvin/assessment/assessment/security-assessment/node_modules/jest-circus/build/run.js:121:9)\n    at run (/Users/tristanmarvin/assessment/assessment/security-assessment/node_modules/jest-circus/build/run.js:71:3)\n    at runAndTransformResultsToJestFormat (/Users/tristanmarvin/assessment/assessment/security-assessment/node_modules/jest-circus/build/legacy-code-todo-rewrite/jestAdapterInit.js:122:21)\n    at jestAdapter (/Users/tristanmarvin/assessment/assessment/security-assessment/node_modules/jest-circus/build/legacy-code-todo-rewrite/jestAdapter.js:79:19)\n    at runTestInternal (/Users/tristanmarvin/assessment/assessment/security-assessment/node_modules/jest-runner/build/runTest.js:367:16)\n    at runTest (/Users/tristanmarvin/assessment/assessment/security-assessment/node_modules/jest-runner/build/runTest.js:444:34)\n    at Object.worker (/Users/tristanmarvin/assessment/assessment/security-assessment/node_modules/jest-runner/build/testWorker.js:106:12)","timestamp":"2025-12-13T23:27:01.854Z"}
{"code":"SECURITY_VIOLATION_NETWORK","context":{"violationType":"NETWORK"},"error":"SecurityViolationError","level":"error","message":"Critical security assessment error Security violation","recoverable":false,"service":"security-assessment","severity":"critical","stack":"SecurityViolationError: Security violation\n    at Object.<anonymous> (/Users/tristanmarvin/assessment/assessment/security-assessment/src/__tests__/utils/errors.test.ts:75:21)\n    at Promise.then.completed (/Users/tristanmarvin/assessment/assessment/security-assessment/node_modules/jest-circus/build/utils.js:298:28)\n    at new Promise (<anonymous>)\n    at callAsyncCircusFn (/Users/tristanmarvin/assessment/assessment/security-assessment/node_modules/jest-circus/build/utils.js:231:10)\n    at _callCircusTest (/Users/tristanmarvin/assessment/assessment/security-assessment/node_modules/jest-circus/build/run.js:316:40)\n    at processTicksAndRejections (node:internal/process/task_queues:103:5)\n    at _runTest (/Users/tristanmarvin/assessment/assessment/security-assessment/node_modules/jest-circus/build/run.js:252:3)\n    at _runTestsForDescribeBlock (/Users/tristanmarvin/assessment/assessment/security-assessment/node_modules/jest-circus/build/run.js:126:9)\n    at _runTestsForDescribeBlock (/Users/tristanmarvin/assessment/assessment/security-assessment/node_modules/jest-circus/build/run.js:121:9)\n    at _runTestsForDescribeBlock (/Users/tristanmarvin/assessment/assessment/security-assessment/node_modules/jest-circus/build/run.js:121:9)\n    at run (/Users/tristanmarvin/assessment/assessment/security-assessment/node_modules/jest-circus/build/run.js:71:3)\n    at runAndTransformResultsToJestFormat (/Users/tristanmarvin/assessment/assessment/security-assessment/node_modules/jest-circus/build/legacy-code-todo-rewrite/jestAdapterInit.js:122:21)\n    at jestAdapter (/Users/tristanmarvin/assessment/assessment/security-assessment/node_modules/jest-circus/build/legacy-code-todo-rewrite/jestAdapter.js:79:19)\n    at runTestInternal (/Users/tristanmarvin/assessment/assessment/security-assessment/node_modules/jest-runner/build/runTest.js:367:16)\n    at runTest (/Users/tristanmarvin/assessment/assessment/security-assessment/node_modules/jest-runner/build/runTest.js:444:34)\n    at Object.worker (/Users/tristanmarvin/assessment/assessment/security-assessment/node_modules/jest-runner/build/testWorker.js:106:12)","timestamp":"2025-12-13T23:27:01.859Z"}
{"code":"SECURITY_VIOLATION_FILESYSTEM","context":{"violationType":"FILESYSTEM"},"error":"SecurityViolationError","level":"error","message":"Critical security assessment error Security violation","recoverable":false,"service":"security-assessment","severity":"critical","stack":"SecurityViolationError: Security violation\n    at Object.<anonymous> (/Users/tristanmarvin/assessment/assessment/security-assessment/src/__tests__/utils/errors.test.ts:113:21)\n    at Promise.then.completed (/Users/tristanmarvin/assessment/assessment/security-assessment/node_modules/jest-circus/build/utils.js:298:28)\n    at new Promise (<anonymous>)\n    at callAsyncCircusFn (/Users/tristanmarvin/assessment/assessment/security-assessment/node_modules/jest-circus/build/utils.js:231:10)\n    at _callCircusTest (/Users/tristanmarvin/assessment/assessment/security-assessment/node_modules/jest-circus/build/run.js:316:40)\n    at processTicksAndRejections (node:internal/process/task_queues:103:5)\n    at _runTest (/Users/tristanmarvin/assessment/assessment/security-assessment/node_modules/jest-circus/build/run.js:252:3)\n    at _runTestsForDescribeBlock (/Users/tristanmarvin/assessment/assessment/security-assessment/node_modules/jest-circus/build/run.js:126:9)\n    at _runTestsForDescribeBlock (/Users/tristanmarvin/assessment/assessment/security-assessment/node_modules/jest-circus/build/run.js:121:9)\n    at _runTestsForDescribeBlock (/Users/tristanmarvin/assessment/assessment/security-assessment/node_modules/jest-circus/build/run.js:121:9)\n    at run (/Users/tristanmarvin/assessment/assessment/security-assessment/node_modules/jest-circus/build/run.js:71:3)\n    at runAndTransformResultsToJestFormat (/Users/tristanmarvin/assessment/assessment/security-assessment/node_modules/jest-circus/build/legacy-code-todo-rewrite/jestAdapterInit.js:122:21)\n    at jestAdapter (/Users/tristanmarvin/assessment/assessment/security-assessment/node_modules/jest-circus/build/legacy-code-todo-rewrite/jestAdapter.js:79:19)\n    at runTestInternal (/Users/tristanmarvin/assessment/assessment/security-assessment/node_modules/jest-runner/build/runTest.js:367:16)\n    at runTest (/Users/tristanmarvin/assessment/assessment/security-assessment/node_modules/jest-runner/build/runTest.js:444:34)\n    at Object.worker (/Users/tristanmarvin/assessment/assessment/security-assessment/node_modules/jest-runner/build/testWorker.js:106:12)","timestamp":"2025-12-13T23:27:01.864Z"}
{"code":"CONTAINER_CREATION_FAILED","error":"ContainerCreationError","level":"error","message":"High severity security assessment error Container creation failed","recoverable":true,"service":"security-assessment","severity":"high","stack":"ContainerCreationError: Container creation failed\n    at Object.<anonymous> (/Users/tristanmarvin/assessment/assessment/security-assessment/src/__tests__/utils/errors.test.ts:118:21)\n    at Promise.then.completed (/Users/tristanmarvin/assessment/assessment/security-assessment/node_modules/jest-circus/build/utils.js:298:28)\n    at new Promise (<anonymous>)\n    at callAsyncCircusFn (/Users/tristanmarvin/assessment/assessment/security-assessment/node_modules/jest-circus/build/utils.js:231:10)\n    at _callCircusTest (/Users/tristanmarvin/assessment/assessment/security-assessment/node_modules/jest-circus/build/run.js:316:40)\n    at processTicksAndRejections (node:internal/process/task_queues:103:5)\n    at _runTest (/Users/tristanmarvin/assessment/assessment/security-assessment/node_modules/jest-circus/build/run.js:252:3)\n    at _runTestsForDescribeBlock (/Users/tristanmarvin/assessment/assessment/security-assessment/node_modules/jest-circus/build/run.js:126:9)\n    at _runTestsForDescribeBlock (/Users/tristanmarvin/assessment/assessment/security-assessment/node_modules/jest-circus/build/run.js:121:9)\n    at _runTestsForDescribeBlock (/Users/tristanmarvin/assessment/assessment/security-assessment/node_modules/jest-circus/build/run.js:121:9)\n    at run (/Users/tristanmarvin/assessment/assessment/security-assessment/node_modules/jest-circus/build/run.js:71:3)\n    at runAndTransformResultsToJestFormat (/Users/tristanmarvin/assessment/assessment/security-assessment/node_modules/jest-circus/build/legacy-code-todo-rewrite/jestAdapterInit.js:122:21)\n    at jestAdapter (/Users/tristanmarvin/assessment/assessment/security-assessment/node_modules/jest-circus/build/legacy-code-todo-rewrite/jestAdapter.js:79:19)\n    at runTestInternal (/Users/tristanmarvin/assessment/assessment/security-assessment/node_modules/jest-runner/build/runTest.js:367:16)\n    at runTest (/Users/tristanmarvin/assessment/assessment/security-assessment/node_modules/jest-runner/build/runTest.js:444:34)\n    at Object.worker (/Users/tristanmarvin/assessment/assessment/security-assessment/node_modules/jest-runner/build/testWorker.js:106:12)","timestamp":"2025-12-13T23:27:01.867Z"}
{"code":"CONTAINER_CREATION_FAILED","error":"ContainerCreationError","level":"error","message":"High severity security assessment error Container creation failed","recoverable":true,"service":"security-assessment","severity":"high","stack":"ContainerCreationError: Container creation failed\n    at Object.<anonymous> (/Users/tristanmarvin/assessment/assessment/security-assessment/src/__tests__/utils/errors.test.ts:125:21)\n    at Promise.then.completed (/Users/tristanmarvin/assessment/assessment/security-assessment/node_modules/jest-circus/build/utils.js:298:28)\n    at new Promise (<anonymous>)\n    at callAsyncCircusFn (/Users/tristanmarvin/assessment/assessment/security-assessment/node_modules/jest-circus/build/utils.js:231:10)\n    at _callCircusTest (/Users/tristanmarvin/assessment/assessment/security-assessment/node_modules/jest-circus/build/run.js:316:40)\n    at processTicksAndRejections (node:internal/process/task_queues:103:5)\n    at _runTest (/Users/tristanmarvin/assessment/assessment/security-assessment/node_modules/jest-circus/build/run.js:252:3)\n    at _runTestsForDescribeBlock (/Users/tristanmarvin/assessment/assessment/security-assessment/node_modules/jest-circus/build/run.js:126:9)\n    at _runTestsForDescribeBlock (/Users/tristanmarvin/assessment/assessment/security-assessment/node_modules/jest-circus/build/run.js:121:9)\n    at _runTestsForDescribeBlock (/Users/tristanmarvin/assessment/assessment/security-assessment/node_modules/jest-circus/build/run.js:121:9)\n    at run (/Users/tristanmarvin/assessment/assessment/security-assessment/node_modules/jest-circus/build/run.js:71:3)\n    at runAndTransformResultsToJestFormat (/Users/tristanmarvin/assessment/assessment/security-assessment/node_modules/jest-circus/build/legacy-code-todo-rewrite/jestAdapterInit.js:122:21)\n    at jestAdapter (/Users/tristanmarvin/assessment/assessment/security-assessment/node_modules/jest-circus/build/legacy-code-todo-rewrite/jestAdapter.js:79:19)\n    at runTestInternal (/Users/tristanmarvin/assessment/assessment/security-assessment/node_modules/jest-runner/build/runTest.js:367:16)\n    at runTest (/Users/tristanmarvin/assessment/assessment/security-assessment/node_modules/jest-runner/build/runTest.js:444:34)\n    at Object.worker (/Users/tristanmarvin/assessment/assessment/security-assessment/node_modules/jest-runner/build/testWorker.js:106:12)","timestamp":"2025-12-13T23:27:01.868Z"}
{"code":"CONTAINER_CREATION_FAILED","error":"ContainerCreationError","level":"error","message":"High severity security assessment error Container creation failed","recoverable":true,"service":"security-assessment","severity":"high","stack":"ContainerCreationError: Container creation failed\n    at Object.<anonymous> (/Users/tristanmarvin/assessment/assessment/security-assessment/src/__tests__/utils/errors.test.ts:142:29)\n    at Promise.then.completed (/Users/tristanmarvin/assessment/assessment/security-assessment/node_modules/jest-circus/build/utils.js:298:28)\n    at new Promise (<anonymous>)\n    at callAsyncCircusFn (/Users/tristanmarvin/assessment/assessment/security-assessment/node_modules/jest-circus/build/utils.js:231:10)\n    at _callCircusTest (/Users/tristanmarvin/assessment/assessment/security-assessment/node_modules/jest-circus/build/run.js:316:40)\n    at processTicksAndRejections (node:internal/process/task_queues:103:5)\n    at _runTest (/Users/tristanmarvin/assessment/assessment/security-assessment/node_modules/jest-circus/build/run.js:252:3)\n    at _runTestsForDescribeBlock (/Users/tristanmarvin/assessment/assessment/security-assessment/node_modules/jest-circus/build/run.js:126:9)\n    at _runTestsForDescribeBlock (/Users/tristanmarvin/assessment/assessment/security-assessment/node_modules/jest-circus/build/run.js:121:9)\n    at _runTestsForDescribeBlock (/Users/tristanmarvin/assessment/assessment/security-assessment/node_modules/jest-circus/build/run.js:121:9)\n    at run (/Users/tristanmarvin/assessment/assessment/security-assessment/node_modules/jest-circus/build/run.js:71:3)\n    at runAndTransformResultsToJestFormat (/Users/tristanmarvin/assessment/assessment/security-assessment/node_modules/jest-circus/build/legacy-code-todo-rewrite/jestAdapterInit.js:122:21)\n    at jestAdapter (/Users/tristanmarvin/assessment/assessment/security-assessment/node_modules/jest-circus/build/legacy-code-todo-rewrite/jestAdapter.js:79:19)\n    at runTestInternal (/Users/tristanmarvin/assessment/assessment/security-assessment/node_modules/jest-runner/build/runTest.js:367:16)\n    at runTest (/Users/tristanmarvin/assessment/assessment/security-assessment/node_modules/jest-runner/build/runTest.js:444:34)\n    at Object.worker (/Users/tristanmarvin/assessment/assessment/security-assessment/node_modules/jest-runner/build/testWorker.js:106:12)","timestamp":"2025-12-13T23:27:01.870Z"}
{"code":"CONTAINER_CREATION_FAILED","context":{"containerId":"test-123","originalError":"Failed to create container: image not found"},"error":"ContainerCreationError","level":"error","message":"High severity security assessment error Failed to create container: image not found","recoverable":true,"service":"security-assessment","severity":"high","stack":"ContainerCreationError: Failed to create container: image not found\n    at ErrorHandler.createFromGenericError (/Users/tristanmarvin/assessment/assessment/security-assessment/src/utils/errors.ts:310:14)\n    at Object.<anonymous> (/Users/tristanmarvin/assessment/assessment/security-assessment/src/__tests__/utils/errors.test.ts:149:35)\n    at Promise.then.completed (/Users/tristanmarvin/assessment/assessment/security-assessment/node_modules/jest-circus/build/utils.js:298:28)\n    at new Promise (<anonymous>)\n    at callAsyncCircusFn (/Users/tristanmarvin/assessment/assessment/security-assessment/node_modules/jest-circus/build/utils.js:231:10)\n    at _callCircusTest (/Users/tristanmarvin/assessment/assessment/security-assessment/node_modules/jest-circus/build/run.js:316:40)\n    at processTicksAndRejections (node:internal/process/task_queues:103:5)\n    at _runTest (/Users/tristanmarvin/assessment/assessment/security-assessment/node_modules/jest-circus/build/run.js:252:3)\n    at _runTestsForDescribeBlock (/Users/tristanmarvin/assessment/assessment/security-assessment/node_modules/jest-circus/build/run.js:126:9)\n    at _runTestsForDescribeBlock (/Users/tristanmarvin/assessment/assessment/security-assessment/node_modules/jest-circus/build/run.js:121:9)\n    at _runTestsForDescribeBlock (/Users/tristanmarvin/assessment/assessment/security-assessment/node_modules/jest-circus/build/run.js:121:9)\n    at run (/Users/tristanmarvin/assessment/assessment/security-assessment/node_modules/jest-circus/build/run.js:71:3)\n    at runAndTransformResultsToJestFormat (/Users/tristanmarvin/assessment/assessment/security-assessment/node_modules/jest-circus/build/legacy-code-todo-rewrite/jestAdapterInit.js:122:21)\n    at jestAdapter (/Users/tristanmarvin/assessment/assessment/security-assessment/node_modules/jest-circus/build/legacy-code-todo-rewrite/jestAdapter.js:79:19)\n    at runTestInternal (/Users/tristanmarvin/assessment/assessment/security-assessment/node_modules/jest-runner/build/runTest.js:367:16)\n    at runTest (/Users/tristanmarvin/assessment/assessment/security-assessment/node_modules/jest-runner/build/runTest.js:444:34)\n    at Object.worker (/Users/tristanmarvin/assessment/assessment/security-assessment/node_modules/jest-runner/build/testWorker.js:106:12)","timestamp":"2025-12-13T23:27:01.876Z"}
{"code":"RESOURCE_ALLOCATION_FAILED","context":{"originalError":"Insufficient memory available"},"error":"ResourceAllocationError","level":"warn","message":"Medium severity security assessment error Insufficient memory available","recoverable":true,"service":"security-assessment","severity":"medium","stack":"ResourceAllocationError: Insufficient memory available\n    at ErrorHandler.createFromGenericError (/Users/tristanmarvin/assessment/assessment/security-assessment/src/utils/errors.ts:314:14)\n    at Object.<anonymous> (/Users/tristanmarvin/assessment/assessment/security-assessment/src/__tests__/utils/errors.test.ts:158:35)\n    at Promise.then.completed (/Users/tristanmarvin/assessment/assessment/security-assessment/node_modules/jest-circus/build/utils.js:298:28)\n    at new Promise (<anonymous>)\n    at callAsyncCircusFn (/Users/tristanmarvin/assessment/assessment/security-assessment/node_modules/jest-circus/build/utils.js:231:10)\n    at _callCircusTest (/Users/tristanmarvin/assessment/assessment/security-assessment/node_modules/jest-circus/build/run.js:316:40)\n    at processTicksAndRejections (node:internal/process/task_queues:103:5)\n    at _runTest (/Users/tristanmarvin/assessment/assessment/security-assessment/node_modules/jest-circus/build/run.js:252:3)\n    at _runTestsForDescribeBlock (/Users/tristanmarvin/assessment/assessment/security-assessment/node_modules/jest-circus/build/run.js:126:9)\n    at _runTestsForDescribeBlock (/Users/tristanmarvin/assessment/assessment/security-assessment/node_modules/jest-circus/build/run.js:121:9)\n    at _runTestsForDescribeBlock (/Users/tristanmarvin/assessment/assessment/security-assessment/node_modules/jest-circus/build/run.js:121:9)\n    at run (/Users/tristanmarvin/assessment/assessment/security-assessment/node_modules/jest-circus/build/run.js:71:3)\n    at runAndTransformResultsToJestFormat (/Users/tristanmarvin/assessment/assessment/security-assessment/node_modules/jest-circus/build/legacy-code-todo-rewrite/jestAdapterInit.js:122:21)\n    at jestAdapter (/Users/tristanmarvin/assessment/assessment/security-assessment/node_modules/jest-circus/build/legacy-code-todo-rewrite/jestAdapter.js:79:19)\n    at runTestInternal (/Users/tristanmarvin/assessment/assessment/security-assessment/node_modules/jest-runner/build/runTest.js:367:16)\n    at runTest (/Users/tristanmarvin/assessment/assessment/security-assessment/node_modules/jest-runner/build/runTest.js:444:34)\n    at Object.worker (/Users/tristanmarvin/assessment/assessment/security-assessment/node_modules/jest-runner/build/testWorker.js:106:12)","timestamp":"2025-12-13T23:27:01.895Z"}
{"code":"ANALYSIS_FAILED","context":{"originalError":"Unknown error occurred"},"error":"AnalysisError","level":"warn","message":"Medium severity security assessment error Unknown error occurred","recoverable":true,"service":"security-assessment","severity":"medium","stack":"AnalysisError: Unknown error occurred\n    at ErrorHandler.createFromGenericError (/Users/tristanmarvin/assessment/assessment/security-assessment/src/utils/errors.ts:326:12)\n    at Object.<anonymous> (/Users/tristanmarvin/assessment/assessment/security-assessment/src/__tests__/utils/errors.test.ts:165:35)\n    at Promise.then.completed (/Users/tristanmarvin/assessment/assessment/security-assessment/node_modules/jest-circus/build/utils.js:298:28)\n    at new Promise (<anonymous>)\n    at callAsyncCircusFn (/Users/tristanmarvin/assessment/assessment/security-assessment/node_modules/jest-circus/build/utils.js:231:10)\n    at _callCircusTest (/Users/tristanmarvin/assessment/assessment/security-assessment/node_modules/jest-circus/build/run.js:316:40)\n    at processTicksAndRejections (node:internal/process/task_queues:103:5)\n    at _runTest (/Users/tristanmarvin/assessment/assessment/security-assessment/node_modules/jest-circus/build/run.js:252:3)\n    at _runTestsForDescribeBlock (/Users/tristanmarvin/assessment/assessment/security-assessment/node_modules/jest-circus/build/run.js:126:9)\n    at _runTestsForDescribeBlock (/Users/tristanmarvin/assessment/assessment/security-assessment/node_modules/jest-circus/build/run.js:121:9)\n    at _runTestsForDescribeBlock (/Users/tristanmarvin/assessment/assessment/security-assessment/node_modules/jest-circus/build/run.js:121:9)\n    at run (/Users/tristanmarvin/assessment/assessment/security-assessment/node_modules/jest-circus/build/run.js:71:3)\n    at runAndTransformResultsToJestFormat (/Users/tristanmarvin/assessment/assessment/security-assessment/node_modules/jest-circus/build/legacy-code-todo-rewrite/jestAdapterInit.js:122:21)\n    at jestAdapter (/Users/tristanmarvin/assessment/assessment/security-assessment/node_modules/jest-circus/build/legacy-code-todo-rewrite/jestAdapter.js:79:19)\n    at runTestInternal (/Users/tristanmarvin/assessment/assessment/security-assessment/node_modules/jest-runner/build/runTest.js:367:16)\n    at runTest (/Users/tristanmarvin/assessment/assessment/security-assessment/node_modules/jest-runner/build/runTest.js:444:34)\n    at Object.worker (/Users/tristanmarvin/assessment/assessment/security-assessment/node_modules/jest-runner/build/testWorker.js:106:12)","timestamp":"2025-12-13T23:27:01.896Z"}
{"code":"CONTAINER_CREATION_FAILED","error":"ContainerCreationError","level":"error","message":"High severity security assessment error Container creation failed","recoverable":true,"service":"security-assessment","severity":"high","stack":"ContainerCreationError: Container creation failed\n    at Object.<anonymous> (/Users/tristanmarvin/assessment/assessment/security-assessment/src/__tests__/utils/errors.test.ts:173:21)\n    at Promise.then.completed (/Users/tristanmarvin/assessment/assessment/security-assessment/node_modules/jest-circus/build/utils.js:298:28)\n    at new Promise (<anonymous>)\n    at callAsyncCircusFn (/Users/tristanmarvin/assessment/assessment/security-assessment/node_modules/jest-circus/build/utils.js:231:10)\n    at _callCircusTest (/Users/tristanmarvin/assessment/assessment/security-assessment/node_modules/jest-circus/build/run.js:316:40)\n    at processTicksAndRejections (node:internal/process/task_queues:103:5)\n    at _runTest (/Users/tristanmarvin/assessment/assessment/security-assessment/node_modules/jest-circus/build/run.js:252:3)\n    at _runTestsForDescribeBlock (/Users/tristanmarvin/assessment/assessment/security-assessment/node_modules/jest-circus/build/run.js:126:9)\n    at _runTestsForDescribeBlock (/Users/tristanmarvin/assessment/assessment/security-assessment/node_modules/jest-circus/build/run.js:121:9)\n    at _runTestsForDescribeBlock (/Users/tristanmarvin/assessment/assessment/security-assessment/node_modules/jest-circus/build/run.js:121:9)\n    at run (/Users/tristanmarvin/assessment/assessment/security-assessment/node_modules/jest-circus/build/run.js:71:3)\n    at runAndTransformResultsToJestFormat (/Users/tristanmarvin/assessment/assessment/security-assessment/node_modules/jest-circus/build/legacy-code-todo-rewrite/jestAdapterInit.js:122:21)\n    at jestAdapter (/Users/tristanmarvin/assessment/assessment/security-assessment/node_modules/jest-circus/build/legacy-code-todo-rewrite/jestAdapter.js:79:19)\n    at runTestInternal (/Users/tristanmarvin/assessment/assessment/security-assessment/node_modules/jest-runner/build/runTest.js:367:16)\n    at runTest (/Users/tristanmarvin/assessment/assessment/security-assessment/node_modules/jest-runner/build/runTest.js:444:34)\n    at Object.worker (/Users/tristanmarvin/assessment/assessment/security-assessment/node_modules/jest-runner/build/testWorker.js:106:12)","timestamp":"2025-12-13T23:27:01.901Z"}
{"code":"CONTAINER_CREATION_FAILED","context":{"containerId":"test-123"},"error":"ContainerCreationError","level":"error","message":"High severity security assessment error Container creation failed","recoverable":true,"service":"security-assessment","severity":"high","stack":"ContainerCreationError: Container creation failed\n    at Object.<anonymous> (/Users/tristanmarvin/assessment/assessment/security-assessment/src/__tests__/utils/errors.test.ts:182:21)\n    at Promise.then.completed (/Users/tristanmarvin/assessment/assessment/security-assessment/node_modules/jest-circus/build/utils.js:298:28)\n    at new Promise (<anonymous>)\n    at callAsyncCircusFn (/Users/tristanmarvin/assessment/assessment/security-assessment/node_modules/jest-circus/build/utils.js:231:10)\n    at _callCircusTest (/Users/tristanmarvin/assessment/assessment/security-assessment/node_modules/jest-circus/build/run.js:316:40)\n    at processTicksAndRejections (node:internal/process/task_queues:103:5)\n    at _runTest (/Users/tristanmarvin/assessment/assessment/security-assessment/node_modules/jest-circus/build/run.js:252:3)\n    at _runTestsForDescribeBlock (/Users/tristanmarvin/assessment/assessment/security-assessment/node_modules/jest-circus/build/run.js:126:9)\n    at _runTestsForDescribeBlock (/Users/tristanmarvin/assessment/assessment/security-assessment/node_modules/jest-circus/build/run.js:121:9)\n    at _runTestsForDescribeBlock (/Users/tristanmarvin/assessment/assessment/security-assessment/node_modules/jest-circus/build/run.js:121:9)\n    at run (/Users/tristanmarvin/assessment/assessment/security-assessment/node_modules/jest-circus/build/run.js:71:3)\n    at runAndTransformResultsToJestFormat (/Users/tristanmarvin/assessment/assessment/security-assessment/node_modules/jest-circus/build/legacy-code-todo-rewrite/jestAdapterInit.js:122:21)\n    at jestAdapter (/Users/tristanmarvin/assessment/assessment/security-assessment/node_modules/jest-circus/build/legacy-code-todo-rewrite/jestAdapter.js:79:19)\n    at runTestInternal (/Users/tristanmarvin/assessment/assessment/security-assessment/node_modules/jest-runner/build/runTest.js:367:16)\n    at runTest (/Users/tristanmarvin/assessment/assessment/security-assessment/node_modules/jest-runner/build/runTest.js:444:34)\n    at Object.worker (/Users/tristanmarvin/assessment/assessment/security-assessment/node_modules/jest-runner/build/testWorker.js:106:12)","timestamp":"2025-12-13T23:27:01.908Z"}
{"attempts":2,"duration":13,"error":"Persistent failure","level":"error","message":"test-operation failed after 2 attempts","service":"security-assessment","timestamp":"2025-12-13T23:27:01.900Z"}
{"attempt":1,"error":"Non-retryable error","level":"warn","maxAttempts":3,"message":"test-operation failed on attempt 1","service":"security-assessment","timestamp":"2025-12-13T23:27:01.903Z"}
{"attempt":1,"error":"Non-retryable error","level":"info","message":"test-operation failed with non-retryable error","service":"security-assessment","timestamp":"2025-12-13T23:27:01.906Z"}
{"attempts":3,"duration":4,"error":"Non-retryable error","level":"error","message":"test-operation failed after 3 attempts","service":"security-assessment","timestamp":"2025-12-13T23:27:01.907Z"}
{"attempt":1,"error":"First failure","level":"warn","maxAttempts":2,"message":"test-operation failed on attempt 1","service":"security-assessment","timestamp":"2025-12-13T23:27:01.935Z"}
{"attempts":2,"duration":34,"level":"info","message":"test-operation succeeded on attempt 2","service":"security-assessment","timestamp":"2025-12-13T23:27:01.969Z"}
{"attempt":1,"error":"First failure","level":"warn","maxAttempts":2,"message":"test-operation failed on attempt 1","service":"security-assessment","timestamp":"2025-12-13T23:27:01.976Z"}
{"error":{},"level":"warn","message":"Error in retry callback","service":"security-assessment","timestamp":"2025-12-13T23:27:01.977Z"}
{"attempts":2,"duration":11,"level":"info","message":"test-operation succeeded on attempt 2","service":"security-assessment","timestamp":"2025-12-13T23:27:01.987Z"}
{"failures":2,"level":"warn","message":"Circuit breaker opened for test","service":"security-assessment","threshold":2,"timestamp":"2025-12-13T23:27:01.993Z"}
{"failures":2,"level":"warn","message":"Circuit breaker opened for test","service":"security-assessment","threshold":2,"timestamp":"2025-12-13T23:27:01.994Z"}
{"failures":2,"level":"warn","message":"Circuit breaker opened for test","service":"security-assessment","threshold":2,"timestamp":"2025-12-13T23:27:02.000Z"}
{"failures":2,"level":"warn","message":"Circuit breaker opened for test","service":"security-assessment","threshold":2,"timestamp":"2025-12-13T23:27:02.001Z"}
{"level":"info","message":"Circuit breaker transitioning to half-open for test","service":"security-assessment","timestamp":"2025-12-13T23:27:02.017Z"}
{"code":"CONTAINER_CREATION_FAILED","context":{"containerId":"test-123"},"error":"ContainerCreationError","level":"error","message":"High severity security assessment error Test error message","recoverable":true,"service":"security-assessment","severity":"high","stack":"ContainerCreationError: Test error message\n    at Object.<anonymous> (/Users/tristanmarvin/assessment/assessment/security-assessment/src/__tests__/utils/errors.test.ts:17:19)\n    at Promise.then.completed (/Users/tristanmarvin/assessment/assessment/security-assessment/node_modules/jest-circus/build/utils.js:298:28)\n    at new Promise (<anonymous>)\n    at callAsyncCircusFn (/Users/tristanmarvin/assessment/assessment/security-assessment/node_modules/jest-circus/build/utils.js:231:10)\n    at _callCircusTest (/Users/tristanmarvin/assessment/assessment/security-assessment/node_modules/jest-circus/build/run.js:316:40)\n    at processTicksAndRejections (node:internal/process/task_queues:103:5)\n    at _runTest (/Users/tristanmarvin/assessment/assessment/security-assessment/node_modules/jest-circus/build/run.js:252:3)\n    at _runTestsForDescribeBlock (/Users/tristanmarvin/assessment/assessment/security-assessment/node_modules/jest-circus/build/run.js:126:9)\n    at _runTestsForDescribeBlock (/Users/tristanmarvin/assessment/assessment/security-assessment/node_modules/jest-circus/build/run.js:121:9)\n    at run (/Users/tristanmarvin/assessment/assessment/security-assessment/node_modules/jest-circus/build/run.js:71:3)\n    at runAndTransformResultsToJestFormat (/Users/tristanmarvin/assessment/assessment/security-assessment/node_modules/jest-circus/build/legacy-code-todo-rewrite/jestAdapterInit.js:122:21)\n    at jestAdapter (/Users/tristanmarvin/assessment/assessment/security-assessment/node_modules/jest-circus/build/legacy-code-todo-rewrite/jestAdapter.js:79:19)\n    at runTestInternal (/Users/tristanmarvin/assessment/assessment/security-assessment/node_modules/jest-runner/build/runTest.js:367:16)\n    at runTest (/Users/tristanmarvin/assessment/assessment/security-assessment/node_modules/jest-runner/build/runTest.js:444:34)\n    at Object.worker (/Users/tristanmarvin/assessment/assessment/security-assessment/node_modules/jest-runner/build/testWorker.js:106:12)","timestamp":"2025-12-13T23:27:34.542Z"}
{"code":"CONTAINER_CREATION_FAILED","error":"ContainerCreationError","level":"error","message":"High severity security assessment error Test error","recoverable":true,"service":"security-assessment","severity":"high","stack":"ContainerCreationError: Test error\n    at Object.<anonymous> (/Users/tristanmarvin/assessment/assessment/security-assessment/src/__tests__/utils/errors.test.ts:28:19)\n    at Promise.then.completed (/Users/tristanmarvin/assessment/assessment/security-assessment/node_modules/jest-circus/build/utils.js:298:28)\n    at new Promise (<anonymous>)\n    at callAsyncCircusFn (/Users/tristanmarvin/assessment/assessment/security-assessment/node_modules/jest-circus/build/utils.js:231:10)\n    at _callCircusTest (/Users/tristanmarvin/assessment/assessment/security-assessment/node_modules/jest-circus/build/run.js:316:40)\n    at processTicksAndRejections (node:internal/process/task_queues:103:5)\n    at _runTest (/Users/tristanmarvin/assessment/assessment/security-assessment/node_modules/jest-circus/build/run.js:252:3)\n    at _runTestsForDescribeBlock (/Users/tristanmarvin/assessment/assessment/security-assessment/node_modules/jest-circus/build/run.js:126:9)\n    at _runTestsForDescribeBlock (/Users/tristanmarvin/assessment/assessment/security-assessment/node_modules/jest-circus/build/run.js:121:9)\n    at run (/Users/tristanmarvin/assessment/assessment/security-assessment/node_modules/jest-circus/build/run.js:71:3)\n    at runAndTransformResultsToJestFormat (/Users/tristanmarvin/assessment/assessment/security-assessment/node_modules/jest-circus/build/legacy-code-todo-rewrite/jestAdapterInit.js:122:21)\n    at jestAdapter (/Users/tristanmarvin/assessment/assessment/security-assessment/node_modules/jest-circus/build/legacy-code-todo-rewrite/jestAdapter.js:79:19)\n    at runTestInternal (/Users/tristanmarvin/assessment/assessment/security-assessment/node_modules/jest-runner/build/runTest.js:367:16)\n    at runTest (/Users/tristanmarvin/assessment/assessment/security-assessment/node_modules/jest-runner/build/runTest.js:444:34)\n    at Object.worker (/Users/tristanmarvin/assessment/assessment/security-assessment/node_modules/jest-runner/build/testWorker.js:106:12)","timestamp":"2025-12-13T23:27:34.564Z"}
{"code":"RESOURCE_ALLOCATION_FAILED","context":{"memory":"1g"},"error":"ResourceAllocationError","level":"warn","message":"Medium severity security assessment error Memory allocation failed","recoverable":true,"service":"security-assessment","severity":"medium","stack":"ResourceAllocationError: Memory allocation failed\n    at Object.<anonymous> (/Users/tristanmarvin/assessment/assessment/security-assessment/src/__tests__/utils/errors.test.ts:36:19)\n    at Promise.then.completed (/Users/tristanmarvin/assessment/assessment/security-assessment/node_modules/jest-circus/build/utils.js:298:28)\n    at new Promise (<anonymous>)\n    at callAsyncCircusFn (/Users/tristanmarvin/assessment/assessment/security-assessment/node_modules/jest-circus/build/utils.js:231:10)\n    at _callCircusTest (/Users/tristanmarvin/assessment/assessment/security-assessment/node_modules/jest-circus/build/run.js:316:40)\n    at processTicksAndRejections (node:internal/process/task_queues:103:5)\n    at _runTest (/Users/tristanmarvin/assessment/assessment/security-assessment/node_modules/jest-circus/build/run.js:252:3)\n    at _runTestsForDescribeBlock (/Users/tristanmarvin/assessment/assessment/security-assessment/node_modules/jest-circus/build/run.js:126:9)\n    at _runTestsForDescribeBlock (/Users/tristanmarvin/assessment/assessment/security-assessment/node_modules/jest-circus/build/run.js:121:9)\n    at run (/Users/tristanmarvin/assessment/assessment/security-assessment/node_modules/jest-circus/build/run.js:71:3)\n    at runAndTransformResultsToJestFormat (/Users/tristanmarvin/assessment/assessment/security-assessment/node_modules/jest-circus/build/legacy-code-todo-rewrite/jestAdapterInit.js:122:21)\n    at jestAdapter (/Users/tristanmarvin/assessment/assessment/security-assessment/node_modules/jest-circus/build/legacy-code-todo-rewrite/jestAdapter.js:79:19)\n    at runTestInternal (/Users/tristanmarvin/assessment/assessment/security-assessment/node_modules/jest-runner/build/runTest.js:367:16)\n    at runTest (/Users/tristanmarvin/assessment/assessment/security-assessment/node_modules/jest-runner/build/runTest.js:444:34)\n    at Object.worker (/Users/tristanmarvin/assessment/assessment/security-assessment/node_modules/jest-runner/build/testWorker.js:106:12)","timestamp":"2025-12-13T23:27:34.565Z"}
{"code":"SECURITY_VIOLATION_NETWORK","context":{"destination":"192.168.1.1","violationType":"NETWORK"},"error":"NetworkSecurityViolationError","level":"error","message":"Critical security assessment error Unauthorized network access","recoverable":false,"service":"security-assessment","severity":"critical","stack":"NetworkSecurityViolationError: Unauthorized network access\n    at Object.<anonymous> (/Users/tristanmarvin/assessment/assessment/security-assessment/src/__tests__/utils/errors.test.ts:53:19)\n    at Promise.then.completed (/Users/tristanmarvin/assessment/assessment/security-assessment/node_modules/jest-circus/build/utils.js:298:28)\n    at new Promise (<anonymous>)\n    at callAsyncCircusFn (/Users/tristanmarvin/assessment/assessment/security-assessment/node_modules/jest-circus/build/utils.js:231:10)\n    at _callCircusTest (/Users/tristanmarvin/assessment/assessment/security-assessment/node_modules/jest-circus/build/run.js:316:40)\n    at processTicksAndRejections (node:internal/process/task_queues:103:5)\n    at _runTest (/Users/tristanmarvin/assessment/assessment/security-assessment/node_modules/jest-circus/build/run.js:252:3)\n    at _runTestsForDescribeBlock (/Users/tristanmarvin/assessment/assessment/security-assessment/node_modules/jest-circus/build/run.js:126:9)\n    at _runTestsForDescribeBlock (/Users/tristanmarvin/assessment/assessment/security-assessment/node_modules/jest-circus/build/run.js:121:9)\n    at run (/Users/tristanmarvin/assessment/assessment/security-assessment/node_modules/jest-circus/build/run.js:71:3)\n    at runAndTransformResultsToJestFormat (/Users/tristanmarvin/assessment/assessment/security-assessment/node_modules/jest-circus/build/legacy-code-todo-rewrite/jestAdapterInit.js:122:21)\n    at jestAdapter (/Users/tristanmarvin/assessment/assessment/security-assessment/node_modules/jest-circus/build/legacy-code-todo-rewrite/jestAdapter.js:79:19)\n    at runTestInternal (/Users/tristanmarvin/assessment/assessment/security-assessment/node_modules/jest-runner/build/runTest.js:367:16)\n    at runTest (/Users/tristanmarvin/assessment/assessment/security-assessment/node_modules/jest-runner/build/runTest.js:444:34)\n    at Object.worker (/Users/tristanmarvin/assessment/assessment/security-assessment/node_modules/jest-runner/build/testWorker.js:106:12)","timestamp":"2025-12-13T23:27:34.568Z"}
{"code":"CONTAINER_CREATION_FAILED","error":"ContainerCreationError","level":"error","message":"High severity security assessment error Container creation failed","recoverable":true,"service":"security-assessment","severity":"high","stack":"ContainerCreationError: Container creation failed\n    at Object.<anonymous> (/Users/tristanmarvin/assessment/assessment/security-assessment/src/__tests__/utils/errors.test.ts:70:21)\n    at Promise.then.completed (/Users/tristanmarvin/assessment/assessment/security-assessment/node_modules/jest-circus/build/utils.js:298:28)\n    at new Promise (<anonymous>)\n    at callAsyncCircusFn (/Users/tristanmarvin/assessment/assessment/security-assessment/node_modules/jest-circus/build/utils.js:231:10)\n    at _callCircusTest (/Users/tristanmarvin/assessment/assessment/security-assessment/node_modules/jest-circus/build/run.js:316:40)\n    at processTicksAndRejections (node:internal/process/task_queues:103:5)\n    at _runTest (/Users/tristanmarvin/assessment/assessment/security-assessment/node_modules/jest-circus/build/run.js:252:3)\n    at _runTestsForDescribeBlock (/Users/tristanmarvin/assessment/assessment/security-assessment/node_modules/jest-circus/build/run.js:126:9)\n    at _runTestsForDescribeBlock (/Users/tristanmarvin/assessment/assessment/security-assessment/node_modules/jest-circus/build/run.js:121:9)\n    at _runTestsForDescribeBlock (/Users/tristanmarvin/assessment/assessment/security-assessment/node_modules/jest-circus/build/run.js:121:9)\n    at run (/Users/tristanmarvin/assessment/assessment/security-assessment/node_modules/jest-circus/build/run.js:71:3)\n    at runAndTransformResultsToJestFormat (/Users/tristanmarvin/assessment/assessment/security-assessment/node_modules/jest-circus/build/legacy-code-todo-rewrite/jestAdapterInit.js:122:21)\n    at jestAdapter (/Users/tristanmarvin/assessment/assessment/security-assessment/node_modules/jest-circus/build/legacy-code-todo-rewrite/jestAdapter.js:79:19)\n    at runTestInternal (/Users/tristanmarvin/assessment/assessment/security-assessment/node_modules/jest-runner/build/runTest.js:367:16)\n    at runTest (/Users/tristanmarvin/assessment/assessment/security-assessment/node_modules/jest-runner/build/runTest.js:444:34)\n    at Object.worker (/Users/tristanmarvin/assessment/assessment/security-assessment/node_modules/jest-runner/build/testWorker.js:106:12)","timestamp":"2025-12-13T23:27:34.570Z"}
{"code":"SECURITY_VIOLATION_NETWORK","context":{"violationType":"NETWORK"},"error":"SecurityViolationError","level":"error","message":"Critical security assessment error Security violation","recoverable":false,"service":"security-assessment","severity":"critical","stack":"SecurityViolationError: Security violation\n    at Object.<anonymous> (/Users/tristanmarvin/assessment/assessment/security-assessment/src/__tests__/utils/errors.test.ts:75:21)\n    at Promise.then.completed (/Users/tristanmarvin/assessment/assessment/security-assessment/node_modules/jest-circus/build/utils.js:298:28)\n    at new Promise (<anonymous>)\n    at callAsyncCircusFn (/Users/tristanmarvin/assessment/assessment/security-assessment/node_modules/jest-circus/build/utils.js:231:10)\n    at _callCircusTest (/Users/tristanmarvin/assessment/assessment/security-assessment/node_modules/jest-circus/build/run.js:316:40)\n    at processTicksAndRejections (node:internal/process/task_queues:103:5)\n    at _runTest (/Users/tristanmarvin/assessment/assessment/security-assessment/node_modules/jest-circus/build/run.js:252:3)\n    at _runTestsForDescribeBlock (/Users/tristanmarvin/assessment/assessment/security-assessment/node_modules/jest-circus/build/run.js:126:9)\n    at _runTestsForDescribeBlock (/Users/tristanmarvin/assessment/assessment/security-assessment/node_modules/jest-circus/build/run.js:121:9)\n    at _runTestsForDescribeBlock (/Users/tristanmarvin/assessment/assessment/security-assessment/node_modules/jest-circus/build/run.js:121:9)\n    at run (/Users/tristanmarvin/assessment/assessment/security-assessment/node_modules/jest-circus/build/run.js:71:3)\n    at runAndTransformResultsToJestFormat (/Users/tristanmarvin/assessment/assessment/security-assessment/node_modules/jest-circus/build/legacy-code-todo-rewrite/jestAdapterInit.js:122:21)\n    at jestAdapter (/Users/tristanmarvin/assessment/assessment/security-assessment/node_modules/jest-circus/build/legacy-code-todo-rewrite/jestAdapter.js:79:19)\n    at runTestInternal (/Users/tristanmarvin/assessment/assessment/security-assessment/node_modules/jest-runner/build/runTest.js:367:16)\n    at runTest (/Users/tristanmarvin/assessment/assessment/security-assessment/node_modules/jest-runner/build/runTest.js:444:34)\n    at Object.worker (/Users/tristanmarvin/assessment/assessment/security-assessment/node_modules/jest-runner/build/testWorker.js:106:12)","timestamp":"2025-12-13T23:27:34.571Z"}
{"code":"SECURITY_VIOLATION_FILESYSTEM","context":{"violationType":"FILESYSTEM"},"error":"SecurityViolationError","level":"error","message":"Critical security assessment error Security violation","recoverable":false,"service":"security-assessment","severity":"critical","stack":"SecurityViolationError: Security violation\n    at Object.<anonymous> (/Users/tristanmarvin/assessment/assessment/security-assessment/src/__tests__/utils/errors.test.ts:113:21)\n    at Promise.then.completed (/Users/tristanmarvin/assessment/assessment/security-assessment/node_modules/jest-circus/build/utils.js:298:28)\n    at new Promise (<anonymous>)\n    at callAsyncCircusFn (/Users/tristanmarvin/assessment/assessment/security-assessment/node_modules/jest-circus/build/utils.js:231:10)\n    at _callCircusTest (/Users/tristanmarvin/assessment/assessment/security-assessment/node_modules/jest-circus/build/run.js:316:40)\n    at processTicksAndRejections (node:internal/process/task_queues:103:5)\n    at _runTest (/Users/tristanmarvin/assessment/assessment/security-assessment/node_modules/jest-circus/build/run.js:252:3)\n    at _runTestsForDescribeBlock (/Users/tristanmarvin/assessment/assessment/security-assessment/node_modules/jest-circus/build/run.js:126:9)\n    at _runTestsForDescribeBlock (/Users/tristanmarvin/assessment/assessment/security-assessment/node_modules/jest-circus/build/run.js:121:9)\n    at _runTestsForDescribeBlock (/Users/tristanmarvin/assessment/assessment/security-assessment/node_modules/jest-circus/build/run.js:121:9)\n    at run (/Users/tristanmarvin/assessment/assessment/security-assessment/node_modules/jest-circus/build/run.js:71:3)\n    at runAndTransformResultsToJestFormat (/Users/tristanmarvin/assessment/assessment/security-assessment/node_modules/jest-circus/build/legacy-code-todo-rewrite/jestAdapterInit.js:122:21)\n    at jestAdapter (/Users/tristanmarvin/assessment/assessment/security-assessment/node_modules/jest-circus/build/legacy-code-todo-rewrite/jestAdapter.js:79:19)\n    at runTestInternal (/Users/tristanmarvin/assessment/assessment/security-assessment/node_modules/jest-runner/build/runTest.js:367:16)\n    at runTest (/Users/tristanmarvin/assessment/assessment/security-assessment/node_modules/jest-runner/build/runTest.js:444:34)\n    at Object.worker (/Users/tristanmarvin/assessment/assessment/security-assessment/node_modules/jest-runner/build/testWorker.js:106:12)","timestamp":"2025-12-13T23:27:34.577Z"}
{"code":"CONTAINER_CREATION_FAILED","error":"ContainerCreationError","level":"error","message":"High severity security assessment error Container creation failed","recoverable":true,"service":"security-assessment","severity":"high","stack":"ContainerCreationError: Container creation failed\n    at Object.<anonymous> (/Users/tristanmarvin/assessment/assessment/security-assessment/src/__tests__/utils/errors.test.ts:118:21)\n    at Promise.then.completed (/Users/tristanmarvin/assessment/assessment/security-assessment/node_modules/jest-circus/build/utils.js:298:28)\n    at new Promise (<anonymous>)\n    at callAsyncCircusFn (/Users/tristanmarvin/assessment/assessment/security-assessment/node_modules/jest-circus/build/utils.js:231:10)\n    at _callCircusTest (/Users/tristanmarvin/assessment/assessment/security-assessment/node_modules/jest-circus/build/run.js:316:40)\n    at processTicksAndRejections (node:internal/process/task_queues:103:5)\n    at _runTest (/Users/tristanmarvin/assessment/assessment/security-assessment/node_modules/jest-circus/build/run.js:252:3)\n    at _runTestsForDescribeBlock (/Users/tristanmarvin/assessment/assessment/security-assessment/node_modules/jest-circus/build/run.js:126:9)\n    at _runTestsForDescribeBlock (/Users/tristanmarvin/assessment/assessment/security-assessment/node_modules/jest-circus/build/run.js:121:9)\n    at _runTestsForDescribeBlock (/Users/tristanmarvin/assessment/assessment/security-assessment/node_modules/jest-circus/build/run.js:121:9)\n    at run (/Users/tristanmarvin/assessment/assessment/security-assessment/node_modules/jest-circus/build/run.js:71:3)\n    at runAndTransformResultsToJestFormat (/Users/tristanmarvin/assessment/assessment/security-assessment/node_modules/jest-circus/build/legacy-code-todo-rewrite/jestAdapterInit.js:122:21)\n    at jestAdapter (/Users/tristanmarvin/assessment/assessment/security-assessment/node_modules/jest-circus/build/legacy-code-todo-rewrite/jestAdapter.js:79:19)\n    at runTestInternal (/Users/tristanmarvin/assessment/assessment/security-assessment/node_modules/jest-runner/build/runTest.js:367:16)\n    at runTest (/Users/tristanmarvin/assessment/assessment/security-assessment/node_modules/jest-runner/build/runTest.js:444:34)\n    at Object.worker (/Users/tristanmarvin/assessment/assessment/security-assessment/node_modules/jest-runner/build/testWorker.js:106:12)","timestamp":"2025-12-13T23:27:34.579Z"}
{"code":"CONTAINER_CREATION_FAILED","error":"ContainerCreationError","level":"error","message":"High severity security assessment error Container creation failed","recoverable":true,"service":"security-assessment","severity":"high","stack":"ContainerCreationError: Container creation failed\n    at Object.<anonymous> (/Users/tristanmarvin/assessment/assessment/security-assessment/src/__tests__/utils/errors.test.ts:125:21)\n    at Promise.then.completed (/Users/tristanmarvin/assessment/assessment/security-assessment/node_modules/jest-circus/build/utils.js:298:28)\n    at new Promise (<anonymous>)\n    at callAsyncCircusFn (/Users/tristanmarvin/assessment/assessment/security-assessment/node_modules/jest-circus/build/utils.js:231:10)\n    at _callCircusTest (/Users/tristanmarvin/assessment/assessment/security-assessment/node_modules/jest-circus/build/run.js:316:40)\n    at processTicksAndRejections (node:internal/process/task_queues:103:5)\n    at _runTest (/Users/tristanmarvin/assessment/assessment/security-assessment/node_modules/jest-circus/build/run.js:252:3)\n    at _runTestsForDescribeBlock (/Users/tristanmarvin/assessment/assessment/security-assessment/node_modules/jest-circus/build/run.js:126:9)\n    at _runTestsForDescribeBlock (/Users/tristanmarvin/assessment/assessment/security-assessment/node_modules/jest-circus/build/run.js:121:9)\n    at _runTestsForDescribeBlock (/Users/tristanmarvin/assessment/assessment/security-assessment/node_modules/jest-circus/build/run.js:121:9)\n    at run (/Users/tristanmarvin/assessment/assessment/security-assessment/node_modules/jest-circus/build/run.js:71:3)\n    at runAndTransformResultsToJestFormat (/Users/tristanmarvin/assessment/assessment/security-assessment/node_modules/jest-circus/build/legacy-code-todo-rewrite/jestAdapterInit.js:122:21)\n    at jestAdapter (/Users/tristanmarvin/assessment/assessment/security-assessment/node_modules/jest-circus/build/legacy-code-todo-rewrite/jestAdapter.js:79:19)\n    at runTestInternal (/Users/tristanmarvin/assessment/assessment/security-assessment/node_modules/jest-runner/build/runTest.js:367:16)\n    at runTest (/Users/tristanmarvin/assessment/assessment/security-assessment/node_modules/jest-runner/build/runTest.js:444:34)\n    at Object.worker (/Users/tristanmarvin/assessment/assessment/security-assessment/node_modules/jest-runner/build/testWorker.js:106:12)","timestamp":"2025-12-13T23:27:34.584Z"}
{"code":"CONTAINER_CREATION_FAILED","error":"ContainerCreationError","level":"error","message":"High severity security assessment error Container creation failed","recoverable":true,"service":"security-assessment","severity":"high","stack":"ContainerCreationError: Container creation failed\n    at Object.<anonymous> (/Users/tristanmarvin/assessment/assessment/security-assessment/src/__tests__/utils/errors.test.ts:142:29)\n    at Promise.then.completed (/Users/tristanmarvin/assessment/assessment/security-assessment/node_modules/jest-circus/build/utils.js:298:28)\n    at new Promise (<anonymous>)\n    at callAsyncCircusFn (/Users/tristanmarvin/assessment/assessment/security-assessment/node_modules/jest-circus/build/utils.js:231:10)\n    at _callCircusTest (/Users/tristanmarvin/assessment/assessment/security-assessment/node_modules/jest-circus/build/run.js:316:40)\n    at processTicksAndRejections (node:internal/process/task_queues:103:5)\n    at _runTest (/Users/tristanmarvin/assessment/assessment/security-assessment/node_modules/jest-circus/build/run.js:252:3)\n    at _runTestsForDescribeBlock (/Users/tristanmarvin/assessment/assessment/security-assessment/node_modules/jest-circus/build/run.js:126:9)\n    at _runTestsForDescribeBlock (/Users/tristanmarvin/assessment/assessment/security-assessment/node_modules/jest-circus/build/run.js:121:9)\n    at _runTestsForDescribeBlock (/Users/tristanmarvin/assessment/assessment/security-assessment/node_modules/jest-circus/build/run.js:121:9)\n    at run (/Users/tristanmarvin/assessment/assessment/security-assessment/node_modules/jest-circus/build/run.js:71:3)\n    at runAndTransformResultsToJestFormat (/Users/tristanmarvin/assessment/assessment/security-assessment/node_modules/jest-circus/build/legacy-code-todo-rewrite/jestAdapterInit.js:122:21)\n    at jestAdapter (/Users/tristanmarvin/assessment/assessment/security-assessment/node_modules/jest-circus/build/legacy-code-todo-rewrite/jestAdapter.js:79:19)\n    at runTestInternal (/Users/tristanmarvin/assessment/assessment/security-assessment/node_modules/jest-runner/build/runTest.js:367:16)\n    at runTest (/Users/tristanmarvin/assessment/assessment/security-assessment/node_modules/jest-runner/build/runTest.js:444:34)\n    at Object.worker (/Users/tristanmarvin/assessment/assessment/security-assessment/node_modules/jest-runner/build/testWorker.js:106:12)","timestamp":"2025-12-13T23:27:34.585Z"}
{"code":"CONTAINER_CREATION_FAILED","context":{"containerId":"test-123","originalError":"Failed to create container: image not found"},"error":"ContainerCreationError","level":"error","message":"High severity security assessment error Failed to create container: image not found","recoverable":true,"service":"security-assessment","severity":"high","stack":"ContainerCreationError: Failed to create container: image not found\n    at ErrorHandler.createFromGenericError (/Users/tristanmarvin/assessment/assessment/security-assessment/src/utils/errors.ts:310:14)\n    at Object.<anonymous> (/Users/tristanmarvin/assessment/assessment/security-assessment/src/__tests__/utils/errors.test.ts:149:35)\n    at Promise.then.completed (/Users/tristanmarvin/assessment/assessment/security-assessment/node_modules/jest-circus/build/utils.js:298:28)\n    at new Promise (<anonymous>)\n    at callAsyncCircusFn (/Users/tristanmarvin/assessment/assessment/security-assessment/node_modules/jest-circus/build/utils.js:231:10)\n    at _callCircusTest (/Users/tristanmarvin/assessment/assessment/security-assessment/node_modules/jest-circus/build/run.js:316:40)\n    at processTicksAndRejections (node:internal/process/task_queues:103:5)\n    at _runTest (/Users/tristanmarvin/assessment/assessment/security-assessment/node_modules/jest-circus/build/run.js:252:3)\n    at _runTestsForDescribeBlock (/Users/tristanmarvin/assessment/assessment/security-assessment/node_modules/jest-circus/build/run.js:126:9)\n    at _runTestsForDescribeBlock (/Users/tristanmarvin/assessment/assessment/security-assessment/node_modules/jest-circus/build/run.js:121:9)\n    at _runTestsForDescribeBlock (/Users/tristanmarvin/assessment/assessment/security-assessment/node_modules/jest-circus/build/run.js:121:9)\n    at run (/Users/tristanmarvin/assessment/assessment/security-assessment/node_modules/jest-circus/build/run.js:71:3)\n    at runAndTransformResultsToJestFormat (/Users/tristanmarvin/assessment/assessment/security-assessment/node_modules/jest-circus/build/legacy-code-todo-rewrite/jestAdapterInit.js:122:21)\n    at jestAdapter (/Users/tristanmarvin/assessment/assessment/security-assessment/node_modules/jest-circus/build/legacy-code-todo-rewrite/jestAdapter.js:79:19)\n    at runTestInternal (/Users/tristanmarvin/assessment/assessment/security-assessment/node_modules/jest-runner/build/runTest.js:367:16)\n    at runTest (/Users/tristanmarvin/assessment/assessment/security-assessment/node_modules/jest-runner/build/runTest.js:444:34)\n    at Object.worker (/Users/tristanmarvin/assessment/assessment/security-assessment/node_modules/jest-runner/build/testWorker.js:106:12)","timestamp":"2025-12-13T23:27:34.587Z"}
{"code":"RESOURCE_ALLOCATION_FAILED","context":{"originalError":"Insufficient memory available"},"error":"ResourceAllocationError","level":"warn","message":"Medium severity security assessment error Insufficient memory available","recoverable":true,"service":"security-assessment","severity":"medium","stack":"ResourceAllocationError: Insufficient memory available\n    at ErrorHandler.createFromGenericError (/Users/tristanmarvin/assessment/assessment/security-assessment/src/utils/errors.ts:314:14)\n    at Object.<anonymous> (/Users/tristanmarvin/assessment/assessment/security-assessment/src/__tests__/utils/errors.test.ts:158:35)\n    at Promise.then.completed (/Users/tristanmarvin/assessment/assessment/security-assessment/node_modules/jest-circus/build/utils.js:298:28)\n    at new Promise (<anonymous>)\n    at callAsyncCircusFn (/Users/tristanmarvin/assessment/assessment/security-assessment/node_modules/jest-circus/build/utils.js:231:10)\n    at _callCircusTest (/Users/tristanmarvin/assessment/assessment/security-assessment/node_modules/jest-circus/build/run.js:316:40)\n    at processTicksAndRejections (node:internal/process/task_queues:103:5)\n    at _runTest (/Users/tristanmarvin/assessment/assessment/security-assessment/node_modules/jest-circus/build/run.js:252:3)\n    at _runTestsForDescribeBlock (/Users/tristanmarvin/assessment/assessment/security-assessment/node_modules/jest-circus/build/run.js:126:9)\n    at _runTestsForDescribeBlock (/Users/tristanmarvin/assessment/assessment/security-assessment/node_modules/jest-circus/build/run.js:121:9)\n    at _runTestsForDescribeBlock (/Users/tristanmarvin/assessment/assessment/security-assessment/node_modules/jest-circus/build/run.js:121:9)\n    at run (/Users/tristanmarvin/assessment/assessment/security-assessment/node_modules/jest-circus/build/run.js:71:3)\n    at runAndTransformResultsToJestFormat (/Users/tristanmarvin/assessment/assessment/security-assessment/node_modules/jest-circus/build/legacy-code-todo-rewrite/jestAdapterInit.js:122:21)\n    at jestAdapter (/Users/tristanmarvin/assessment/assessment/security-assessment/node_modules/jest-circus/build/legacy-code-todo-rewrite/jestAdapter.js:79:19)\n    at runTestInternal (/Users/tristanmarvin/assessment/assessment/security-assessment/node_modules/jest-runner/build/runTest.js:367:16)\n    at runTest (/Users/tristanmarvin/assessment/assessment/security-assessment/node_modules/jest-runner/build/runTest.js:444:34)\n    at Object.worker (/Users/tristanmarvin/assessment/assessment/security-assessment/node_modules/jest-runner/build/testWorker.js:106:12)","timestamp":"2025-12-13T23:27:34.615Z"}
{"code":"ANALYSIS_FAILED","context":{"originalError":"Unknown error occurred"},"error":"AnalysisError","level":"warn","message":"Medium severity security assessment error Unknown error occurred","recoverable":true,"service":"security-assessment","severity":"medium","stack":"AnalysisError: Unknown error occurred\n    at ErrorHandler.createFromGenericError (/Users/tristanmarvin/assessment/assessment/security-assessment/src/utils/errors.ts:326:12)\n    at Object.<anonymous> (/Users/tristanmarvin/assessment/assessment/security-assessment/src/__tests__/utils/errors.test.ts:165:35)\n    at Promise.then.completed (/Users/tristanmarvin/assessment/assessment/security-assessment/node_modules/jest-circus/build/utils.js:298:28)\n    at new Promise (<anonymous>)\n    at callAsyncCircusFn (/Users/tristanmarvin/assessment/assessment/security-assessment/node_modules/jest-circus/build/utils.js:231:10)\n    at _callCircusTest (/Users/tristanmarvin/assessment/assessment/security-assessment/node_modules/jest-circus/build/run.js:316:40)\n    at processTicksAndRejections (node:internal/process/task_queues:103:5)\n    at _runTest (/Users/tristanmarvin/assessment/assessment/security-assessment/node_modules/jest-circus/build/run.js:252:3)\n    at _runTestsForDescribeBlock (/Users/tristanmarvin/assessment/assessment/security-assessment/node_modules/jest-circus/build/run.js:126:9)\n    at _runTestsForDescribeBlock (/Users/tristanmarvin/assessment/assessment/security-assessment/node_modules/jest-circus/build/run.js:121:9)\n    at _runTestsForDescribeBlock (/Users/tristanmarvin/assessment/assessment/security-assessment/node_modules/jest-circus/build/run.js:121:9)\n    at run (/Users/tristanmarvin/assessment/assessment/security-assessment/node_modules/jest-circus/build/run.js:71:3)\n    at runAndTransformResultsToJestFormat (/Users/tristanmarvin/assessment/assessment/security-assessment/node_modules/jest-circus/build/legacy-code-todo-rewrite/jestAdapterInit.js:122:21)\n    at jestAdapter (/Users/tristanmarvin/assessment/assessment/security-assessment/node_modules/jest-circus/build/legacy-code-todo-rewrite/jestAdapter.js:79:19)\n    at runTestInternal (/Users/tristanmarvin/assessment/assessment/security-assessment/node_modules/jest-runner/build/runTest.js:367:16)\n    at runTest (/Users/tristanmarvin/assessment/assessment/security-assessment/node_modules/jest-runner/build/runTest.js:444:34)\n    at Object.worker (/Users/tristanmarvin/assessment/assessment/security-assessment/node_modules/jest-runner/build/testWorker.js:106:12)","timestamp":"2025-12-13T23:27:34.622Z"}
{"code":"CONTAINER_CREATION_FAILED","error":"ContainerCreationError","level":"error","message":"High severity security assessment error Container creation failed","recoverable":true,"service":"security-assessment","severity":"high","stack":"ContainerCreationError: Container creation failed\n    at Object.<anonymous> (/Users/tristanmarvin/assessment/assessment/security-assessment/src/__tests__/utils/errors.test.ts:173:21)\n    at Promise.then.completed (/Users/tristanmarvin/assessment/assessment/security-assessment/node_modules/jest-circus/build/utils.js:298:28)\n    at new Promise (<anonymous>)\n    at callAsyncCircusFn (/Users/tristanmarvin/assessment/assessment/security-assessment/node_modules/jest-circus/build/utils.js:231:10)\n    at _callCircusTest (/Users/tristanmarvin/assessment/assessment/security-assessment/node_modules/jest-circus/build/run.js:316:40)\n    at processTicksAndRejections (node:internal/process/task_queues:103:5)\n    at _runTest (/Users/tristanmarvin/assessment/assessment/security-assessment/node_modules/jest-circus/build/run.js:252:3)\n    at _runTestsForDescribeBlock (/Users/tristanmarvin/assessment/assessment/security-assessment/node_modules/jest-circus/build/run.js:126:9)\n    at _runTestsForDescribeBlock (/Users/tristanmarvin/assessment/assessment/security-assessment/node_modules/jest-circus/build/run.js:121:9)\n    at _runTestsForDescribeBlock (/Users/tristanmarvin/assessment/assessment/security-assessment/node_modules/jest-circus/build/run.js:121:9)\n    at run (/Users/tristanmarvin/assessment/assessment/security-assessment/node_modules/jest-circus/build/run.js:71:3)\n    at runAndTransformResultsToJestFormat (/Users/tristanmarvin/assessment/assessment/security-assessment/node_modules/jest-circus/build/legacy-code-todo-rewrite/jestAdapterInit.js:122:21)\n    at jestAdapter (/Users/tristanmarvin/assessment/assessment/security-assessment/node_modules/jest-circus/build/legacy-code-todo-rewrite/jestAdapter.js:79:19)\n    at runTestInternal (/Users/tristanmarvin/assessment/assessment/security-assessment/node_modules/jest-runner/build/runTest.js:367:16)\n    at runTest (/Users/tristanmarvin/assessment/assessment/security-assessment/node_modules/jest-runner/build/runTest.js:444:34)\n    at Object.worker (/Users/tristanmarvin/assessment/assessment/security-assessment/node_modules/jest-runner/build/testWorker.js:106:12)","timestamp":"2025-12-13T23:27:34.627Z"}
{"code":"CONTAINER_CREATION_FAILED","context":{"containerId":"test-123"},"error":"ContainerCreationError","level":"error","message":"High severity security assessment error Container creation failed","recoverable":true,"service":"security-assessment","severity":"high","stack":"ContainerCreationError: Container creation failed\n    at Object.<anonymous> (/Users/tristanmarvin/assessment/assessment/security-assessment/src/__tests__/utils/errors.test.ts:182:21)\n    at Promise.then.completed (/Users/tristanmarvin/assessment/assessment/security-assessment/node_modules/jest-circus/build/utils.js:298:28)\n    at new Promise (<anonymous>)\n    at callAsyncCircusFn (/Users/tristanmarvin/assessment/assessment/security-assessment/node_modules/jest-circus/build/utils.js:231:10)\n    at _callCircusTest (/Users/tristanmarvin/assessment/assessment/security-assessment/node_modules/jest-circus/build/run.js:316:40)\n    at processTicksAndRejections (node:internal/process/task_queues:103:5)\n    at _runTest (/Users/tristanmarvin/assessment/assessment/security-assessment/node_modules/jest-circus/build/run.js:252:3)\n    at _runTestsForDescribeBlock (/Users/tristanmarvin/assessment/assessment/security-assessment/node_modules/jest-circus/build/run.js:126:9)\n    at _runTestsForDescribeBlock (/Users/tristanmarvin/assessment/assessment/security-assessment/node_modules/jest-circus/build/run.js:121:9)\n    at _runTestsForDescribeBlock (/Users/tristanmarvin/assessment/assessment/security-assessment/node_modules/jest-circus/build/run.js:121:9)\n    at run (/Users/tristanmarvin/assessment/assessment/security-assessment/node_modules/jest-circus/build/run.js:71:3)\n    at runAndTransformResultsToJestFormat (/Users/tristanmarvin/assessment/assessment/security-assessment/node_modules/jest-circus/build/legacy-code-todo-rewrite/jestAdapterInit.js:122:21)\n    at jestAdapter (/Users/tristanmarvin/assessment/assessment/security-assessment/node_modules/jest-circus/build/legacy-code-todo-rewrite/jestAdapter.js:79:19)\n    at runTestInternal (/Users/tristanmarvin/assessment/assessment/security-assessment/node_modules/jest-runner/build/runTest.js:367:16)\n    at runTest (/Users/tristanmarvin/assessment/assessment/security-assessment/node_modules/jest-runner/build/runTest.js:444:34)\n    at Object.worker (/Users/tristanmarvin/assessment/assessment/security-assessment/node_modules/jest-runner/build/testWorker.js:106:12)","timestamp":"2025-12-13T23:27:34.634Z"}
{"attempts":1,"duration":3,"level":"info","message":"test-operation succeeded on attempt 1","service":"security-assessment","timestamp":"2025-12-13T23:27:34.888Z"}
{"attempt":1,"error":"First failure","level":"warn","maxAttempts":3,"message":"test-operation failed on attempt 1","service":"security-assessment","timestamp":"2025-12-13T23:27:34.894Z"}
{"attempt":2,"error":"Second failure","level":"warn","maxAttempts":3,"message":"test-operation failed on attempt 2","service":"security-assessment","timestamp":"2025-12-13T23:27:34.932Z"}
{"attempts":3,"duration":59,"level":"info","message":"test-operation succeeded on attempt 3","service":"security-assessment","timestamp":"2025-12-13T23:27:34.953Z"}
{"attempt":1,"error":"Persistent failure","level":"warn","maxAttempts":2,"message":"test-operation failed on attempt 1","service":"security-assessment","timestamp":"2025-12-13T23:27:34.954Z"}
{"attempt":2,"error":"Persistent failure","level":"warn","maxAttempts":2,"message":"test-operation failed on attempt 2","service":"security-assessment","timestamp":"2025-12-13T23:27:34.964Z"}
{"attempts":2,"duration":27,"error":"Persistent failure","level":"error","message":"test-operation failed after 2 attempts","service":"security-assessment","timestamp":"2025-12-13T23:27:34.985Z"}
{"attempt":1,"error":"Non-retryable error","level":"warn","maxAttempts":3,"message":"test-operation failed on attempt 1","service":"security-assessment","timestamp":"2025-12-13T23:27:34.988Z"}
{"attempt":1,"error":"Non-retryable error","level":"info","message":"test-operation failed with non-retryable error","service":"security-assessment","timestamp":"2025-12-13T23:27:34.989Z"}
{"attempts":3,"duration":1,"error":"Non-retryable error","level":"error","message":"test-operation failed after 3 attempts","service":"security-assessment","timestamp":"2025-12-13T23:27:34.989Z"}
{"attempt":1,"error":"First failure","level":"warn","maxAttempts":2,"message":"test-operation failed on attempt 1","service":"security-assessment","timestamp":"2025-12-13T23:27:35.049Z"}
{"attempts":2,"duration":12,"level":"info","message":"test-operation succeeded on attempt 2","service":"security-assessment","timestamp":"2025-12-13T23:27:35.060Z"}
{"attempt":1,"error":"First failure","level":"warn","maxAttempts":2,"message":"test-operation failed on attempt 1","service":"security-assessment","timestamp":"2025-12-13T23:27:35.064Z"}
{"error":{},"level":"warn","message":"Error in retry callback","service":"security-assessment","timestamp":"2025-12-13T23:27:35.064Z"}
{"attempts":2,"duration":12,"level":"info","message":"test-operation succeeded on attempt 2","service":"security-assessment","timestamp":"2025-12-13T23:27:35.076Z"}
{"failures":2,"level":"warn","message":"Circuit breaker opened for test","service":"security-assessment","threshold":2,"timestamp":"2025-12-13T23:27:35.090Z"}
{"failures":2,"level":"warn","message":"Circuit breaker opened for test","service":"security-assessment","threshold":2,"timestamp":"2025-12-13T23:27:35.091Z"}
{"failures":2,"level":"warn","message":"Circuit breaker opened for test","service":"security-assessment","threshold":2,"timestamp":"2025-12-13T23:27:35.098Z"}
{"level":"info","message":"Circuit breaker transitioning to half-open for test","service":"security-assessment","timestamp":"2025-12-13T23:27:35.114Z"}
{"code":"CONTAINER_CREATION_FAILED","error":"ContainerCreationError","level":"error","message":"High severity security assessment error Test error","recoverable":true,"service":"security-assessment","severity":"high","stack":"ContainerCreationError: Test error\n    at Object.<anonymous> (/Users/tristanmarvin/assessment/assessment/security-assessment/src/__tests__/utils/recovery.test.ts:60:21)\n    at Promise.then.completed (/Users/tristanmarvin/assessment/assessment/security-assessment/node_modules/jest-circus/build/utils.js:298:28)\n    at new Promise (<anonymous>)\n    at callAsyncCircusFn (/Users/tristanmarvin/assessment/assessment/security-assessment/node_modules/jest-circus/build/utils.js:231:10)\n    at _callCircusTest (/Users/tristanmarvin/assessment/assessment/security-assessment/node_modules/jest-circus/build/run.js:316:40)\n    at processTicksAndRejections (node:internal/process/task_queues:103:5)\n    at _runTest (/Users/tristanmarvin/assessment/assessment/security-assessment/node_modules/jest-circus/build/run.js:252:3)\n    at _runTestsForDescribeBlock (/Users/tristanmarvin/assessment/assessment/security-assessment/node_modules/jest-circus/build/run.js:126:9)\n    at _runTestsForDescribeBlock (/Users/tristanmarvin/assessment/assessment/security-assessment/node_modules/jest-circus/build/run.js:121:9)\n    at _runTestsForDescribeBlock (/Users/tristanmarvin/assessment/assessment/security-assessment/node_modules/jest-circus/build/run.js:121:9)\n    at run (/Users/tristanmarvin/assessment/assessment/security-assessment/node_modules/jest-circus/build/run.js:71:3)\n    at runAndTransformResultsToJestFormat (/Users/tristanmarvin/assessment/assessment/security-assessment/node_modules/jest-circus/build/legacy-code-todo-rewrite/jestAdapterInit.js:122:21)\n    at jestAdapter (/Users/tristanmarvin/assessment/assessment/security-assessment/node_modules/jest-circus/build/legacy-code-todo-rewrite/jestAdapter.js:79:19)\n    at runTestInternal (/Users/tristanmarvin/assessment/assessment/security-assessment/node_modules/jest-runner/build/runTest.js:367:16)\n    at runTest (/Users/tristanmarvin/assessment/assessment/security-assessment/node_modules/jest-runner/build/runTest.js:444:34)\n    at Object.worker (/Users/tristanmarvin/assessment/assessment/security-assessment/node_modules/jest-runner/build/testWorker.js:106:12)","timestamp":"2025-12-13T23:27:35.193Z"}
{"containerId":"test-container","errorCode":"CONTAINER_CREATION_FAILED","level":"info","message":"Attempting error recovery","recoveryAttempts":5,"service":"security-assessment","timestamp":"2025-12-13T23:27:35.241Z"}
{"code":"CONTAINER_CREATION_FAILED","error":"ContainerCreationError","level":"error","message":"High severity security assessment error Test error","recoverable":true,"service":"security-assessment","severity":"high","stack":"ContainerCreationError: Test error\n    at Object.<anonymous> (/Users/tristanmarvin/assessment/assessment/security-assessment/src/__tests__/utils/recovery.test.ts:77:21)\n    at Promise.then.completed (/Users/tristanmarvin/assessment/assessment/security-assessment/node_modules/jest-circus/build/utils.js:298:28)\n    at new Promise (<anonymous>)\n    at callAsyncCircusFn (/Users/tristanmarvin/assessment/assessment/security-assessment/node_modules/jest-circus/build/utils.js:231:10)\n    at _callCircusTest (/Users/tristanmarvin/assessment/assessment/security-assessment/node_modules/jest-circus/build/run.js:316:40)\n    at processTicksAndRejections (node:internal/process/task_queues:103:5)\n    at _runTest (/Users/tristanmarvin/assessment/assessment/security-assessment/node_modules/jest-circus/build/run.js:252:3)\n    at _runTestsForDescribeBlock (/Users/tristanmarvin/assessment/assessment/security-assessment/node_modules/jest-circus/build/run.js:126:9)\n    at _runTestsForDescribeBlock (/Users/tristanmarvin/assessment/assessment/security-assessment/node_modules/jest-circus/build/run.js:121:9)\n    at _runTestsForDescribeBlock (/Users/tristanmarvin/assessment/assessment/security-assessment/node_modules/jest-circus/build/run.js:121:9)\n    at run (/Users/tristanmarvin/assessment/assessment/security-assessment/node_modules/jest-circus/build/run.js:71:3)\n    at runAndTransformResultsToJestFormat (/Users/tristanmarvin/assessment/assessment/security-assessment/node_modules/jest-circus/build/legacy-code-todo-rewrite/jestAdapterInit.js:122:21)\n    at jestAdapter (/Users/tristanmarvin/assessment/assessment/security-assessment/node_modules/jest-circus/build/legacy-code-todo-rewrite/jestAdapter.js:79:19)\n    at runTestInternal (/Users/tristanmarvin/assessment/assessment/security-assessment/node_modules/jest-runner/build/runTest.js:367:16)\n    at runTest (/Users/tristanmarvin/assessment/assessment/security-assessment/node_modules/jest-runner/build/runTest.js:444:34)\n    at Object.worker (/Users/tristanmarvin/assessment/assessment/security-assessment/node_modules/jest-runner/build/testWorker.js:106:12)","timestamp":"2025-12-13T23:27:35.244Z"}
{"containerId":"test-container","errorCode":"CONTAINER_CREATION_FAILED","level":"info","message":"Attempting error recovery","recoveryAttempts":1,"service":"security-assessment","timestamp":"2025-12-13T23:27:35.245Z"}
{"containerId":"test-container","errorCode":"CONTAINER_CREATION_FAILED","level":"info","message":"Attempting recovery with strategy: container-recreation","service":"security-assessment","timestamp":"2025-12-13T23:27:35.246Z"}
{"containerId":"test-container","errorCode":"CONTAINER_CREATION_FAILED","level":"info","message":"Recovery successful with strategy: container-recreation","service":"security-assessment","timestamp":"2025-12-13T23:27:35.246Z"}
{"level":"info","message":"Registered recovery strategy: custom-strategy","service":"security-assessment","timestamp":"2025-12-13T23:27:35.247Z"}
{"code":"CUSTOM_ERROR","error":"CustomError","level":"warn","message":"Medium severity security assessment error Custom error","recoverable":true,"service":"security-assessment","severity":"medium","stack":"CustomError: Custom error\n    at Object.<anonymous> (/Users/tristanmarvin/assessment/assessment/security-assessment/src/__tests__/utils/recovery.test.ts:113:21)\n    at Promise.then.completed (/Users/tristanmarvin/assessment/assessment/security-assessment/node_modules/jest-circus/build/utils.js:298:28)\n    at new Promise (<anonymous>)\n    at callAsyncCircusFn (/Users/tristanmarvin/assessment/assessment/security-assessment/node_modules/jest-circus/build/utils.js:231:10)\n    at _callCircusTest (/Users/tristanmarvin/assessment/assessment/security-assessment/node_modules/jest-circus/build/run.js:316:40)\n    at processTicksAndRejections (node:internal/process/task_queues:103:5)\n    at _runTest (/Users/tristanmarvin/assessment/assessment/security-assessment/node_modules/jest-circus/build/run.js:252:3)\n    at _runTestsForDescribeBlock (/Users/tristanmarvin/assessment/assessment/security-assessment/node_modules/jest-circus/build/run.js:126:9)\n    at _runTestsForDescribeBlock (/Users/tristanmarvin/assessment/assessment/security-assessment/node_modules/jest-circus/build/run.js:121:9)\n    at _runTestsForDescribeBlock (/Users/tristanmarvin/assessment/assessment/security-assessment/node_modules/jest-circus/build/run.js:121:9)\n    at run (/Users/tristanmarvin/assessment/assessment/security-assessment/node_modules/jest-circus/build/run.js:71:3)\n    at runAndTransformResultsToJestFormat (/Users/tristanmarvin/assessment/assessment/security-assessment/node_modules/jest-circus/build/legacy-code-todo-rewrite/jestAdapterInit.js:122:21)\n    at jestAdapter (/Users/tristanmarvin/assessment/assessment/security-assessment/node_modules/jest-circus/build/legacy-code-todo-rewrite/jestAdapter.js:79:19)\n    at runTestInternal (/Users/tristanmarvin/assessment/assessment/security-assessment/node_modules/jest-runner/build/runTest.js:367:16)\n    at runTest (/Users/tristanmarvin/assessment/assessment/security-assessment/node_modules/jest-runner/build/runTest.js:444:34)\n    at Object.worker (/Users/tristanmarvin/assessment/assessment/security-assessment/node_modules/jest-runner/build/testWorker.js:106:12)","timestamp":"2025-12-13T23:27:35.247Z"}
{"containerId":"test-container","errorCode":"CUSTOM_ERROR","level":"info","message":"Attempting error recovery","recoveryAttempts":1,"service":"security-assessment","timestamp":"2025-12-13T23:27:35.247Z"}
{"containerId":"test-container","errorCode":"CUSTOM_ERROR","level":"info","message":"Attempting recovery with strategy: custom-strategy","service":"security-assessment","timestamp":"2025-12-13T23:27:35.248Z"}
{"containerId":"test-container","errorCode":"CUSTOM_ERROR","level":"info","message":"Recovery successful with strategy: custom-strategy","service":"security-assessment","timestamp":"2025-12-13T23:27:35.248Z"}
{"code":"CONTAINER_CREATION_FAILED","error":"ContainerCreationError","level":"error","message":"High severity security assessment error Test error","recoverable":true,"service":"security-assessment","severity":"high","stack":"ContainerCreationError: Test error\n    at Object.<anonymous> (/Users/tristanmarvin/assessment/assessment/security-assessment/src/__tests__/utils/recovery.test.ts:140:21)\n    at Promise.then.completed (/Users/tristanmarvin/assessment/assessment/security-assessment/node_modules/jest-circus/build/utils.js:298:28)\n    at new Promise (<anonymous>)\n    at callAsyncCircusFn (/Users/tristanmarvin/assessment/assessment/security-assessment/node_modules/jest-circus/build/utils.js:231:10)\n    at _callCircusTest (/Users/tristanmarvin/assessment/assessment/security-assessment/node_modules/jest-circus/build/run.js:316:40)\n    at processTicksAndRejections (node:internal/process/task_queues:103:5)\n    at _runTest (/Users/tristanmarvin/assessment/assessment/security-assessment/node_modules/jest-circus/build/run.js:252:3)\n    at _runTestsForDescribeBlock (/Users/tristanmarvin/assessment/assessment/security-assessment/node_modules/jest-circus/build/run.js:126:9)\n    at _runTestsForDescribeBlock (/Users/tristanmarvin/assessment/assessment/security-assessment/node_modules/jest-circus/build/run.js:121:9)\n    at _runTestsForDescribeBlock (/Users/tristanmarvin/assessment/assessment/security-assessment/node_modules/jest-circus/build/run.js:121:9)\n    at run (/Users/tristanmarvin/assessment/assessment/security-assessment/node_modules/jest-circus/build/run.js:71:3)\n    at runAndTransformResultsToJestFormat (/Users/tristanmarvin/assessment/assessment/security-assessment/node_modules/jest-circus/build/legacy-code-todo-rewrite/jestAdapterInit.js:122:21)\n    at jestAdapter (/Users/tristanmarvin/assessment/assessment/security-assessment/node_modules/jest-circus/build/legacy-code-todo-rewrite/jestAdapter.js:79:19)\n    at runTestInternal (/Users/tristanmarvin/assessment/assessment/security-assessment/node_modules/jest-runner/build/runTest.js:367:16)\n    at runTest (/Users/tristanmarvin/assessment/assessment/security-assessment/node_modules/jest-runner/build/runTest.js:444:34)\n    at Object.worker (/Users/tristanmarvin/assessment/assessment/security-assessment/node_modules/jest-runner/build/testWorker.js:106:12)","timestamp":"2025-12-13T23:27:35.248Z"}
{"errorCode":"CONTAINER_CREATION_FAILED","level":"info","message":"Modified step for degradation: critical-analysis","modifications":"Reduced resource requirements or timeout","service":"security-assessment","timestamp":"2025-12-13T23:27:35.249Z"}
{"errorCode":"CONTAINER_CREATION_FAILED","level":"info","message":"Skipping step due to degradation: optional-test","reason":"Step can be safely skipped","service":"security-assessment","timestamp":"2025-12-13T23:27:35.249Z"}
{"errorCode":"CONTAINER_CREATION_FAILED","level":"info","message":"Skipping step due to degradation: enhancement-step","reason":"Step can be safely skipped","service":"security-assessment","timestamp":"2025-12-13T23:27:35.250Z"}
{"code":"CONTAINER_CREATION_FAILED","error":"ContainerCreationError","level":"error","message":"High severity security assessment error Test error","recoverable":true,"service":"security-assessment","severity":"high","stack":"ContainerCreationError: Test error\n    at Object.<anonymous> (/Users/tristanmarvin/assessment/assessment/security-assessment/src/__tests__/utils/recovery.test.ts:165:21)\n    at Promise.then.completed (/Users/tristanmarvin/assessment/assessment/security-assessment/node_modules/jest-circus/build/utils.js:298:28)\n    at new Promise (<anonymous>)\n    at callAsyncCircusFn (/Users/tristanmarvin/assessment/assessment/security-assessment/node_modules/jest-circus/build/utils.js:231:10)\n    at _callCircusTest (/Users/tristanmarvin/assessment/assessment/security-assessment/node_modules/jest-circus/build/run.js:316:40)\n    at processTicksAndRejections (node:internal/process/task_queues:103:5)\n    at _runTest (/Users/tristanmarvin/assessment/assessment/security-assessment/node_modules/jest-circus/build/run.js:252:3)\n    at _runTestsForDescribeBlock (/Users/tristanmarvin/assessment/assessment/security-assessment/node_modules/jest-circus/build/run.js:126:9)\n    at _runTestsForDescribeBlock (/Users/tristanmarvin/assessment/assessment/security-assessment/node_modules/jest-circus/build/run.js:121:9)\n    at _runTestsForDescribeBlock (/Users/tristanmarvin/assessment/assessment/security-assessment/node_modules/jest-circus/build/run.js:121:9)\n    at run (/Users/tristanmarvin/assessment/assessment/security-assessment/node_modules/jest-circus/build/run.js:71:3)\n    at runAndTransformResultsToJestFormat (/Users/tristanmarvin/assessment/assessment/security-assessment/node_modules/jest-circus/build/legacy-code-todo-rewrite/jestAdapterInit.js:122:21)\n    at jestAdapter (/Users/tristanmarvin/assessment/assessment/security-assessment/node_modules/jest-circus/build/legacy-code-todo-rewrite/jestAdapter.js:79:19)\n    at runTestInternal (/Users/tristanmarvin/assessment/assessment/security-assessment/node_modules/jest-runner/build/runTest.js:367:16)\n    at runTest (/Users/tristanmarvin/assessment/assessment/security-assessment/node_modules/jest-runner/build/runTest.js:444:34)\n    at Object.worker (/Users/tristanmarvin/assessment/assessment/security-assessment/node_modules/jest-runner/build/testWorker.js:106:12)","timestamp":"2025-12-13T23:27:35.252Z"}
{"errorCode":"CONTAINER_CREATION_FAILED","level":"info","message":"Modified step for degradation: long-analysis","modifications":"Reduced resource requirements or timeout","service":"security-assessment","timestamp":"2025-12-13T23:27:35.252Z"}
{"code":"CONTAINER_CREATION_FAILED","error":"ContainerCreationError","level":"error","message":"High severity security assessment error Test error","recoverable":true,"service":"security-assessment","severity":"high","stack":"ContainerCreationError: Test error\n    at Object.<anonymous> (/Users/tristanmarvin/assessment/assessment/security-assessment/src/__tests__/utils/recovery.test.ts:200:21)\n    at Promise.then.completed (/Users/tristanmarvin/assessment/assessment/security-assessment/node_modules/jest-circus/build/utils.js:298:28)\n    at new Promise (<anonymous>)\n    at callAsyncCircusFn (/Users/tristanmarvin/assessment/assessment/security-assessment/node_modules/jest-circus/build/utils.js:231:10)\n    at _callCircusTest (/Users/tristanmarvin/assessment/assessment/security-assessment/node_modules/jest-circus/build/run.js:316:40)\n    at processTicksAndRejections (node:internal/process/task_queues:103:5)\n    at _runTest (/Users/tristanmarvin/assessment/assessment/security-assessment/node_modules/jest-circus/build/run.js:252:3)\n    at _runTestsForDescribeBlock (/Users/tristanmarvin/assessment/assessment/security-assessment/node_modules/jest-circus/build/run.js:126:9)\n    at _runTestsForDescribeBlock (/Users/tristanmarvin/assessment/assessment/security-assessment/node_modules/jest-circus/build/run.js:121:9)\n    at _runTestsForDescribeBlock (/Users/tristanmarvin/assessment/assessment/security-assessment/node_modules/jest-circus/build/run.js:121:9)\n    at run (/Users/tristanmarvin/assessment/assessment/security-assessment/node_modules/jest-circus/build/run.js:71:3)\n    at runAndTransformResultsToJestFormat (/Users/tristanmarvin/assessment/assessment/security-assessment/node_modules/jest-circus/build/legacy-code-todo-rewrite/jestAdapterInit.js:122:21)\n    at jestAdapter (/Users/tristanmarvin/assessment/assessment/security-assessment/node_modules/jest-circus/build/legacy-code-todo-rewrite/jestAdapter.js:79:19)\n    at runTestInternal (/Users/tristanmarvin/assessment/assessment/security-assessment/node_modules/jest-runner/build/runTest.js:367:16)\n    at runTest (/Users/tristanmarvin/assessment/assessment/security-assessment/node_modules/jest-runner/build/runTest.js:444:34)\n    at Object.worker (/Users/tristanmarvin/assessment/assessment/security-assessment/node_modules/jest-runner/build/testWorker.js:106:12)","timestamp":"2025-12-13T23:27:35.253Z"}
{"containerId":"test-container","dataSize":467,"level":"info","message":"Storing preserved data","service":"security-assessment","timestamp":"2025-12-13T23:27:35.254Z"}
{"completedSteps":2,"containerId":"test-container","errorCode":"CONTAINER_CREATION_FAILED","level":"info","message":"Preserved partial results","service":"security-assessment","timestamp":"2025-12-13T23:27:35.254Z"}
{"code":"PARTIAL_ANALYSIS_FAILURE","context":{"completedSteps":["step1","step2"],"failedSteps":["CONTAINER_CREATION_FAILED"],"preservedData":{"completedSteps":["step1","step2"],"errorContext":{"code":"CONTAINER_CREATION_FAILED","message":"Test error","name":"ContainerCreationError","recoverable":true,"severity":"high","timestamp":"2025-12-13T23:27:35.253Z"},"lastCheckpoint":{"results":{"findings":["issue1","issue2"]},"state":{"completed":true},"stepName":"step2","timestamp":"2025-12-13T23:27:35.253Z"},"partialResults":{"findings":["issue1","issue2"]},"preservationTimestamp":"2025-12-13T23:27:35.254Z"}},"error":"PartialAnalysisError","level":"warn","message":"Medium severity security assessment error Analysis partially completed. 2 steps succeeded before failure.","recoverable":true,"service":"security-assessment","severity":"medium","stack":"PartialAnalysisError: Analysis partially completed. 2 steps succeeded before failure.\n    at RecoveryManager.preservePartialResults (/Users/tristanmarvin/assessment/assessment/security-assessment/src/utils/recovery.ts:229:12)\n    at Object.<anonymous> (/Users/tristanmarvin/assessment/assessment/security-assessment/src/__tests__/utils/recovery.test.ts:205:46)\n    at Promise.then.completed (/Users/tristanmarvin/assessment/assessment/security-assessment/node_modules/jest-circus/build/utils.js:298:28)\n    at new Promise (<anonymous>)\n    at callAsyncCircusFn (/Users/tristanmarvin/assessment/assessment/security-assessment/node_modules/jest-circus/build/utils.js:231:10)\n    at _callCircusTest (/Users/tristanmarvin/assessment/assessment/security-assessment/node_modules/jest-circus/build/run.js:316:40)\n    at processTicksAndRejections (node:internal/process/task_queues:103:5)\n    at _runTest (/Users/tristanmarvin/assessment/assessment/security-assessment/node_modules/jest-circus/build/run.js:252:3)\n    at _runTestsForDescribeBlock (/Users/tristanmarvin/assessment/assessment/security-assessment/node_modules/jest-circus/build/run.js:126:9)\n    at _runTestsForDescribeBlock (/Users/tristanmarvin/assessment/assessment/security-assessment/node_modules/jest-circus/build/run.js:121:9)\n    at _runTestsForDescribeBlock (/Users/tristanmarvin/assessment/assessment/security-assessment/node_modules/jest-circus/build/run.js:121:9)\n    at run (/Users/tristanmarvin/assessment/assessment/security-assessment/node_modules/jest-circus/build/run.js:71:3)\n    at runAndTransformResultsToJestFormat (/Users/tristanmarvin/assessment/assessment/security-assessment/node_modules/jest-circus/build/legacy-code-todo-rewrite/jestAdapterInit.js:122:21)\n    at jestAdapter (/Users/tristanmarvin/assessment/assessment/security-assessment/node_modules/jest-circus/build/legacy-code-todo-rewrite/jestAdapter.js:79:19)\n    at runTestInternal (/Users/tristanmarvin/assessment/assessment/security-assessment/node_modules/jest-runner/build/runTest.js:367:16)\n    at runTest (/Users/tristanmarvin/assessment/assessment/security-assessment/node_modules/jest-runner/build/runTest.js:444:34)\n    at Object.worker (/Users/tristanmarvin/assessment/assessment/security-assessment/node_modules/jest-runner/build/testWorker.js:106:12)","timestamp":"2025-12-13T23:27:35.254Z"}
{"attempts":1,"duration":2,"level":"info","message":"test-operation succeeded on attempt 1","service":"security-assessment","timestamp":"2025-12-13T23:28:20.797Z"}
{"attempt":1,"error":"First failure","level":"warn","maxAttempts":3,"message":"test-operation failed on attempt 1","service":"security-assessment","timestamp":"2025-12-13T23:28:20.801Z"}
{"attempt":2,"error":"Second failure","level":"warn","maxAttempts":3,"message":"test-operation failed on attempt 2","service":"security-assessment","timestamp":"2025-12-13T23:28:20.831Z"}
{"attempts":3,"duration":51,"level":"info","message":"test-operation succeeded on attempt 3","service":"security-assessment","timestamp":"2025-12-13T23:28:20.852Z"}
{"attempt":1,"error":"Persistent failure","level":"warn","maxAttempts":2,"message":"test-operation failed on attempt 1","service":"security-assessment","timestamp":"2025-12-13T23:28:20.854Z"}
{"attempt":2,"error":"Persistent failure","level":"warn","maxAttempts":2,"message":"test-operation failed on attempt 2","service":"security-assessment","timestamp":"2025-12-13T23:28:20.866Z"}
{"attempts":2,"duration":12,"error":"Persistent failure","level":"error","message":"test-operation failed after 2 attempts","service":"security-assessment","timestamp":"2025-12-13T23:28:20.866Z"}
{"attempt":1,"error":"Non-retryable error","level":"warn","maxAttempts":3,"message":"test-operation failed on attempt 1","service":"security-assessment","timestamp":"2025-12-13T23:28:20.868Z"}
{"attempt":1,"error":"Non-retryable error","level":"info","message":"test-operation failed with non-retryable error","service":"security-assessment","timestamp":"2025-12-13T23:28:20.868Z"}
{"attempts":3,"duration":1,"error":"Non-retryable error","level":"error","message":"test-operation failed after 3 attempts","service":"security-assessment","timestamp":"2025-12-13T23:28:20.869Z"}
{"attempt":1,"error":"First failure","level":"warn","maxAttempts":2,"message":"test-operation failed on attempt 1","service":"security-assessment","timestamp":"2025-12-13T23:28:20.879Z"}
{"attempts":2,"duration":11,"level":"info","message":"test-operation succeeded on attempt 2","service":"security-assessment","timestamp":"2025-12-13T23:28:20.890Z"}
{"attempt":1,"error":"First failure","level":"warn","maxAttempts":2,"message":"test-operation failed on attempt 1","service":"security-assessment","timestamp":"2025-12-13T23:28:20.893Z"}
{"error":{},"level":"warn","message":"Error in retry callback","service":"security-assessment","timestamp":"2025-12-13T23:28:20.893Z"}
{"attempts":2,"duration":10,"level":"info","message":"test-operation succeeded on attempt 2","service":"security-assessment","timestamp":"2025-12-13T23:28:20.903Z"}
{"failures":2,"level":"warn","message":"Circuit breaker opened for test","service":"security-assessment","threshold":2,"timestamp":"2025-12-13T23:28:20.911Z"}
{"failures":2,"level":"warn","message":"Circuit breaker opened for test","service":"security-assessment","threshold":2,"timestamp":"2025-12-13T23:28:20.913Z"}
{"failures":2,"level":"warn","message":"Circuit breaker opened for test","service":"security-assessment","threshold":2,"timestamp":"2025-12-13T23:28:20.919Z"}
{"level":"info","message":"Circuit breaker transitioning to half-open for test","service":"security-assessment","timestamp":"2025-12-13T23:28:20.935Z"}
{"level":"info","message":"Circuit breaker closed for test","service":"security-assessment","timestamp":"2025-12-13T23:28:20.935Z"}
{"attempts":1,"duration":2,"level":"info","message":"test-operation succeeded on attempt 1","service":"security-assessment","timestamp":"2025-12-13T23:28:54.741Z"}
{"attempt":1,"error":"First failure","level":"warn","maxAttempts":3,"message":"test-operation failed on attempt 1","service":"security-assessment","timestamp":"2025-12-13T23:28:54.745Z"}
{"attempt":2,"error":"Second failure","level":"warn","maxAttempts":3,"message":"test-operation failed on attempt 2","service":"security-assessment","timestamp":"2025-12-13T23:28:54.778Z"}
{"attempts":3,"duration":54,"level":"info","message":"test-operation succeeded on attempt 3","service":"security-assessment","timestamp":"2025-12-13T23:28:54.798Z"}
{"attempt":1,"error":"Persistent failure","level":"warn","maxAttempts":2,"message":"test-operation failed on attempt 1","service":"security-assessment","timestamp":"2025-12-13T23:28:54.800Z"}
{"attempt":2,"error":"Persistent failure","level":"warn","maxAttempts":2,"message":"test-operation failed on attempt 2","service":"security-assessment","timestamp":"2025-12-13T23:28:54.810Z"}
{"attempts":2,"duration":11,"error":"Persistent failure","level":"error","message":"test-operation failed after 2 attempts","service":"security-assessment","timestamp":"2025-12-13T23:28:54.811Z"}
{"attempt":1,"error":"Non-retryable error","level":"warn","maxAttempts":3,"message":"test-operation failed on attempt 1","service":"security-assessment","timestamp":"2025-12-13T23:28:54.813Z"}
{"attempt":1,"error":"Non-retryable error","level":"info","message":"test-operation failed with non-retryable error","service":"security-assessment","timestamp":"2025-12-13T23:28:54.813Z"}
{"attempts":1,"duration":1,"error":"Non-retryable error","level":"error","message":"test-operation failed after 1 attempts","service":"security-assessment","timestamp":"2025-12-13T23:28:54.814Z"}
{"attempt":1,"error":"First failure","level":"warn","maxAttempts":2,"message":"test-operation failed on attempt 1","service":"security-assessment","timestamp":"2025-12-13T23:28:54.814Z"}
{"attempts":2,"duration":11,"level":"info","message":"test-operation succeeded on attempt 2","service":"security-assessment","timestamp":"2025-12-13T23:28:54.825Z"}
{"attempt":1,"error":"First failure","level":"warn","maxAttempts":2,"message":"test-operation failed on attempt 1","service":"security-assessment","timestamp":"2025-12-13T23:28:54.828Z"}
{"error":{},"level":"warn","message":"Error in retry callback","service":"security-assessment","timestamp":"2025-12-13T23:28:54.829Z"}
{"attempts":2,"duration":11,"level":"info","message":"test-operation succeeded on attempt 2","service":"security-assessment","timestamp":"2025-12-13T23:28:54.839Z"}
{"failures":2,"level":"warn","message":"Circuit breaker opened for test","service":"security-assessment","threshold":2,"timestamp":"2025-12-13T23:28:54.851Z"}
{"failures":2,"level":"warn","message":"Circuit breaker opened for test","service":"security-assessment","threshold":2,"timestamp":"2025-12-13T23:28:54.852Z"}
{"failures":2,"level":"warn","message":"Circuit breaker opened for test","service":"security-assessment","threshold":2,"timestamp":"2025-12-13T23:28:54.856Z"}
{"level":"info","message":"Circuit breaker transitioning to half-open for test","service":"security-assessment","timestamp":"2025-12-13T23:28:54.873Z"}
{"level":"info","message":"Circuit breaker closed for test","service":"security-assessment","timestamp":"2025-12-13T23:28:54.873Z"}
{"attempts":1,"duration":7,"level":"info","message":"test-operation succeeded on attempt 1","service":"security-assessment","timestamp":"2025-12-13T23:29:16.206Z"}
{"attempt":1,"error":"First failure","level":"warn","maxAttempts":3,"message":"test-operation failed on attempt 1","service":"security-assessment","timestamp":"2025-12-13T23:29:16.214Z"}
{"attempt":2,"error":"Second failure","level":"warn","maxAttempts":3,"message":"test-operation failed on attempt 2","service":"security-assessment","timestamp":"2025-12-13T23:29:16.226Z"}
{"attempts":3,"duration":38,"level":"info","message":"test-operation succeeded on attempt 3","service":"security-assessment","timestamp":"2025-12-13T23:29:16.252Z"}
{"attempt":1,"error":"Persistent failure","level":"warn","maxAttempts":2,"message":"test-operation failed on attempt 1","service":"security-assessment","timestamp":"2025-12-13T23:29:16.258Z"}
{"attempt":2,"error":"Persistent failure","level":"warn","maxAttempts":2,"message":"test-operation failed on attempt 2","service":"security-assessment","timestamp":"2025-12-13T23:29:16.269Z"}
{"attempts":2,"duration":11,"error":"Persistent failure","level":"error","message":"test-operation failed after 2 attempts","service":"security-assessment","timestamp":"2025-12-13T23:29:16.269Z"}
{"attempt":1,"error":"Non-retryable error","level":"warn","maxAttempts":3,"message":"test-operation failed on attempt 1","service":"security-assessment","timestamp":"2025-12-13T23:29:16.275Z"}
{"attempt":1,"error":"Non-retryable error","level":"info","message":"test-operation failed with non-retryable error","service":"security-assessment","timestamp":"2025-12-13T23:29:16.275Z"}
{"attempts":1,"duration":1,"error":"Non-retryable error","level":"error","message":"test-operation failed after 1 attempts","service":"security-assessment","timestamp":"2025-12-13T23:29:16.275Z"}
{"attempt":1,"error":"First failure","level":"warn","maxAttempts":2,"message":"test-operation failed on attempt 1","service":"security-assessment","timestamp":"2025-12-13T23:29:16.276Z"}
{"code":"CONTAINER_CREATION_FAILED","context":{"containerId":"test-123"},"error":"ContainerCreationError","level":"error","message":"High severity security assessment error Test error message","recoverable":true,"service":"security-assessment","severity":"high","stack":"ContainerCreationError: Test error message\n    at Object.<anonymous> (/Users/tristanmarvin/assessment/assessment/security-assessment/src/__tests__/utils/errors.test.ts:17:19)\n    at Promise.then.completed (/Users/tristanmarvin/assessment/assessment/security-assessment/node_modules/jest-circus/build/utils.js:298:28)\n    at new Promise (<anonymous>)\n    at callAsyncCircusFn (/Users/tristanmarvin/assessment/assessment/security-assessment/node_modules/jest-circus/build/utils.js:231:10)\n    at _callCircusTest (/Users/tristanmarvin/assessment/assessment/security-assessment/node_modules/jest-circus/build/run.js:316:40)\n    at processTicksAndRejections (node:internal/process/task_queues:103:5)\n    at _runTest (/Users/tristanmarvin/assessment/assessment/security-assessment/node_modules/jest-circus/build/run.js:252:3)\n    at _runTestsForDescribeBlock (/Users/tristanmarvin/assessment/assessment/security-assessment/node_modules/jest-circus/build/run.js:126:9)\n    at _runTestsForDescribeBlock (/Users/tristanmarvin/assessment/assessment/security-assessment/node_modules/jest-circus/build/run.js:121:9)\n    at run (/Users/tristanmarvin/assessment/assessment/security-assessment/node_modules/jest-circus/build/run.js:71:3)\n    at runAndTransformResultsToJestFormat (/Users/tristanmarvin/assessment/assessment/security-assessment/node_modules/jest-circus/build/legacy-code-todo-rewrite/jestAdapterInit.js:122:21)\n    at jestAdapter (/Users/tristanmarvin/assessment/assessment/security-assessment/node_modules/jest-circus/build/legacy-code-todo-rewrite/jestAdapter.js:79:19)\n    at runTestInternal (/Users/tristanmarvin/assessment/assessment/security-assessment/node_modules/jest-runner/build/runTest.js:367:16)\n    at runTest (/Users/tristanmarvin/assessment/assessment/security-assessment/node_modules/jest-runner/build/runTest.js:444:34)\n    at Object.worker (/Users/tristanmarvin/assessment/assessment/security-assessment/node_modules/jest-runner/build/testWorker.js:106:12)","timestamp":"2025-12-13T23:29:16.196Z"}
{"code":"CONTAINER_CREATION_FAILED","error":"ContainerCreationError","level":"error","message":"High severity security assessment error Test error","recoverable":true,"service":"security-assessment","severity":"high","stack":"ContainerCreationError: Test error\n    at Object.<anonymous> (/Users/tristanmarvin/assessment/assessment/security-assessment/src/__tests__/utils/recovery.test.ts:60:21)\n    at Promise.then.completed (/Users/tristanmarvin/assessment/assessment/security-assessment/node_modules/jest-circus/build/utils.js:298:28)\n    at new Promise (<anonymous>)\n    at callAsyncCircusFn (/Users/tristanmarvin/assessment/assessment/security-assessment/node_modules/jest-circus/build/utils.js:231:10)\n    at _callCircusTest (/Users/tristanmarvin/assessment/assessment/security-assessment/node_modules/jest-circus/build/run.js:316:40)\n    at processTicksAndRejections (node:internal/process/task_queues:103:5)\n    at _runTest (/Users/tristanmarvin/assessment/assessment/security-assessment/node_modules/jest-circus/build/run.js:252:3)\n    at _runTestsForDescribeBlock (/Users/tristanmarvin/assessment/assessment/security-assessment/node_modules/jest-circus/build/run.js:126:9)\n    at _runTestsForDescribeBlock (/Users/tristanmarvin/assessment/assessment/security-assessment/node_modules/jest-circus/build/run.js:121:9)\n    at _runTestsForDescribeBlock (/Users/tristanmarvin/assessment/assessment/security-assessment/node_modules/jest-circus/build/run.js:121:9)\n    at run (/Users/tristanmarvin/assessment/assessment/security-assessment/node_modules/jest-circus/build/run.js:71:3)\n    at runAndTransformResultsToJestFormat (/Users/tristanmarvin/assessment/assessment/security-assessment/node_modules/jest-circus/build/legacy-code-todo-rewrite/jestAdapterInit.js:122:21)\n    at jestAdapter (/Users/tristanmarvin/assessment/assessment/security-assessment/node_modules/jest-circus/build/legacy-code-todo-rewrite/jestAdapter.js:79:19)\n    at runTestInternal (/Users/tristanmarvin/assessment/assessment/security-assessment/node_modules/jest-runner/build/runTest.js:367:16)\n    at runTest (/Users/tristanmarvin/assessment/assessment/security-assessment/node_modules/jest-runner/build/runTest.js:444:34)\n    at Object.worker (/Users/tristanmarvin/assessment/assessment/security-assessment/node_modules/jest-runner/build/testWorker.js:106:12)","timestamp":"2025-12-13T23:29:16.211Z"}
{"attempts":2,"duration":13,"level":"info","message":"test-operation succeeded on attempt 2","service":"security-assessment","timestamp":"2025-12-13T23:29:16.289Z"}
{"code":"CONTAINER_CREATION_FAILED","error":"ContainerCreationError","level":"error","message":"High severity security assessment error Test error","recoverable":true,"service":"security-assessment","severity":"high","stack":"ContainerCreationError: Test error\n    at Object.<anonymous> (/Users/tristanmarvin/assessment/assessment/security-assessment/src/__tests__/utils/errors.test.ts:28:19)\n    at Promise.then.completed (/Users/tristanmarvin/assessment/assessment/security-assessment/node_modules/jest-circus/build/utils.js:298:28)\n    at new Promise (<anonymous>)\n    at callAsyncCircusFn (/Users/tristanmarvin/assessment/assessment/security-assessment/node_modules/jest-circus/build/utils.js:231:10)\n    at _callCircusTest (/Users/tristanmarvin/assessment/assessment/security-assessment/node_modules/jest-circus/build/run.js:316:40)\n    at processTicksAndRejections (node:internal/process/task_queues:103:5)\n    at _runTest (/Users/tristanmarvin/assessment/assessment/security-assessment/node_modules/jest-circus/build/run.js:252:3)\n    at _runTestsForDescribeBlock (/Users/tristanmarvin/assessment/assessment/security-assessment/node_modules/jest-circus/build/run.js:126:9)\n    at _runTestsForDescribeBlock (/Users/tristanmarvin/assessment/assessment/security-assessment/node_modules/jest-circus/build/run.js:121:9)\n    at run (/Users/tristanmarvin/assessment/assessment/security-assessment/node_modules/jest-circus/build/run.js:71:3)\n    at runAndTransformResultsToJestFormat (/Users/tristanmarvin/assessment/assessment/security-assessment/node_modules/jest-circus/build/legacy-code-todo-rewrite/jestAdapterInit.js:122:21)\n    at jestAdapter (/Users/tristanmarvin/assessment/assessment/security-assessment/node_modules/jest-circus/build/legacy-code-todo-rewrite/jestAdapter.js:79:19)\n    at runTestInternal (/Users/tristanmarvin/assessment/assessment/security-assessment/node_modules/jest-runner/build/runTest.js:367:16)\n    at runTest (/Users/tristanmarvin/assessment/assessment/security-assessment/node_modules/jest-runner/build/runTest.js:444:34)\n    at Object.worker (/Users/tristanmarvin/assessment/assessment/security-assessment/node_modules/jest-runner/build/testWorker.js:106:12)","timestamp":"2025-12-13T23:29:16.220Z"}
{"code":"RESOURCE_ALLOCATION_FAILED","context":{"memory":"1g"},"error":"ResourceAllocationError","level":"warn","message":"Medium severity security assessment error Memory allocation failed","recoverable":true,"service":"security-assessment","severity":"medium","stack":"ResourceAllocationError: Memory allocation failed\n    at Object.<anonymous> (/Users/tristanmarvin/assessment/assessment/security-assessment/src/__tests__/utils/errors.test.ts:36:19)\n    at Promise.then.completed (/Users/tristanmarvin/assessment/assessment/security-assessment/node_modules/jest-circus/build/utils.js:298:28)\n    at new Promise (<anonymous>)\n    at callAsyncCircusFn (/Users/tristanmarvin/assessment/assessment/security-assessment/node_modules/jest-circus/build/utils.js:231:10)\n    at _callCircusTest (/Users/tristanmarvin/assessment/assessment/security-assessment/node_modules/jest-circus/build/run.js:316:40)\n    at processTicksAndRejections (node:internal/process/task_queues:103:5)\n    at _runTest (/Users/tristanmarvin/assessment/assessment/security-assessment/node_modules/jest-circus/build/run.js:252:3)\n    at _runTestsForDescribeBlock (/Users/tristanmarvin/assessment/assessment/security-assessment/node_modules/jest-circus/build/run.js:126:9)\n    at _runTestsForDescribeBlock (/Users/tristanmarvin/assessment/assessment/security-assessment/node_modules/jest-circus/build/run.js:121:9)\n    at run (/Users/tristanmarvin/assessment/assessment/security-assessment/node_modules/jest-circus/build/run.js:71:3)\n    at runAndTransformResultsToJestFormat (/Users/tristanmarvin/assessment/assessment/security-assessment/node_modules/jest-circus/build/legacy-code-todo-rewrite/jestAdapterInit.js:122:21)\n    at jestAdapter (/Users/tristanmarvin/assessment/assessment/security-assessment/node_modules/jest-circus/build/legacy-code-todo-rewrite/jestAdapter.js:79:19)\n    at runTestInternal (/Users/tristanmarvin/assessment/assessment/security-assessment/node_modules/jest-runner/build/runTest.js:367:16)\n    at runTest (/Users/tristanmarvin/assessment/assessment/security-assessment/node_modules/jest-runner/build/runTest.js:444:34)\n    at Object.worker (/Users/tristanmarvin/assessment/assessment/security-assessment/node_modules/jest-runner/build/testWorker.js:106:12)","timestamp":"2025-12-13T23:29:16.222Z"}
{"code":"SECURITY_VIOLATION_NETWORK","context":{"destination":"192.168.1.1","violationType":"NETWORK"},"error":"NetworkSecurityViolationError","level":"error","message":"Critical security assessment error Unauthorized network access","recoverable":false,"service":"security-assessment","severity":"critical","stack":"NetworkSecurityViolationError: Unauthorized network access\n    at Object.<anonymous> (/Users/tristanmarvin/assessment/assessment/security-assessment/src/__tests__/utils/errors.test.ts:53:19)\n    at Promise.then.completed (/Users/tristanmarvin/assessment/assessment/security-assessment/node_modules/jest-circus/build/utils.js:298:28)\n    at new Promise (<anonymous>)\n    at callAsyncCircusFn (/Users/tristanmarvin/assessment/assessment/security-assessment/node_modules/jest-circus/build/utils.js:231:10)\n    at _callCircusTest (/Users/tristanmarvin/assessment/assessment/security-assessment/node_modules/jest-circus/build/run.js:316:40)\n    at processTicksAndRejections (node:internal/process/task_queues:103:5)\n    at _runTest (/Users/tristanmarvin/assessment/assessment/security-assessment/node_modules/jest-circus/build/run.js:252:3)\n    at _runTestsForDescribeBlock (/Users/tristanmarvin/assessment/assessment/security-assessment/node_modules/jest-circus/build/run.js:126:9)\n    at _runTestsForDescribeBlock (/Users/tristanmarvin/assessment/assessment/security-assessment/node_modules/jest-circus/build/run.js:121:9)\n    at run (/Users/tristanmarvin/assessment/assessment/security-assessment/node_modules/jest-circus/build/run.js:71:3)\n    at runAndTransformResultsToJestFormat (/Users/tristanmarvin/assessment/assessment/security-assessment/node_modules/jest-circus/build/legacy-code-todo-rewrite/jestAdapterInit.js:122:21)\n    at jestAdapter (/Users/tristanmarvin/assessment/assessment/security-assessment/node_modules/jest-circus/build/legacy-code-todo-rewrite/jestAdapter.js:79:19)\n    at runTestInternal (/Users/tristanmarvin/assessment/assessment/security-assessment/node_modules/jest-runner/build/runTest.js:367:16)\n    at runTest (/Users/tristanmarvin/assessment/assessment/security-assessment/node_modules/jest-runner/build/runTest.js:444:34)\n    at Object.worker (/Users/tristanmarvin/assessment/assessment/security-assessment/node_modules/jest-runner/build/testWorker.js:106:12)","timestamp":"2025-12-13T23:29:16.223Z"}
{"code":"CONTAINER_CREATION_FAILED","error":"ContainerCreationError","level":"error","message":"High severity security assessment error Container creation failed","recoverable":true,"service":"security-assessment","severity":"high","stack":"ContainerCreationError: Container creation failed\n    at Object.<anonymous> (/Users/tristanmarvin/assessment/assessment/security-assessment/src/__tests__/utils/errors.test.ts:70:21)\n    at Promise.then.completed (/Users/tristanmarvin/assessment/assessment/security-assessment/node_modules/jest-circus/build/utils.js:298:28)\n    at new Promise (<anonymous>)\n    at callAsyncCircusFn (/Users/tristanmarvin/assessment/assessment/security-assessment/node_modules/jest-circus/build/utils.js:231:10)\n    at _callCircusTest (/Users/tristanmarvin/assessment/assessment/security-assessment/node_modules/jest-circus/build/run.js:316:40)\n    at processTicksAndRejections (node:internal/process/task_queues:103:5)\n    at _runTest (/Users/tristanmarvin/assessment/assessment/security-assessment/node_modules/jest-circus/build/run.js:252:3)\n    at _runTestsForDescribeBlock (/Users/tristanmarvin/assessment/assessment/security-assessment/node_modules/jest-circus/build/run.js:126:9)\n    at _runTestsForDescribeBlock (/Users/tristanmarvin/assessment/assessment/security-assessment/node_modules/jest-circus/build/run.js:121:9)\n    at _runTestsForDescribeBlock (/Users/tristanmarvin/assessment/assessment/security-assessment/node_modules/jest-circus/build/run.js:121:9)\n    at run (/Users/tristanmarvin/assessment/assessment/security-assessment/node_modules/jest-circus/build/run.js:71:3)\n    at runAndTransformResultsToJestFormat (/Users/tristanmarvin/assessment/assessment/security-assessment/node_modules/jest-circus/build/legacy-code-todo-rewrite/jestAdapterInit.js:122:21)\n    at jestAdapter (/Users/tristanmarvin/assessment/assessment/security-assessment/node_modules/jest-circus/build/legacy-code-todo-rewrite/jestAdapter.js:79:19)\n    at runTestInternal (/Users/tristanmarvin/assessment/assessment/security-assessment/node_modules/jest-runner/build/runTest.js:367:16)\n    at runTest (/Users/tristanmarvin/assessment/assessment/security-assessment/node_modules/jest-runner/build/runTest.js:444:34)\n    at Object.worker (/Users/tristanmarvin/assessment/assessment/security-assessment/node_modules/jest-runner/build/testWorker.js:106:12)","timestamp":"2025-12-13T23:29:16.229Z"}
{"code":"SECURITY_VIOLATION_NETWORK","context":{"violationType":"NETWORK"},"error":"SecurityViolationError","level":"error","message":"Critical security assessment error Security violation","recoverable":false,"service":"security-assessment","severity":"critical","stack":"SecurityViolationError: Security violation\n    at Object.<anonymous> (/Users/tristanmarvin/assessment/assessment/security-assessment/src/__tests__/utils/errors.test.ts:75:21)\n    at Promise.then.completed (/Users/tristanmarvin/assessment/assessment/security-assessment/node_modules/jest-circus/build/utils.js:298:28)\n    at new Promise (<anonymous>)\n    at callAsyncCircusFn (/Users/tristanmarvin/assessment/assessment/security-assessment/node_modules/jest-circus/build/utils.js:231:10)\n    at _callCircusTest (/Users/tristanmarvin/assessment/assessment/security-assessment/node_modules/jest-circus/build/run.js:316:40)\n    at processTicksAndRejections (node:internal/process/task_queues:103:5)\n    at _runTest (/Users/tristanmarvin/assessment/assessment/security-assessment/node_modules/jest-circus/build/run.js:252:3)\n    at _runTestsForDescribeBlock (/Users/tristanmarvin/assessment/assessment/security-assessment/node_modules/jest-circus/build/run.js:126:9)\n    at _runTestsForDescribeBlock (/Users/tristanmarvin/assessment/assessment/security-assessment/node_modules/jest-circus/build/run.js:121:9)\n    at _runTestsForDescribeBlock (/Users/tristanmarvin/assessment/assessment/security-assessment/node_modules/jest-circus/build/run.js:121:9)\n    at run (/Users/tristanmarvin/assessment/assessment/security-assessment/node_modules/jest-circus/build/run.js:71:3)\n    at runAndTransformResultsToJestFormat (/Users/tristanmarvin/assessment/assessment/security-assessment/node_modules/jest-circus/build/legacy-code-todo-rewrite/jestAdapterInit.js:122:21)\n    at jestAdapter (/Users/tristanmarvin/assessment/assessment/security-assessment/node_modules/jest-circus/build/legacy-code-todo-rewrite/jestAdapter.js:79:19)\n    at runTestInternal (/Users/tristanmarvin/assessment/assessment/security-assessment/node_modules/jest-runner/build/runTest.js:367:16)\n    at runTest (/Users/tristanmarvin/assessment/assessment/security-assessment/node_modules/jest-runner/build/runTest.js:444:34)\n    at Object.worker (/Users/tristanmarvin/assessment/assessment/security-assessment/node_modules/jest-runner/build/testWorker.js:106:12)","timestamp":"2025-12-13T23:29:16.230Z"}
{"code":"SECURITY_VIOLATION_FILESYSTEM","context":{"violationType":"FILESYSTEM"},"error":"SecurityViolationError","level":"error","message":"Critical security assessment error Security violation","recoverable":false,"service":"security-assessment","severity":"critical","stack":"SecurityViolationError: Security violation\n    at Object.<anonymous> (/Users/tristanmarvin/assessment/assessment/security-assessment/src/__tests__/utils/errors.test.ts:113:21)\n    at Promise.then.completed (/Users/tristanmarvin/assessment/assessment/security-assessment/node_modules/jest-circus/build/utils.js:298:28)\n    at new Promise (<anonymous>)\n    at callAsyncCircusFn (/Users/tristanmarvin/assessment/assessment/security-assessment/node_modules/jest-circus/build/utils.js:231:10)\n    at _callCircusTest (/Users/tristanmarvin/assessment/assessment/security-assessment/node_modules/jest-circus/build/run.js:316:40)\n    at processTicksAndRejections (node:internal/process/task_queues:103:5)\n    at _runTest (/Users/tristanmarvin/assessment/assessment/security-assessment/node_modules/jest-circus/build/run.js:252:3)\n    at _runTestsForDescribeBlock (/Users/tristanmarvin/assessment/assessment/security-assessment/node_modules/jest-circus/build/run.js:126:9)\n    at _runTestsForDescribeBlock (/Users/tristanmarvin/assessment/assessment/security-assessment/node_modules/jest-circus/build/run.js:121:9)\n    at _runTestsForDescribeBlock (/Users/tristanmarvin/assessment/assessment/security-assessment/node_modules/jest-circus/build/run.js:121:9)\n    at run (/Users/tristanmarvin/assessment/assessment/security-assessment/node_modules/jest-circus/build/run.js:71:3)\n    at runAndTransformResultsToJestFormat (/Users/tristanmarvin/assessment/assessment/security-assessment/node_modules/jest-circus/build/legacy-code-todo-rewrite/jestAdapterInit.js:122:21)\n    at jestAdapter (/Users/tristanmarvin/assessment/assessment/security-assessment/node_modules/jest-circus/build/legacy-code-todo-rewrite/jestAdapter.js:79:19)\n    at runTestInternal (/Users/tristanmarvin/assessment/assessment/security-assessment/node_modules/jest-runner/build/runTest.js:367:16)\n    at runTest (/Users/tristanmarvin/assessment/assessment/security-assessment/node_modules/jest-runner/build/runTest.js:444:34)\n    at Object.worker (/Users/tristanmarvin/assessment/assessment/security-assessment/node_modules/jest-runner/build/testWorker.js:106:12)","timestamp":"2025-12-13T23:29:16.235Z"}
{"code":"CONTAINER_CREATION_FAILED","error":"ContainerCreationError","level":"error","message":"High severity security assessment error Container creation failed","recoverable":true,"service":"security-assessment","severity":"high","stack":"ContainerCreationError: Container creation failed\n    at Object.<anonymous> (/Users/tristanmarvin/assessment/assessment/security-assessment/src/__tests__/utils/errors.test.ts:118:21)\n    at Promise.then.completed (/Users/tristanmarvin/assessment/assessment/security-assessment/node_modules/jest-circus/build/utils.js:298:28)\n    at new Promise (<anonymous>)\n    at callAsyncCircusFn (/Users/tristanmarvin/assessment/assessment/security-assessment/node_modules/jest-circus/build/utils.js:231:10)\n    at _callCircusTest (/Users/tristanmarvin/assessment/assessment/security-assessment/node_modules/jest-circus/build/run.js:316:40)\n    at processTicksAndRejections (node:internal/process/task_queues:103:5)\n    at _runTest (/Users/tristanmarvin/assessment/assessment/security-assessment/node_modules/jest-circus/build/run.js:252:3)\n    at _runTestsForDescribeBlock (/Users/tristanmarvin/assessment/assessment/security-assessment/node_modules/jest-circus/build/run.js:126:9)\n    at _runTestsForDescribeBlock (/Users/tristanmarvin/assessment/assessment/security-assessment/node_modules/jest-circus/build/run.js:121:9)\n    at _runTestsForDescribeBlock (/Users/tristanmarvin/assessment/assessment/security-assessment/node_modules/jest-circus/build/run.js:121:9)\n    at run (/Users/tristanmarvin/assessment/assessment/security-assessment/node_modules/jest-circus/build/run.js:71:3)\n    at runAndTransformResultsToJestFormat (/Users/tristanmarvin/assessment/assessment/security-assessment/node_modules/jest-circus/build/legacy-code-todo-rewrite/jestAdapterInit.js:122:21)\n    at jestAdapter (/Users/tristanmarvin/assessment/assessment/security-assessment/node_modules/jest-circus/build/legacy-code-todo-rewrite/jestAdapter.js:79:19)\n    at runTestInternal (/Users/tristanmarvin/assessment/assessment/security-assessment/node_modules/jest-runner/build/runTest.js:367:16)\n    at runTest (/Users/tristanmarvin/assessment/assessment/security-assessment/node_modules/jest-runner/build/runTest.js:444:34)\n    at Object.worker (/Users/tristanmarvin/assessment/assessment/security-assessment/node_modules/jest-runner/build/testWorker.js:106:12)","timestamp":"2025-12-13T23:29:16.236Z"}
{"code":"CONTAINER_CREATION_FAILED","error":"ContainerCreationError","level":"error","message":"High severity security assessment error Container creation failed","recoverable":true,"service":"security-assessment","severity":"high","stack":"ContainerCreationError: Container creation failed\n    at Object.<anonymous> (/Users/tristanmarvin/assessment/assessment/security-assessment/src/__tests__/utils/errors.test.ts:125:21)\n    at Promise.then.completed (/Users/tristanmarvin/assessment/assessment/security-assessment/node_modules/jest-circus/build/utils.js:298:28)\n    at new Promise (<anonymous>)\n    at callAsyncCircusFn (/Users/tristanmarvin/assessment/assessment/security-assessment/node_modules/jest-circus/build/utils.js:231:10)\n    at _callCircusTest (/Users/tristanmarvin/assessment/assessment/security-assessment/node_modules/jest-circus/build/run.js:316:40)\n    at processTicksAndRejections (node:internal/process/task_queues:103:5)\n    at _runTest (/Users/tristanmarvin/assessment/assessment/security-assessment/node_modules/jest-circus/build/run.js:252:3)\n    at _runTestsForDescribeBlock (/Users/tristanmarvin/assessment/assessment/security-assessment/node_modules/jest-circus/build/run.js:126:9)\n    at _runTestsForDescribeBlock (/Users/tristanmarvin/assessment/assessment/security-assessment/node_modules/jest-circus/build/run.js:121:9)\n    at _runTestsForDescribeBlock (/Users/tristanmarvin/assessment/assessment/security-assessment/node_modules/jest-circus/build/run.js:121:9)\n    at run (/Users/tristanmarvin/assessment/assessment/security-assessment/node_modules/jest-circus/build/run.js:71:3)\n    at runAndTransformResultsToJestFormat (/Users/tristanmarvin/assessment/assessment/security-assessment/node_modules/jest-circus/build/legacy-code-todo-rewrite/jestAdapterInit.js:122:21)\n    at jestAdapter (/Users/tristanmarvin/assessment/assessment/security-assessment/node_modules/jest-circus/build/legacy-code-todo-rewrite/jestAdapter.js:79:19)\n    at runTestInternal (/Users/tristanmarvin/assessment/assessment/security-assessment/node_modules/jest-runner/build/runTest.js:367:16)\n    at runTest (/Users/tristanmarvin/assessment/assessment/security-assessment/node_modules/jest-runner/build/runTest.js:444:34)\n    at Object.worker (/Users/tristanmarvin/assessment/assessment/security-assessment/node_modules/jest-runner/build/testWorker.js:106:12)","timestamp":"2025-12-13T23:29:16.238Z"}
{"code":"CONTAINER_CREATION_FAILED","error":"ContainerCreationError","level":"error","message":"High severity security assessment error Container creation failed","recoverable":true,"service":"security-assessment","severity":"high","stack":"ContainerCreationError: Container creation failed\n    at Object.<anonymous> (/Users/tristanmarvin/assessment/assessment/security-assessment/src/__tests__/utils/errors.test.ts:142:29)\n    at Promise.then.completed (/Users/tristanmarvin/assessment/assessment/security-assessment/node_modules/jest-circus/build/utils.js:298:28)\n    at new Promise (<anonymous>)\n    at callAsyncCircusFn (/Users/tristanmarvin/assessment/assessment/security-assessment/node_modules/jest-circus/build/utils.js:231:10)\n    at _callCircusTest (/Users/tristanmarvin/assessment/assessment/security-assessment/node_modules/jest-circus/build/run.js:316:40)\n    at processTicksAndRejections (node:internal/process/task_queues:103:5)\n    at _runTest (/Users/tristanmarvin/assessment/assessment/security-assessment/node_modules/jest-circus/build/run.js:252:3)\n    at _runTestsForDescribeBlock (/Users/tristanmarvin/assessment/assessment/security-assessment/node_modules/jest-circus/build/run.js:126:9)\n    at _runTestsForDescribeBlock (/Users/tristanmarvin/assessment/assessment/security-assessment/node_modules/jest-circus/build/run.js:121:9)\n    at _runTestsForDescribeBlock (/Users/tristanmarvin/assessment/assessment/security-assessment/node_modules/jest-circus/build/run.js:121:9)\n    at run (/Users/tristanmarvin/assessment/assessment/security-assessment/node_modules/jest-circus/build/run.js:71:3)\n    at runAndTransformResultsToJestFormat (/Users/tristanmarvin/assessment/assessment/security-assessment/node_modules/jest-circus/build/legacy-code-todo-rewrite/jestAdapterInit.js:122:21)\n    at jestAdapter (/Users/tristanmarvin/assessment/assessment/security-assessment/node_modules/jest-circus/build/legacy-code-todo-rewrite/jestAdapter.js:79:19)\n    at runTestInternal (/Users/tristanmarvin/assessment/assessment/security-assessment/node_modules/jest-runner/build/runTest.js:367:16)\n    at runTest (/Users/tristanmarvin/assessment/assessment/security-assessment/node_modules/jest-runner/build/runTest.js:444:34)\n    at Object.worker (/Users/tristanmarvin/assessment/assessment/security-assessment/node_modules/jest-runner/build/testWorker.js:106:12)","timestamp":"2025-12-13T23:29:16.240Z"}
{"code":"CONTAINER_CREATION_FAILED","context":{"containerId":"test-123","originalError":"Failed to create container: image not found"},"error":"ContainerCreationError","level":"error","message":"High severity security assessment error Failed to create container: image not found","recoverable":true,"service":"security-assessment","severity":"high","stack":"ContainerCreationError: Failed to create container: image not found\n    at ErrorHandler.createFromGenericError (/Users/tristanmarvin/assessment/assessment/security-assessment/src/utils/errors.ts:310:14)\n    at Object.<anonymous> (/Users/tristanmarvin/assessment/assessment/security-assessment/src/__tests__/utils/errors.test.ts:149:35)\n    at Promise.then.completed (/Users/tristanmarvin/assessment/assessment/security-assessment/node_modules/jest-circus/build/utils.js:298:28)\n    at new Promise (<anonymous>)\n    at callAsyncCircusFn (/Users/tristanmarvin/assessment/assessment/security-assessment/node_modules/jest-circus/build/utils.js:231:10)\n    at _callCircusTest (/Users/tristanmarvin/assessment/assessment/security-assessment/node_modules/jest-circus/build/run.js:316:40)\n    at processTicksAndRejections (node:internal/process/task_queues:103:5)\n    at _runTest (/Users/tristanmarvin/assessment/assessment/security-assessment/node_modules/jest-circus/build/run.js:252:3)\n    at _runTestsForDescribeBlock (/Users/tristanmarvin/assessment/assessment/security-assessment/node_modules/jest-circus/build/run.js:126:9)\n    at _runTestsForDescribeBlock (/Users/tristanmarvin/assessment/assessment/security-assessment/node_modules/jest-circus/build/run.js:121:9)\n    at _runTestsForDescribeBlock (/Users/tristanmarvin/assessment/assessment/security-assessment/node_modules/jest-circus/build/run.js:121:9)\n    at run (/Users/tristanmarvin/assessment/assessment/security-assessment/node_modules/jest-circus/build/run.js:71:3)\n    at runAndTransformResultsToJestFormat (/Users/tristanmarvin/assessment/assessment/security-assessment/node_modules/jest-circus/build/legacy-code-todo-rewrite/jestAdapterInit.js:122:21)\n    at jestAdapter (/Users/tristanmarvin/assessment/assessment/security-assessment/node_modules/jest-circus/build/legacy-code-todo-rewrite/jestAdapter.js:79:19)\n    at runTestInternal (/Users/tristanmarvin/assessment/assessment/security-assessment/node_modules/jest-runner/build/runTest.js:367:16)\n    at runTest (/Users/tristanmarvin/assessment/assessment/security-assessment/node_modules/jest-runner/build/runTest.js:444:34)\n    at Object.worker (/Users/tristanmarvin/assessment/assessment/security-assessment/node_modules/jest-runner/build/testWorker.js:106:12)","timestamp":"2025-12-13T23:29:16.241Z"}
{"code":"RESOURCE_ALLOCATION_FAILED","context":{"originalError":"Insufficient memory available"},"error":"ResourceAllocationError","level":"warn","message":"Medium severity security assessment error Insufficient memory available","recoverable":true,"service":"security-assessment","severity":"medium","stack":"ResourceAllocationError: Insufficient memory available\n    at ErrorHandler.createFromGenericError (/Users/tristanmarvin/assessment/assessment/security-assessment/src/utils/errors.ts:314:14)\n    at Object.<anonymous> (/Users/tristanmarvin/assessment/assessment/security-assessment/src/__tests__/utils/errors.test.ts:158:35)\n    at Promise.then.completed (/Users/tristanmarvin/assessment/assessment/security-assessment/node_modules/jest-circus/build/utils.js:298:28)\n    at new Promise (<anonymous>)\n    at callAsyncCircusFn (/Users/tristanmarvin/assessment/assessment/security-assessment/node_modules/jest-circus/build/utils.js:231:10)\n    at _callCircusTest (/Users/tristanmarvin/assessment/assessment/security-assessment/node_modules/jest-circus/build/run.js:316:40)\n    at processTicksAndRejections (node:internal/process/task_queues:103:5)\n    at _runTest (/Users/tristanmarvin/assessment/assessment/security-assessment/node_modules/jest-circus/build/run.js:252:3)\n    at _runTestsForDescribeBlock (/Users/tristanmarvin/assessment/assessment/security-assessment/node_modules/jest-circus/build/run.js:126:9)\n    at _runTestsForDescribeBlock (/Users/tristanmarvin/assessment/assessment/security-assessment/node_modules/jest-circus/build/run.js:121:9)\n    at _runTestsForDescribeBlock (/Users/tristanmarvin/assessment/assessment/security-assessment/node_modules/jest-circus/build/run.js:121:9)\n    at run (/Users/tristanmarvin/assessment/assessment/security-assessment/node_modules/jest-circus/build/run.js:71:3)\n    at runAndTransformResultsToJestFormat (/Users/tristanmarvin/assessment/assessment/security-assessment/node_modules/jest-circus/build/legacy-code-todo-rewrite/jestAdapterInit.js:122:21)\n    at jestAdapter (/Users/tristanmarvin/assessment/assessment/security-assessment/node_modules/jest-circus/build/legacy-code-todo-rewrite/jestAdapter.js:79:19)\n    at runTestInternal (/Users/tristanmarvin/assessment/assessment/security-assessment/node_modules/jest-runner/build/runTest.js:367:16)\n    at runTest (/Users/tristanmarvin/assessment/assessment/security-assessment/node_modules/jest-runner/build/runTest.js:444:34)\n    at Object.worker (/Users/tristanmarvin/assessment/assessment/security-assessment/node_modules/jest-runner/build/testWorker.js:106:12)","timestamp":"2025-12-13T23:29:16.254Z"}
{"code":"ANALYSIS_FAILED","context":{"originalError":"Unknown error occurred"},"error":"AnalysisError","level":"warn","message":"Medium severity security assessment error Unknown error occurred","recoverable":true,"service":"security-assessment","severity":"medium","stack":"AnalysisError: Unknown error occurred\n    at ErrorHandler.createFromGenericError (/Users/tristanmarvin/assessment/assessment/security-assessment/src/utils/errors.ts:326:12)\n    at Object.<anonymous> (/Users/tristanmarvin/assessment/assessment/security-assessment/src/__tests__/utils/errors.test.ts:165:35)\n    at Promise.then.completed (/Users/tristanmarvin/assessment/assessment/security-assessment/node_modules/jest-circus/build/utils.js:298:28)\n    at new Promise (<anonymous>)\n    at callAsyncCircusFn (/Users/tristanmarvin/assessment/assessment/security-assessment/node_modules/jest-circus/build/utils.js:231:10)\n    at _callCircusTest (/Users/tristanmarvin/assessment/assessment/security-assessment/node_modules/jest-circus/build/run.js:316:40)\n    at processTicksAndRejections (node:internal/process/task_queues:103:5)\n    at _runTest (/Users/tristanmarvin/assessment/assessment/security-assessment/node_modules/jest-circus/build/run.js:252:3)\n    at _runTestsForDescribeBlock (/Users/tristanmarvin/assessment/assessment/security-assessment/node_modules/jest-circus/build/run.js:126:9)\n    at _runTestsForDescribeBlock (/Users/tristanmarvin/assessment/assessment/security-assessment/node_modules/jest-circus/build/run.js:121:9)\n    at _runTestsForDescribeBlock (/Users/tristanmarvin/assessment/assessment/security-assessment/node_modules/jest-circus/build/run.js:121:9)\n    at run (/Users/tristanmarvin/assessment/assessment/security-assessment/node_modules/jest-circus/build/run.js:71:3)\n    at runAndTransformResultsToJestFormat (/Users/tristanmarvin/assessment/assessment/security-assessment/node_modules/jest-circus/build/legacy-code-todo-rewrite/jestAdapterInit.js:122:21)\n    at jestAdapter (/Users/tristanmarvin/assessment/assessment/security-assessment/node_modules/jest-circus/build/legacy-code-todo-rewrite/jestAdapter.js:79:19)\n    at runTestInternal (/Users/tristanmarvin/assessment/assessment/security-assessment/node_modules/jest-runner/build/runTest.js:367:16)\n    at runTest (/Users/tristanmarvin/assessment/assessment/security-assessment/node_modules/jest-runner/build/runTest.js:444:34)\n    at Object.worker (/Users/tristanmarvin/assessment/assessment/security-assessment/node_modules/jest-runner/build/testWorker.js:106:12)","timestamp":"2025-12-13T23:29:16.255Z"}
{"code":"CONTAINER_CREATION_FAILED","error":"ContainerCreationError","level":"error","message":"High severity security assessment error Container creation failed","recoverable":true,"service":"security-assessment","severity":"high","stack":"ContainerCreationError: Container creation failed\n    at Object.<anonymous> (/Users/tristanmarvin/assessment/assessment/security-assessment/src/__tests__/utils/errors.test.ts:173:21)\n    at Promise.then.completed (/Users/tristanmarvin/assessment/assessment/security-assessment/node_modules/jest-circus/build/utils.js:298:28)\n    at new Promise (<anonymous>)\n    at callAsyncCircusFn (/Users/tristanmarvin/assessment/assessment/security-assessment/node_modules/jest-circus/build/utils.js:231:10)\n    at _callCircusTest (/Users/tristanmarvin/assessment/assessment/security-assessment/node_modules/jest-circus/build/run.js:316:40)\n    at processTicksAndRejections (node:internal/process/task_queues:103:5)\n    at _runTest (/Users/tristanmarvin/assessment/assessment/security-assessment/node_modules/jest-circus/build/run.js:252:3)\n    at _runTestsForDescribeBlock (/Users/tristanmarvin/assessment/assessment/security-assessment/node_modules/jest-circus/build/run.js:126:9)\n    at _runTestsForDescribeBlock (/Users/tristanmarvin/assessment/assessment/security-assessment/node_modules/jest-circus/build/run.js:121:9)\n    at _runTestsForDescribeBlock (/Users/tristanmarvin/assessment/assessment/security-assessment/node_modules/jest-circus/build/run.js:121:9)\n    at run (/Users/tristanmarvin/assessment/assessment/security-assessment/node_modules/jest-circus/build/run.js:71:3)\n    at runAndTransformResultsToJestFormat (/Users/tristanmarvin/assessment/assessment/security-assessment/node_modules/jest-circus/build/legacy-code-todo-rewrite/jestAdapterInit.js:122:21)\n    at jestAdapter (/Users/tristanmarvin/assessment/assessment/security-assessment/node_modules/jest-circus/build/legacy-code-todo-rewrite/jestAdapter.js:79:19)\n    at runTestInternal (/Users/tristanmarvin/assessment/assessment/security-assessment/node_modules/jest-runner/build/runTest.js:367:16)\n    at runTest (/Users/tristanmarvin/assessment/assessment/security-assessment/node_modules/jest-runner/build/runTest.js:444:34)\n    at Object.worker (/Users/tristanmarvin/assessment/assessment/security-assessment/node_modules/jest-runner/build/testWorker.js:106:12)","timestamp":"2025-12-13T23:29:16.256Z"}
{"code":"CONTAINER_CREATION_FAILED","context":{"containerId":"test-123"},"error":"ContainerCreationError","level":"error","message":"High severity security assessment error Container creation failed","recoverable":true,"service":"security-assessment","severity":"high","stack":"ContainerCreationError: Container creation failed\n    at Object.<anonymous> (/Users/tristanmarvin/assessment/assessment/security-assessment/src/__tests__/utils/errors.test.ts:182:21)\n    at Promise.then.completed (/Users/tristanmarvin/assessment/assessment/security-assessment/node_modules/jest-circus/build/utils.js:298:28)\n    at new Promise (<anonymous>)\n    at callAsyncCircusFn (/Users/tristanmarvin/assessment/assessment/security-assessment/node_modules/jest-circus/build/utils.js:231:10)\n    at _callCircusTest (/Users/tristanmarvin/assessment/assessment/security-assessment/node_modules/jest-circus/build/run.js:316:40)\n    at processTicksAndRejections (node:internal/process/task_queues:103:5)\n    at _runTest (/Users/tristanmarvin/assessment/assessment/security-assessment/node_modules/jest-circus/build/run.js:252:3)\n    at _runTestsForDescribeBlock (/Users/tristanmarvin/assessment/assessment/security-assessment/node_modules/jest-circus/build/run.js:126:9)\n    at _runTestsForDescribeBlock (/Users/tristanmarvin/assessment/assessment/security-assessment/node_modules/jest-circus/build/run.js:121:9)\n    at _runTestsForDescribeBlock (/Users/tristanmarvin/assessment/assessment/security-assessment/node_modules/jest-circus/build/run.js:121:9)\n    at run (/Users/tristanmarvin/assessment/assessment/security-assessment/node_modules/jest-circus/build/run.js:71:3)\n    at runAndTransformResultsToJestFormat (/Users/tristanmarvin/assessment/assessment/security-assessment/node_modules/jest-circus/build/legacy-code-todo-rewrite/jestAdapterInit.js:122:21)\n    at jestAdapter (/Users/tristanmarvin/assessment/assessment/security-assessment/node_modules/jest-circus/build/legacy-code-todo-rewrite/jestAdapter.js:79:19)\n    at runTestInternal (/Users/tristanmarvin/assessment/assessment/security-assessment/node_modules/jest-runner/build/runTest.js:367:16)\n    at runTest (/Users/tristanmarvin/assessment/assessment/security-assessment/node_modules/jest-runner/build/runTest.js:444:34)\n    at Object.worker (/Users/tristanmarvin/assessment/assessment/security-assessment/node_modules/jest-runner/build/testWorker.js:106:12)","timestamp":"2025-12-13T23:29:16.257Z"}
{"containerId":"test-container","errorCode":"CONTAINER_CREATION_FAILED","level":"info","message":"Attempting error recovery","recoveryAttempts":5,"service":"security-assessment","timestamp":"2025-12-13T23:29:16.239Z"}
{"code":"CONTAINER_CREATION_FAILED","error":"ContainerCreationError","level":"error","message":"High severity security assessment error Test error","recoverable":true,"service":"security-assessment","severity":"high","stack":"ContainerCreationError: Test error\n    at Object.<anonymous> (/Users/tristanmarvin/assessment/assessment/security-assessment/src/__tests__/utils/recovery.test.ts:77:21)\n    at Promise.then.completed (/Users/tristanmarvin/assessment/assessment/security-assessment/node_modules/jest-circus/build/utils.js:298:28)\n    at new Promise (<anonymous>)\n    at callAsyncCircusFn (/Users/tristanmarvin/assessment/assessment/security-assessment/node_modules/jest-circus/build/utils.js:231:10)\n    at _callCircusTest (/Users/tristanmarvin/assessment/assessment/security-assessment/node_modules/jest-circus/build/run.js:316:40)\n    at processTicksAndRejections (node:internal/process/task_queues:103:5)\n    at _runTest (/Users/tristanmarvin/assessment/assessment/security-assessment/node_modules/jest-circus/build/run.js:252:3)\n    at _runTestsForDescribeBlock (/Users/tristanmarvin/assessment/assessment/security-assessment/node_modules/jest-circus/build/run.js:126:9)\n    at _runTestsForDescribeBlock (/Users/tristanmarvin/assessment/assessment/security-assessment/node_modules/jest-circus/build/run.js:121:9)\n    at _runTestsForDescribeBlock (/Users/tristanmarvin/assessment/assessment/security-assessment/node_modules/jest-circus/build/run.js:121:9)\n    at run (/Users/tristanmarvin/assessment/assessment/security-assessment/node_modules/jest-circus/build/run.js:71:3)\n    at runAndTransformResultsToJestFormat (/Users/tristanmarvin/assessment/assessment/security-assessment/node_modules/jest-circus/build/legacy-code-todo-rewrite/jestAdapterInit.js:122:21)\n    at jestAdapter (/Users/tristanmarvin/assessment/assessment/security-assessment/node_modules/jest-circus/build/legacy-code-todo-rewrite/jestAdapter.js:79:19)\n    at runTestInternal (/Users/tristanmarvin/assessment/assessment/security-assessment/node_modules/jest-runner/build/runTest.js:367:16)\n    at runTest (/Users/tristanmarvin/assessment/assessment/security-assessment/node_modules/jest-runner/build/runTest.js:444:34)\n    at Object.worker (/Users/tristanmarvin/assessment/assessment/security-assessment/node_modules/jest-runner/build/testWorker.js:106:12)","timestamp":"2025-12-13T23:29:16.241Z"}
{"containerId":"test-container","errorCode":"CONTAINER_CREATION_FAILED","level":"info","message":"Attempting error recovery","recoveryAttempts":1,"service":"security-assessment","timestamp":"2025-12-13T23:29:16.242Z"}
{"containerId":"test-container","errorCode":"CONTAINER_CREATION_FAILED","level":"info","message":"Attempting recovery with strategy: container-recreation","service":"security-assessment","timestamp":"2025-12-13T23:29:16.242Z"}
{"containerId":"test-container","errorCode":"CONTAINER_CREATION_FAILED","level":"info","message":"Recovery successful with strategy: container-recreation","service":"security-assessment","timestamp":"2025-12-13T23:29:16.243Z"}
{"level":"info","message":"Registered recovery strategy: custom-strategy","service":"security-assessment","timestamp":"2025-12-13T23:29:16.243Z"}
{"code":"CUSTOM_ERROR","error":"CustomError","level":"warn","message":"Medium severity security assessment error Custom error","recoverable":true,"service":"security-assessment","severity":"medium","stack":"CustomError: Custom error\n    at Object.<anonymous> (/Users/tristanmarvin/assessment/assessment/security-assessment/src/__tests__/utils/recovery.test.ts:113:21)\n    at Promise.then.completed (/Users/tristanmarvin/assessment/assessment/security-assessment/node_modules/jest-circus/build/utils.js:298:28)\n    at new Promise (<anonymous>)\n    at callAsyncCircusFn (/Users/tristanmarvin/assessment/assessment/security-assessment/node_modules/jest-circus/build/utils.js:231:10)\n    at _callCircusTest (/Users/tristanmarvin/assessment/assessment/security-assessment/node_modules/jest-circus/build/run.js:316:40)\n    at processTicksAndRejections (node:internal/process/task_queues:103:5)\n    at _runTest (/Users/tristanmarvin/assessment/assessment/security-assessment/node_modules/jest-circus/build/run.js:252:3)\n    at _runTestsForDescribeBlock (/Users/tristanmarvin/assessment/assessment/security-assessment/node_modules/jest-circus/build/run.js:126:9)\n    at _runTestsForDescribeBlock (/Users/tristanmarvin/assessment/assessment/security-assessment/node_modules/jest-circus/build/run.js:121:9)\n    at _runTestsForDescribeBlock (/Users/tristanmarvin/assessment/assessment/security-assessment/node_modules/jest-circus/build/run.js:121:9)\n    at run (/Users/tristanmarvin/assessment/assessment/security-assessment/node_modules/jest-circus/build/run.js:71:3)\n    at runAndTransformResultsToJestFormat (/Users/tristanmarvin/assessment/assessment/security-assessment/node_modules/jest-circus/build/legacy-code-todo-rewrite/jestAdapterInit.js:122:21)\n    at jestAdapter (/Users/tristanmarvin/assessment/assessment/security-assessment/node_modules/jest-circus/build/legacy-code-todo-rewrite/jestAdapter.js:79:19)\n    at runTestInternal (/Users/tristanmarvin/assessment/assessment/security-assessment/node_modules/jest-runner/build/runTest.js:367:16)\n    at runTest (/Users/tristanmarvin/assessment/assessment/security-assessment/node_modules/jest-runner/build/runTest.js:444:34)\n    at Object.worker (/Users/tristanmarvin/assessment/assessment/security-assessment/node_modules/jest-runner/build/testWorker.js:106:12)","timestamp":"2025-12-13T23:29:16.244Z"}
{"containerId":"test-container","errorCode":"CUSTOM_ERROR","level":"info","message":"Attempting error recovery","recoveryAttempts":1,"service":"security-assessment","timestamp":"2025-12-13T23:29:16.244Z"}
{"containerId":"test-container","errorCode":"CUSTOM_ERROR","level":"info","message":"Attempting recovery with strategy: custom-strategy","service":"security-assessment","timestamp":"2025-12-13T23:29:16.245Z"}
{"containerId":"test-container","errorCode":"CUSTOM_ERROR","level":"info","message":"Recovery successful with strategy: custom-strategy","service":"security-assessment","timestamp":"2025-12-13T23:29:16.245Z"}
{"code":"CONTAINER_CREATION_FAILED","error":"ContainerCreationError","level":"error","message":"High severity security assessment error Test error","recoverable":true,"service":"security-assessment","severity":"high","stack":"ContainerCreationError: Test error\n    at Object.<anonymous> (/Users/tristanmarvin/assessment/assessment/security-assessment/src/__tests__/utils/recovery.test.ts:140:21)\n    at Promise.then.completed (/Users/tristanmarvin/assessment/assessment/security-assessment/node_modules/jest-circus/build/utils.js:298:28)\n    at new Promise (<anonymous>)\n    at callAsyncCircusFn (/Users/tristanmarvin/assessment/assessment/security-assessment/node_modules/jest-circus/build/utils.js:231:10)\n    at _callCircusTest (/Users/tristanmarvin/assessment/assessment/security-assessment/node_modules/jest-circus/build/run.js:316:40)\n    at processTicksAndRejections (node:internal/process/task_queues:103:5)\n    at _runTest (/Users/tristanmarvin/assessment/assessment/security-assessment/node_modules/jest-circus/build/run.js:252:3)\n    at _runTestsForDescribeBlock (/Users/tristanmarvin/assessment/assessment/security-assessment/node_modules/jest-circus/build/run.js:126:9)\n    at _runTestsForDescribeBlock (/Users/tristanmarvin/assessment/assessment/security-assessment/node_modules/jest-circus/build/run.js:121:9)\n    at _runTestsForDescribeBlock (/Users/tristanmarvin/assessment/assessment/security-assessment/node_modules/jest-circus/build/run.js:121:9)\n    at run (/Users/tristanmarvin/assessment/assessment/security-assessment/node_modules/jest-circus/build/run.js:71:3)\n    at runAndTransformResultsToJestFormat (/Users/tristanmarvin/assessment/assessment/security-assessment/node_modules/jest-circus/build/legacy-code-todo-rewrite/jestAdapterInit.js:122:21)\n    at jestAdapter (/Users/tristanmarvin/assessment/assessment/security-assessment/node_modules/jest-circus/build/legacy-code-todo-rewrite/jestAdapter.js:79:19)\n    at runTestInternal (/Users/tristanmarvin/assessment/assessment/security-assessment/node_modules/jest-runner/build/runTest.js:367:16)\n    at runTest (/Users/tristanmarvin/assessment/assessment/security-assessment/node_modules/jest-runner/build/runTest.js:444:34)\n    at Object.worker (/Users/tristanmarvin/assessment/assessment/security-assessment/node_modules/jest-runner/build/testWorker.js:106:12)","timestamp":"2025-12-13T23:29:16.246Z"}
{"errorCode":"CONTAINER_CREATION_FAILED","level":"info","message":"Modified step for degradation: critical-analysis","modifications":"Reduced resource requirements or timeout","service":"security-assessment","timestamp":"2025-12-13T23:29:16.247Z"}
{"errorCode":"CONTAINER_CREATION_FAILED","level":"info","message":"Skipping step due to degradation: optional-test","reason":"Step can be safely skipped","service":"security-assessment","timestamp":"2025-12-13T23:29:16.247Z"}
{"errorCode":"CONTAINER_CREATION_FAILED","level":"info","message":"Skipping step due to degradation: enhancement-step","reason":"Step can be safely skipped","service":"security-assessment","timestamp":"2025-12-13T23:29:16.247Z"}
{"code":"CONTAINER_CREATION_FAILED","error":"ContainerCreationError","level":"error","message":"High severity security assessment error Test error","recoverable":true,"service":"security-assessment","severity":"high","stack":"ContainerCreationError: Test error\n    at Object.<anonymous> (/Users/tristanmarvin/assessment/assessment/security-assessment/src/__tests__/utils/recovery.test.ts:165:21)\n    at Promise.then.completed (/Users/tristanmarvin/assessment/assessment/security-assessment/node_modules/jest-circus/build/utils.js:298:28)\n    at new Promise (<anonymous>)\n    at callAsyncCircusFn (/Users/tristanmarvin/assessment/assessment/security-assessment/node_modules/jest-circus/build/utils.js:231:10)\n    at _callCircusTest (/Users/tristanmarvin/assessment/assessment/security-assessment/node_modules/jest-circus/build/run.js:316:40)\n    at processTicksAndRejections (node:internal/process/task_queues:103:5)\n    at _runTest (/Users/tristanmarvin/assessment/assessment/security-assessment/node_modules/jest-circus/build/run.js:252:3)\n    at _runTestsForDescribeBlock (/Users/tristanmarvin/assessment/assessment/security-assessment/node_modules/jest-circus/build/run.js:126:9)\n    at _runTestsForDescribeBlock (/Users/tristanmarvin/assessment/assessment/security-assessment/node_modules/jest-circus/build/run.js:121:9)\n    at _runTestsForDescribeBlock (/Users/tristanmarvin/assessment/assessment/security-assessment/node_modules/jest-circus/build/run.js:121:9)\n    at run (/Users/tristanmarvin/assessment/assessment/security-assessment/node_modules/jest-circus/build/run.js:71:3)\n    at runAndTransformResultsToJestFormat (/Users/tristanmarvin/assessment/assessment/security-assessment/node_modules/jest-circus/build/legacy-code-todo-rewrite/jestAdapterInit.js:122:21)\n    at jestAdapter (/Users/tristanmarvin/assessment/assessment/security-assessment/node_modules/jest-circus/build/legacy-code-todo-rewrite/jestAdapter.js:79:19)\n    at runTestInternal (/Users/tristanmarvin/assessment/assessment/security-assessment/node_modules/jest-runner/build/runTest.js:367:16)\n    at runTest (/Users/tristanmarvin/assessment/assessment/security-assessment/node_modules/jest-runner/build/runTest.js:444:34)\n    at Object.worker (/Users/tristanmarvin/assessment/assessment/security-assessment/node_modules/jest-runner/build/testWorker.js:106:12)","timestamp":"2025-12-13T23:29:16.252Z"}
{"errorCode":"CONTAINER_CREATION_FAILED","level":"info","message":"Modified step for degradation: long-analysis","modifications":"Reduced resource requirements or timeout","service":"security-assessment","timestamp":"2025-12-13T23:29:16.252Z"}
{"code":"CONTAINER_CREATION_FAILED","error":"ContainerCreationError","level":"error","message":"High severity security assessment error Test error","recoverable":true,"service":"security-assessment","severity":"high","stack":"ContainerCreationError: Test error\n    at Object.<anonymous> (/Users/tristanmarvin/assessment/assessment/security-assessment/src/__tests__/utils/recovery.test.ts:200:21)\n    at Promise.then.completed (/Users/tristanmarvin/assessment/assessment/security-assessment/node_modules/jest-circus/build/utils.js:298:28)\n    at new Promise (<anonymous>)\n    at callAsyncCircusFn (/Users/tristanmarvin/assessment/assessment/security-assessment/node_modules/jest-circus/build/utils.js:231:10)\n    at _callCircusTest (/Users/tristanmarvin/assessment/assessment/security-assessment/node_modules/jest-circus/build/run.js:316:40)\n    at processTicksAndRejections (node:internal/process/task_queues:103:5)\n    at _runTest (/Users/tristanmarvin/assessment/assessment/security-assessment/node_modules/jest-circus/build/run.js:252:3)\n    at _runTestsForDescribeBlock (/Users/tristanmarvin/assessment/assessment/security-assessment/node_modules/jest-circus/build/run.js:126:9)\n    at _runTestsForDescribeBlock (/Users/tristanmarvin/assessment/assessment/security-assessment/node_modules/jest-circus/build/run.js:121:9)\n    at _runTestsForDescribeBlock (/Users/tristanmarvin/assessment/assessment/security-assessment/node_modules/jest-circus/build/run.js:121:9)\n    at run (/Users/tristanmarvin/assessment/assessment/security-assessment/node_modules/jest-circus/build/run.js:71:3)\n    at runAndTransformResultsToJestFormat (/Users/tristanmarvin/assessment/assessment/security-assessment/node_modules/jest-circus/build/legacy-code-todo-rewrite/jestAdapterInit.js:122:21)\n    at jestAdapter (/Users/tristanmarvin/assessment/assessment/security-assessment/node_modules/jest-circus/build/legacy-code-todo-rewrite/jestAdapter.js:79:19)\n    at runTestInternal (/Users/tristanmarvin/assessment/assessment/security-assessment/node_modules/jest-runner/build/runTest.js:367:16)\n    at runTest (/Users/tristanmarvin/assessment/assessment/security-assessment/node_modules/jest-runner/build/runTest.js:444:34)\n    at Object.worker (/Users/tristanmarvin/assessment/assessment/security-assessment/node_modules/jest-runner/build/testWorker.js:106:12)","timestamp":"2025-12-13T23:29:16.253Z"}
{"containerId":"test-container","dataSize":467,"level":"info","message":"Storing preserved data","service":"security-assessment","timestamp":"2025-12-13T23:29:16.254Z"}
{"completedSteps":2,"containerId":"test-container","errorCode":"CONTAINER_CREATION_FAILED","level":"info","message":"Preserved partial results","service":"security-assessment","timestamp":"2025-12-13T23:29:16.254Z"}
{"code":"PARTIAL_ANALYSIS_FAILURE","context":{"completedSteps":["step1","step2"],"failedSteps":["CONTAINER_CREATION_FAILED"],"preservedData":{"completedSteps":["step1","step2"],"errorContext":{"code":"CONTAINER_CREATION_FAILED","message":"Test error","name":"ContainerCreationError","recoverable":true,"severity":"high","timestamp":"2025-12-13T23:29:16.253Z"},"lastCheckpoint":{"results":{"findings":["issue1","issue2"]},"state":{"completed":true},"stepName":"step2","timestamp":"2025-12-13T23:29:16.254Z"},"partialResults":{"findings":["issue1","issue2"]},"preservationTimestamp":"2025-12-13T23:29:16.254Z"}},"error":"PartialAnalysisError","level":"warn","message":"Medium severity security assessment error Analysis partially completed. 2 steps succeeded before failure.","recoverable":true,"service":"security-assessment","severity":"medium","stack":"PartialAnalysisError: Analysis partially completed. 2 steps succeeded before failure.\n    at RecoveryManager.preservePartialResults (/Users/tristanmarvin/assessment/assessment/security-assessment/src/utils/recovery.ts:229:12)\n    at Object.<anonymous> (/Users/tristanmarvin/assessment/assessment/security-assessment/src/__tests__/utils/recovery.test.ts:205:46)\n    at Promise.then.completed (/Users/tristanmarvin/assessment/assessment/security-assessment/node_modules/jest-circus/build/utils.js:298:28)\n    at new Promise (<anonymous>)\n    at callAsyncCircusFn (/Users/tristanmarvin/assessment/assessment/security-assessment/node_modules/jest-circus/build/utils.js:231:10)\n    at _callCircusTest (/Users/tristanmarvin/assessment/assessment/security-assessment/node_modules/jest-circus/build/run.js:316:40)\n    at processTicksAndRejections (node:internal/process/task_queues:103:5)\n    at _runTest (/Users/tristanmarvin/assessment/assessment/security-assessment/node_modules/jest-circus/build/run.js:252:3)\n    at _runTestsForDescribeBlock (/Users/tristanmarvin/assessment/assessment/security-assessment/node_modules/jest-circus/build/run.js:126:9)\n    at _runTestsForDescribeBlock (/Users/tristanmarvin/assessment/assessment/security-assessment/node_modules/jest-circus/build/run.js:121:9)\n    at _runTestsForDescribeBlock (/Users/tristanmarvin/assessment/assessment/security-assessment/node_modules/jest-circus/build/run.js:121:9)\n    at run (/Users/tristanmarvin/assessment/assessment/security-assessment/node_modules/jest-circus/build/run.js:71:3)\n    at runAndTransformResultsToJestFormat (/Users/tristanmarvin/assessment/assessment/security-assessment/node_modules/jest-circus/build/legacy-code-todo-rewrite/jestAdapterInit.js:122:21)\n    at jestAdapter (/Users/tristanmarvin/assessment/assessment/security-assessment/node_modules/jest-circus/build/legacy-code-todo-rewrite/jestAdapter.js:79:19)\n    at runTestInternal (/Users/tristanmarvin/assessment/assessment/security-assessment/node_modules/jest-runner/build/runTest.js:367:16)\n    at runTest (/Users/tristanmarvin/assessment/assessment/security-assessment/node_modules/jest-runner/build/runTest.js:444:34)\n    at Object.worker (/Users/tristanmarvin/assessment/assessment/security-assessment/node_modules/jest-runner/build/testWorker.js:106:12)","timestamp":"2025-12-13T23:29:16.255Z"}
{"attempt":1,"error":"First failure","level":"warn","maxAttempts":2,"message":"test-operation failed on attempt 1","service":"security-assessment","timestamp":"2025-12-13T23:29:16.291Z"}
{"error":{},"level":"warn","message":"Error in retry callback","service":"security-assessment","timestamp":"2025-12-13T23:29:16.291Z"}
{"attempts":2,"duration":106,"level":"info","message":"test-operation succeeded on attempt 2","service":"security-assessment","timestamp":"2025-12-13T23:29:16.397Z"}
{"failures":2,"level":"warn","message":"Circuit breaker opened for test","service":"security-assessment","threshold":2,"timestamp":"2025-12-13T23:29:16.413Z"}
{"failures":2,"level":"warn","message":"Circuit breaker opened for test","service":"security-assessment","threshold":2,"timestamp":"2025-12-13T23:29:16.414Z"}
{"failures":2,"level":"warn","message":"Circuit breaker opened for test","service":"security-assessment","threshold":2,"timestamp":"2025-12-13T23:29:16.419Z"}
{"level":"info","message":"Circuit breaker transitioning to half-open for test","service":"security-assessment","timestamp":"2025-12-13T23:29:16.435Z"}
{"level":"info","message":"Circuit breaker closed for test","service":"security-assessment","timestamp":"2025-12-13T23:29:16.435Z"}
