{"attempts":2,"duration":13,"error":"Persistent failure","level":"error","message":"test-operation failed after 2 attempts","service":"security-assessment","timestamp":"2025-12-13T23:27:01.900Z"}
{"code":"CONTAINER_CREATION_FAILED","context":{"containerId":"test-123"},"error":"ContainerCreationError","level":"error","message":"High severity security assessment error Test error message","recoverable":true,"service":"security-assessment","severity":"high","stack":"ContainerCreationError: Test error message\n    at Object.<anonymous> (/Users/tristanmarvin/assessment/assessment/security-assessment/src/__tests__/utils/errors.test.ts:17:19)\n    at Promise.then.completed (/Users/tristanmarvin/assessment/assessment/security-assessment/node_modules/jest-circus/build/utils.js:298:28)\n    at new Promise (<anonymous>)\n    at callAsyncCircusFn (/Users/tristanmarvin/assessment/assessment/security-assessment/node_modules/jest-circus/build/utils.js:231:10)\n    at _callCircusTest (/Users/tristanmarvin/assessment/assessment/security-assessment/node_modules/jest-circus/build/run.js:316:40)\n    at processTicksAndRejections (node:internal/process/task_queues:103:5)\n    at _runTest (/Users/tristanmarvin/assessment/assessment/security-assessment/node_modules/jest-circus/build/run.js:252:3)\n    at _runTestsForDescribeBlock (/Users/tristanmarvin/assessment/assessment/security-assessment/node_modules/jest-circus/build/run.js:126:9)\n    at _runTestsForDescribeBlock (/Users/tristanmarvin/assessment/assessment/security-assessment/node_modules/jest-circus/build/run.js:121:9)\n    at run (/Users/tristanmarvin/assessment/assessment/security-assessment/node_modules/jest-circus/build/run.js:71:3)\n    at runAndTransformResultsToJestFormat (/Users/tristanmarvin/assessment/assessment/security-assessment/node_modules/jest-circus/build/legacy-code-todo-rewrite/jestAdapterInit.js:122:21)\n    at jestAdapter (/Users/tristanmarvin/assessment/assessment/security-assessment/node_modules/jest-circus/build/legacy-code-todo-rewrite/jestAdapter.js:79:19)\n    at runTestInternal (/Users/tristanmarvin/assessment/assessment/security-assessment/node_modules/jest-runner/build/runTest.js:367:16)\n    at runTest (/Users/tristanmarvin/assessment/assessment/security-assessment/node_modules/jest-runner/build/runTest.js:444:34)\n    at Object.worker (/Users/tristanmarvin/assessment/assessment/security-assessment/node_modules/jest-runner/build/testWorker.js:106:12)","timestamp":"2025-12-13T23:27:01.784Z"}
{"code":"CONTAINER_CREATION_FAILED","error":"ContainerCreationError","level":"error","message":"High severity security assessment error Test error","recoverable":true,"service":"security-assessment","severity":"high","stack":"ContainerCreationError: Test error\n    at Object.<anonymous> (/Users/tristanmarvin/assessment/assessment/security-assessment/src/__tests__/utils/errors.test.ts:28:19)\n    at Promise.then.completed (/Users/tristanmarvin/assessment/assessment/security-assessment/node_modules/jest-circus/build/utils.js:298:28)\n    at new Promise (<anonymous>)\n    at callAsyncCircusFn (/Users/tristanmarvin/assessment/assessment/security-assessment/node_modules/jest-circus/build/utils.js:231:10)\n    at _callCircusTest (/Users/tristanmarvin/assessment/assessment/security-assessment/node_modules/jest-circus/build/run.js:316:40)\n    at processTicksAndRejections (node:internal/process/task_queues:103:5)\n    at _runTest (/Users/tristanmarvin/assessment/assessment/security-assessment/node_modules/jest-circus/build/run.js:252:3)\n    at _runTestsForDescribeBlock (/Users/tristanmarvin/assessment/assessment/security-assessment/node_modules/jest-circus/build/run.js:126:9)\n    at _runTestsForDescribeBlock (/Users/tristanmarvin/assessment/assessment/security-assessment/node_modules/jest-circus/build/run.js:121:9)\n    at run (/Users/tristanmarvin/assessment/assessment/security-assessment/node_modules/jest-circus/build/run.js:71:3)\n    at runAndTransformResultsToJestFormat (/Users/tristanmarvin/assessment/assessment/security-assessment/node_modules/jest-circus/build/legacy-code-todo-rewrite/jestAdapterInit.js:122:21)\n    at jestAdapter (/Users/tristanmarvin/assessment/assessment/security-assessment/node_modules/jest-circus/build/legacy-code-todo-rewrite/jestAdapter.js:79:19)\n    at runTestInternal (/Users/tristanmarvin/assessment/assessment/security-assessment/node_modules/jest-runner/build/runTest.js:367:16)\n    at runTest (/Users/tristanmarvin/assessment/assessment/security-assessment/node_modules/jest-runner/build/runTest.js:444:34)\n    at Object.worker (/Users/tristanmarvin/assessment/assessment/security-assessment/node_modules/jest-runner/build/testWorker.js:106:12)","timestamp":"2025-12-13T23:27:01.810Z"}
{"code":"SECURITY_VIOLATION_NETWORK","context":{"destination":"192.168.1.1","violationType":"NETWORK"},"error":"NetworkSecurityViolationError","level":"error","message":"Critical security assessment error Unauthorized network access","recoverable":false,"service":"security-assessment","severity":"critical","stack":"NetworkSecurityViolationError: Unauthorized network access\n    at Object.<anonymous> (/Users/tristanmarvin/assessment/assessment/security-assessment/src/__tests__/utils/errors.test.ts:53:19)\n    at Promise.then.completed (/Users/tristanmarvin/assessment/assessment/security-assessment/node_modules/jest-circus/build/utils.js:298:28)\n    at new Promise (<anonymous>)\n    at callAsyncCircusFn (/Users/tristanmarvin/assessment/assessment/security-assessment/node_modules/jest-circus/build/utils.js:231:10)\n    at _callCircusTest (/Users/tristanmarvin/assessment/assessment/security-assessment/node_modules/jest-circus/build/run.js:316:40)\n    at processTicksAndRejections (node:internal/process/task_queues:103:5)\n    at _runTest (/Users/tristanmarvin/assessment/assessment/security-assessment/node_modules/jest-circus/build/run.js:252:3)\n    at _runTestsForDescribeBlock (/Users/tristanmarvin/assessment/assessment/security-assessment/node_modules/jest-circus/build/run.js:126:9)\n    at _runTestsForDescribeBlock (/Users/tristanmarvin/assessment/assessment/security-assessment/node_modules/jest-circus/build/run.js:121:9)\n    at run (/Users/tristanmarvin/assessment/assessment/security-assessment/node_modules/jest-circus/build/run.js:71:3)\n    at runAndTransformResultsToJestFormat (/Users/tristanmarvin/assessment/assessment/security-assessment/node_modules/jest-circus/build/legacy-code-todo-rewrite/jestAdapterInit.js:122:21)\n    at jestAdapter (/Users/tristanmarvin/assessment/assessment/security-assessment/node_modules/jest-circus/build/legacy-code-todo-rewrite/jestAdapter.js:79:19)\n    at runTestInternal (/Users/tristanmarvin/assessment/assessment/security-assessment/node_modules/jest-runner/build/runTest.js:367:16)\n    at runTest (/Users/tristanmarvin/assessment/assessment/security-assessment/node_modules/jest-runner/build/runTest.js:444:34)\n    at Object.worker (/Users/tristanmarvin/assessment/assessment/security-assessment/node_modules/jest-runner/build/testWorker.js:106:12)","timestamp":"2025-12-13T23:27:01.850Z"}
{"code":"CONTAINER_CREATION_FAILED","error":"ContainerCreationError","level":"error","message":"High severity security assessment error Container creation failed","recoverable":true,"service":"security-assessment","severity":"high","stack":"ContainerCreationError: Container creation failed\n    at Object.<anonymous> (/Users/tristanmarvin/assessment/assessment/security-assessment/src/__tests__/utils/errors.test.ts:70:21)\n    at Promise.then.completed (/Users/tristanmarvin/assessment/assessment/security-assessment/node_modules/jest-circus/build/utils.js:298:28)\n    at new Promise (<anonymous>)\n    at callAsyncCircusFn (/Users/tristanmarvin/assessment/assessment/security-assessment/node_modules/jest-circus/build/utils.js:231:10)\n    at _callCircusTest (/Users/tristanmarvin/assessment/assessment/security-assessment/node_modules/jest-circus/build/run.js:316:40)\n    at processTicksAndRejections (node:internal/process/task_queues:103:5)\n    at _runTest (/Users/tristanmarvin/assessment/assessment/security-assessment/node_modules/jest-circus/build/run.js:252:3)\n    at _runTestsForDescribeBlock (/Users/tristanmarvin/assessment/assessment/security-assessment/node_modules/jest-circus/build/run.js:126:9)\n    at _runTestsForDescribeBlock (/Users/tristanmarvin/assessment/assessment/security-assessment/node_modules/jest-circus/build/run.js:121:9)\n    at _runTestsForDescribeBlock (/Users/tristanmarvin/assessment/assessment/security-assessment/node_modules/jest-circus/build/run.js:121:9)\n    at run (/Users/tristanmarvin/assessment/assessment/security-assessment/node_modules/jest-circus/build/run.js:71:3)\n    at runAndTransformResultsToJestFormat (/Users/tristanmarvin/assessment/assessment/security-assessment/node_modules/jest-circus/build/legacy-code-todo-rewrite/jestAdapterInit.js:122:21)\n    at jestAdapter (/Users/tristanmarvin/assessment/assessment/security-assessment/node_modules/jest-circus/build/legacy-code-todo-rewrite/jestAdapter.js:79:19)\n    at runTestInternal (/Users/tristanmarvin/assessment/assessment/security-assessment/node_modules/jest-runner/build/runTest.js:367:16)\n    at runTest (/Users/tristanmarvin/assessment/assessment/security-assessment/node_modules/jest-runner/build/runTest.js:444:34)\n    at Object.worker (/Users/tristanmarvin/assessment/assessment/security-assessment/node_modules/jest-runner/build/testWorker.js:106:12)","timestamp":"2025-12-13T23:27:01.854Z"}
{"code":"SECURITY_VIOLATION_NETWORK","context":{"violationType":"NETWORK"},"error":"SecurityViolationError","level":"error","message":"Critical security assessment error Security violation","recoverable":false,"service":"security-assessment","severity":"critical","stack":"SecurityViolationError: Security violation\n    at Object.<anonymous> (/Users/tristanmarvin/assessment/assessment/security-assessment/src/__tests__/utils/errors.test.ts:75:21)\n    at Promise.then.completed (/Users/tristanmarvin/assessment/assessment/security-assessment/node_modules/jest-circus/build/utils.js:298:28)\n    at new Promise (<anonymous>)\n    at callAsyncCircusFn (/Users/tristanmarvin/assessment/assessment/security-assessment/node_modules/jest-circus/build/utils.js:231:10)\n    at _callCircusTest (/Users/tristanmarvin/assessment/assessment/security-assessment/node_modules/jest-circus/build/run.js:316:40)\n    at processTicksAndRejections (node:internal/process/task_queues:103:5)\n    at _runTest (/Users/tristanmarvin/assessment/assessment/security-assessment/node_modules/jest-circus/build/run.js:252:3)\n    at _runTestsForDescribeBlock (/Users/tristanmarvin/assessment/assessment/security-assessment/node_modules/jest-circus/build/run.js:126:9)\n    at _runTestsForDescribeBlock (/Users/tristanmarvin/assessment/assessment/security-assessment/node_modules/jest-circus/build/run.js:121:9)\n    at _runTestsForDescribeBlock (/Users/tristanmarvin/assessment/assessment/security-assessment/node_modules/jest-circus/build/run.js:121:9)\n    at run (/Users/tristanmarvin/assessment/assessment/security-assessment/node_modules/jest-circus/build/run.js:71:3)\n    at runAndTransformResultsToJestFormat (/Users/tristanmarvin/assessment/assessment/security-assessment/node_modules/jest-circus/build/legacy-code-todo-rewrite/jestAdapterInit.js:122:21)\n    at jestAdapter (/Users/tristanmarvin/assessment/assessment/security-assessment/node_modules/jest-circus/build/legacy-code-todo-rewrite/jestAdapter.js:79:19)\n    at runTestInternal (/Users/tristanmarvin/assessment/assessment/security-assessment/node_modules/jest-runner/build/runTest.js:367:16)\n    at runTest (/Users/tristanmarvin/assessment/assessment/security-assessment/node_modules/jest-runner/build/runTest.js:444:34)\n    at Object.worker (/Users/tristanmarvin/assessment/assessment/security-assessment/node_modules/jest-runner/build/testWorker.js:106:12)","timestamp":"2025-12-13T23:27:01.859Z"}
{"code":"SECURITY_VIOLATION_FILESYSTEM","context":{"violationType":"FILESYSTEM"},"error":"SecurityViolationError","level":"error","message":"Critical security assessment error Security violation","recoverable":false,"service":"security-assessment","severity":"critical","stack":"SecurityViolationError: Security violation\n    at Object.<anonymous> (/Users/tristanmarvin/assessment/assessment/security-assessment/src/__tests__/utils/errors.test.ts:113:21)\n    at Promise.then.completed (/Users/tristanmarvin/assessment/assessment/security-assessment/node_modules/jest-circus/build/utils.js:298:28)\n    at new Promise (<anonymous>)\n    at callAsyncCircusFn (/Users/tristanmarvin/assessment/assessment/security-assessment/node_modules/jest-circus/build/utils.js:231:10)\n    at _callCircusTest (/Users/tristanmarvin/assessment/assessment/security-assessment/node_modules/jest-circus/build/run.js:316:40)\n    at processTicksAndRejections (node:internal/process/task_queues:103:5)\n    at _runTest (/Users/tristanmarvin/assessment/assessment/security-assessment/node_modules/jest-circus/build/run.js:252:3)\n    at _runTestsForDescribeBlock (/Users/tristanmarvin/assessment/assessment/security-assessment/node_modules/jest-circus/build/run.js:126:9)\n    at _runTestsForDescribeBlock (/Users/tristanmarvin/assessment/assessment/security-assessment/node_modules/jest-circus/build/run.js:121:9)\n    at _runTestsForDescribeBlock (/Users/tristanmarvin/assessment/assessment/security-assessment/node_modules/jest-circus/build/run.js:121:9)\n    at run (/Users/tristanmarvin/assessment/assessment/security-assessment/node_modules/jest-circus/build/run.js:71:3)\n    at runAndTransformResultsToJestFormat (/Users/tristanmarvin/assessment/assessment/security-assessment/node_modules/jest-circus/build/legacy-code-todo-rewrite/jestAdapterInit.js:122:21)\n    at jestAdapter (/Users/tristanmarvin/assessment/assessment/security-assessment/node_modules/jest-circus/build/legacy-code-todo-rewrite/jestAdapter.js:79:19)\n    at runTestInternal (/Users/tristanmarvin/assessment/assessment/security-assessment/node_modules/jest-runner/build/runTest.js:367:16)\n    at runTest (/Users/tristanmarvin/assessment/assessment/security-assessment/node_modules/jest-runner/build/runTest.js:444:34)\n    at Object.worker (/Users/tristanmarvin/assessment/assessment/security-assessment/node_modules/jest-runner/build/testWorker.js:106:12)","timestamp":"2025-12-13T23:27:01.864Z"}
{"code":"CONTAINER_CREATION_FAILED","error":"ContainerCreationError","level":"error","message":"High severity security assessment error Container creation failed","recoverable":true,"service":"security-assessment","severity":"high","stack":"ContainerCreationError: Container creation failed\n    at Object.<anonymous> (/Users/tristanmarvin/assessment/assessment/security-assessment/src/__tests__/utils/errors.test.ts:118:21)\n    at Promise.then.completed (/Users/tristanmarvin/assessment/assessment/security-assessment/node_modules/jest-circus/build/utils.js:298:28)\n    at new Promise (<anonymous>)\n    at callAsyncCircusFn (/Users/tristanmarvin/assessment/assessment/security-assessment/node_modules/jest-circus/build/utils.js:231:10)\n    at _callCircusTest (/Users/tristanmarvin/assessment/assessment/security-assessment/node_modules/jest-circus/build/run.js:316:40)\n    at processTicksAndRejections (node:internal/process/task_queues:103:5)\n    at _runTest (/Users/tristanmarvin/assessment/assessment/security-assessment/node_modules/jest-circus/build/run.js:252:3)\n    at _runTestsForDescribeBlock (/Users/tristanmarvin/assessment/assessment/security-assessment/node_modules/jest-circus/build/run.js:126:9)\n    at _runTestsForDescribeBlock (/Users/tristanmarvin/assessment/assessment/security-assessment/node_modules/jest-circus/build/run.js:121:9)\n    at _runTestsForDescribeBlock (/Users/tristanmarvin/assessment/assessment/security-assessment/node_modules/jest-circus/build/run.js:121:9)\n    at run (/Users/tristanmarvin/assessment/assessment/security-assessment/node_modules/jest-circus/build/run.js:71:3)\n    at runAndTransformResultsToJestFormat (/Users/tristanmarvin/assessment/assessment/security-assessment/node_modules/jest-circus/build/legacy-code-todo-rewrite/jestAdapterInit.js:122:21)\n    at jestAdapter (/Users/tristanmarvin/assessment/assessment/security-assessment/node_modules/jest-circus/build/legacy-code-todo-rewrite/jestAdapter.js:79:19)\n    at runTestInternal (/Users/tristanmarvin/assessment/assessment/security-assessment/node_modules/jest-runner/build/runTest.js:367:16)\n    at runTest (/Users/tristanmarvin/assessment/assessment/security-assessment/node_modules/jest-runner/build/runTest.js:444:34)\n    at Object.worker (/Users/tristanmarvin/assessment/assessment/security-assessment/node_modules/jest-runner/build/testWorker.js:106:12)","timestamp":"2025-12-13T23:27:01.867Z"}
{"code":"CONTAINER_CREATION_FAILED","error":"ContainerCreationError","level":"error","message":"High severity security assessment error Container creation failed","recoverable":true,"service":"security-assessment","severity":"high","stack":"ContainerCreationError: Container creation failed\n    at Object.<anonymous> (/Users/tristanmarvin/assessment/assessment/security-assessment/src/__tests__/utils/errors.test.ts:125:21)\n    at Promise.then.completed (/Users/tristanmarvin/assessment/assessment/security-assessment/node_modules/jest-circus/build/utils.js:298:28)\n    at new Promise (<anonymous>)\n    at callAsyncCircusFn (/Users/tristanmarvin/assessment/assessment/security-assessment/node_modules/jest-circus/build/utils.js:231:10)\n    at _callCircusTest (/Users/tristanmarvin/assessment/assessment/security-assessment/node_modules/jest-circus/build/run.js:316:40)\n    at processTicksAndRejections (node:internal/process/task_queues:103:5)\n    at _runTest (/Users/tristanmarvin/assessment/assessment/security-assessment/node_modules/jest-circus/build/run.js:252:3)\n    at _runTestsForDescribeBlock (/Users/tristanmarvin/assessment/assessment/security-assessment/node_modules/jest-circus/build/run.js:126:9)\n    at _runTestsForDescribeBlock (/Users/tristanmarvin/assessment/assessment/security-assessment/node_modules/jest-circus/build/run.js:121:9)\n    at _runTestsForDescribeBlock (/Users/tristanmarvin/assessment/assessment/security-assessment/node_modules/jest-circus/build/run.js:121:9)\n    at run (/Users/tristanmarvin/assessment/assessment/security-assessment/node_modules/jest-circus/build/run.js:71:3)\n    at runAndTransformResultsToJestFormat (/Users/tristanmarvin/assessment/assessment/security-assessment/node_modules/jest-circus/build/legacy-code-todo-rewrite/jestAdapterInit.js:122:21)\n    at jestAdapter (/Users/tristanmarvin/assessment/assessment/security-assessment/node_modules/jest-circus/build/legacy-code-todo-rewrite/jestAdapter.js:79:19)\n    at runTestInternal (/Users/tristanmarvin/assessment/assessment/security-assessment/node_modules/jest-runner/build/runTest.js:367:16)\n    at runTest (/Users/tristanmarvin/assessment/assessment/security-assessment/node_modules/jest-runner/build/runTest.js:444:34)\n    at Object.worker (/Users/tristanmarvin/assessment/assessment/security-assessment/node_modules/jest-runner/build/testWorker.js:106:12)","timestamp":"2025-12-13T23:27:01.868Z"}
{"code":"CONTAINER_CREATION_FAILED","error":"ContainerCreationError","level":"error","message":"High severity security assessment error Container creation failed","recoverable":true,"service":"security-assessment","severity":"high","stack":"ContainerCreationError: Container creation failed\n    at Object.<anonymous> (/Users/tristanmarvin/assessment/assessment/security-assessment/src/__tests__/utils/errors.test.ts:142:29)\n    at Promise.then.completed (/Users/tristanmarvin/assessment/assessment/security-assessment/node_modules/jest-circus/build/utils.js:298:28)\n    at new Promise (<anonymous>)\n    at callAsyncCircusFn (/Users/tristanmarvin/assessment/assessment/security-assessment/node_modules/jest-circus/build/utils.js:231:10)\n    at _callCircusTest (/Users/tristanmarvin/assessment/assessment/security-assessment/node_modules/jest-circus/build/run.js:316:40)\n    at processTicksAndRejections (node:internal/process/task_queues:103:5)\n    at _runTest (/Users/tristanmarvin/assessment/assessment/security-assessment/node_modules/jest-circus/build/run.js:252:3)\n    at _runTestsForDescribeBlock (/Users/tristanmarvin/assessment/assessment/security-assessment/node_modules/jest-circus/build/run.js:126:9)\n    at _runTestsForDescribeBlock (/Users/tristanmarvin/assessment/assessment/security-assessment/node_modules/jest-circus/build/run.js:121:9)\n    at _runTestsForDescribeBlock (/Users/tristanmarvin/assessment/assessment/security-assessment/node_modules/jest-circus/build/run.js:121:9)\n    at run (/Users/tristanmarvin/assessment/assessment/security-assessment/node_modules/jest-circus/build/run.js:71:3)\n    at runAndTransformResultsToJestFormat (/Users/tristanmarvin/assessment/assessment/security-assessment/node_modules/jest-circus/build/legacy-code-todo-rewrite/jestAdapterInit.js:122:21)\n    at jestAdapter (/Users/tristanmarvin/assessment/assessment/security-assessment/node_modules/jest-circus/build/legacy-code-todo-rewrite/jestAdapter.js:79:19)\n    at runTestInternal (/Users/tristanmarvin/assessment/assessment/security-assessment/node_modules/jest-runner/build/runTest.js:367:16)\n    at runTest (/Users/tristanmarvin/assessment/assessment/security-assessment/node_modules/jest-runner/build/runTest.js:444:34)\n    at Object.worker (/Users/tristanmarvin/assessment/assessment/security-assessment/node_modules/jest-runner/build/testWorker.js:106:12)","timestamp":"2025-12-13T23:27:01.870Z"}
{"code":"CONTAINER_CREATION_FAILED","context":{"containerId":"test-123","originalError":"Failed to create container: image not found"},"error":"ContainerCreationError","level":"error","message":"High severity security assessment error Failed to create container: image not found","recoverable":true,"service":"security-assessment","severity":"high","stack":"ContainerCreationError: Failed to create container: image not found\n    at ErrorHandler.createFromGenericError (/Users/tristanmarvin/assessment/assessment/security-assessment/src/utils/errors.ts:310:14)\n    at Object.<anonymous> (/Users/tristanmarvin/assessment/assessment/security-assessment/src/__tests__/utils/errors.test.ts:149:35)\n    at Promise.then.completed (/Users/tristanmarvin/assessment/assessment/security-assessment/node_modules/jest-circus/build/utils.js:298:28)\n    at new Promise (<anonymous>)\n    at callAsyncCircusFn (/Users/tristanmarvin/assessment/assessment/security-assessment/node_modules/jest-circus/build/utils.js:231:10)\n    at _callCircusTest (/Users/tristanmarvin/assessment/assessment/security-assessment/node_modules/jest-circus/build/run.js:316:40)\n    at processTicksAndRejections (node:internal/process/task_queues:103:5)\n    at _runTest (/Users/tristanmarvin/assessment/assessment/security-assessment/node_modules/jest-circus/build/run.js:252:3)\n    at _runTestsForDescribeBlock (/Users/tristanmarvin/assessment/assessment/security-assessment/node_modules/jest-circus/build/run.js:126:9)\n    at _runTestsForDescribeBlock (/Users/tristanmarvin/assessment/assessment/security-assessment/node_modules/jest-circus/build/run.js:121:9)\n    at _runTestsForDescribeBlock (/Users/tristanmarvin/assessment/assessment/security-assessment/node_modules/jest-circus/build/run.js:121:9)\n    at run (/Users/tristanmarvin/assessment/assessment/security-assessment/node_modules/jest-circus/build/run.js:71:3)\n    at runAndTransformResultsToJestFormat (/Users/tristanmarvin/assessment/assessment/security-assessment/node_modules/jest-circus/build/legacy-code-todo-rewrite/jestAdapterInit.js:122:21)\n    at jestAdapter (/Users/tristanmarvin/assessment/assessment/security-assessment/node_modules/jest-circus/build/legacy-code-todo-rewrite/jestAdapter.js:79:19)\n    at runTestInternal (/Users/tristanmarvin/assessment/assessment/security-assessment/node_modules/jest-runner/build/runTest.js:367:16)\n    at runTest (/Users/tristanmarvin/assessment/assessment/security-assessment/node_modules/jest-runner/build/runTest.js:444:34)\n    at Object.worker (/Users/tristanmarvin/assessment/assessment/security-assessment/node_modules/jest-runner/build/testWorker.js:106:12)","timestamp":"2025-12-13T23:27:01.876Z"}
{"code":"CONTAINER_CREATION_FAILED","error":"ContainerCreationError","level":"error","message":"High severity security assessment error Container creation failed","recoverable":true,"service":"security-assessment","severity":"high","stack":"ContainerCreationError: Container creation failed\n    at Object.<anonymous> (/Users/tristanmarvin/assessment/assessment/security-assessment/src/__tests__/utils/errors.test.ts:173:21)\n    at Promise.then.completed (/Users/tristanmarvin/assessment/assessment/security-assessment/node_modules/jest-circus/build/utils.js:298:28)\n    at new Promise (<anonymous>)\n    at callAsyncCircusFn (/Users/tristanmarvin/assessment/assessment/security-assessment/node_modules/jest-circus/build/utils.js:231:10)\n    at _callCircusTest (/Users/tristanmarvin/assessment/assessment/security-assessment/node_modules/jest-circus/build/run.js:316:40)\n    at processTicksAndRejections (node:internal/process/task_queues:103:5)\n    at _runTest (/Users/tristanmarvin/assessment/assessment/security-assessment/node_modules/jest-circus/build/run.js:252:3)\n    at _runTestsForDescribeBlock (/Users/tristanmarvin/assessment/assessment/security-assessment/node_modules/jest-circus/build/run.js:126:9)\n    at _runTestsForDescribeBlock (/Users/tristanmarvin/assessment/assessment/security-assessment/node_modules/jest-circus/build/run.js:121:9)\n    at _runTestsForDescribeBlock (/Users/tristanmarvin/assessment/assessment/security-assessment/node_modules/jest-circus/build/run.js:121:9)\n    at run (/Users/tristanmarvin/assessment/assessment/security-assessment/node_modules/jest-circus/build/run.js:71:3)\n    at runAndTransformResultsToJestFormat (/Users/tristanmarvin/assessment/assessment/security-assessment/node_modules/jest-circus/build/legacy-code-todo-rewrite/jestAdapterInit.js:122:21)\n    at jestAdapter (/Users/tristanmarvin/assessment/assessment/security-assessment/node_modules/jest-circus/build/legacy-code-todo-rewrite/jestAdapter.js:79:19)\n    at runTestInternal (/Users/tristanmarvin/assessment/assessment/security-assessment/node_modules/jest-runner/build/runTest.js:367:16)\n    at runTest (/Users/tristanmarvin/assessment/assessment/security-assessment/node_modules/jest-runner/build/runTest.js:444:34)\n    at Object.worker (/Users/tristanmarvin/assessment/assessment/security-assessment/node_modules/jest-runner/build/testWorker.js:106:12)","timestamp":"2025-12-13T23:27:01.901Z"}
{"code":"CONTAINER_CREATION_FAILED","context":{"containerId":"test-123"},"error":"ContainerCreationError","level":"error","message":"High severity security assessment error Container creation failed","recoverable":true,"service":"security-assessment","severity":"high","stack":"ContainerCreationError: Container creation failed\n    at Object.<anonymous> (/Users/tristanmarvin/assessment/assessment/security-assessment/src/__tests__/utils/errors.test.ts:182:21)\n    at Promise.then.completed (/Users/tristanmarvin/assessment/assessment/security-assessment/node_modules/jest-circus/build/utils.js:298:28)\n    at new Promise (<anonymous>)\n    at callAsyncCircusFn (/Users/tristanmarvin/assessment/assessment/security-assessment/node_modules/jest-circus/build/utils.js:231:10)\n    at _callCircusTest (/Users/tristanmarvin/assessment/assessment/security-assessment/node_modules/jest-circus/build/run.js:316:40)\n    at processTicksAndRejections (node:internal/process/task_queues:103:5)\n    at _runTest (/Users/tristanmarvin/assessment/assessment/security-assessment/node_modules/jest-circus/build/run.js:252:3)\n    at _runTestsForDescribeBlock (/Users/tristanmarvin/assessment/assessment/security-assessment/node_modules/jest-circus/build/run.js:126:9)\n    at _runTestsForDescribeBlock (/Users/tristanmarvin/assessment/assessment/security-assessment/node_modules/jest-circus/build/run.js:121:9)\n    at _runTestsForDescribeBlock (/Users/tristanmarvin/assessment/assessment/security-assessment/node_modules/jest-circus/build/run.js:121:9)\n    at run (/Users/tristanmarvin/assessment/assessment/security-assessment/node_modules/jest-circus/build/run.js:71:3)\n    at runAndTransformResultsToJestFormat (/Users/tristanmarvin/assessment/assessment/security-assessment/node_modules/jest-circus/build/legacy-code-todo-rewrite/jestAdapterInit.js:122:21)\n    at jestAdapter (/Users/tristanmarvin/assessment/assessment/security-assessment/node_modules/jest-circus/build/legacy-code-todo-rewrite/jestAdapter.js:79:19)\n    at runTestInternal (/Users/tristanmarvin/assessment/assessment/security-assessment/node_modules/jest-runner/build/runTest.js:367:16)\n    at runTest (/Users/tristanmarvin/assessment/assessment/security-assessment/node_modules/jest-runner/build/runTest.js:444:34)\n    at Object.worker (/Users/tristanmarvin/assessment/assessment/security-assessment/node_modules/jest-runner/build/testWorker.js:106:12)","timestamp":"2025-12-13T23:27:01.908Z"}
{"attempts":3,"duration":4,"error":"Non-retryable error","level":"error","message":"test-operation failed after 3 attempts","service":"security-assessment","timestamp":"2025-12-13T23:27:01.907Z"}
{"code":"CONTAINER_CREATION_FAILED","context":{"containerId":"test-123"},"error":"ContainerCreationError","level":"error","message":"High severity security assessment error Test error message","recoverable":true,"service":"security-assessment","severity":"high","stack":"ContainerCreationError: Test error message\n    at Object.<anonymous> (/Users/tristanmarvin/assessment/assessment/security-assessment/src/__tests__/utils/errors.test.ts:17:19)\n    at Promise.then.completed (/Users/tristanmarvin/assessment/assessment/security-assessment/node_modules/jest-circus/build/utils.js:298:28)\n    at new Promise (<anonymous>)\n    at callAsyncCircusFn (/Users/tristanmarvin/assessment/assessment/security-assessment/node_modules/jest-circus/build/utils.js:231:10)\n    at _callCircusTest (/Users/tristanmarvin/assessment/assessment/security-assessment/node_modules/jest-circus/build/run.js:316:40)\n    at processTicksAndRejections (node:internal/process/task_queues:103:5)\n    at _runTest (/Users/tristanmarvin/assessment/assessment/security-assessment/node_modules/jest-circus/build/run.js:252:3)\n    at _runTestsForDescribeBlock (/Users/tristanmarvin/assessment/assessment/security-assessment/node_modules/jest-circus/build/run.js:126:9)\n    at _runTestsForDescribeBlock (/Users/tristanmarvin/assessment/assessment/security-assessment/node_modules/jest-circus/build/run.js:121:9)\n    at run (/Users/tristanmarvin/assessment/assessment/security-assessment/node_modules/jest-circus/build/run.js:71:3)\n    at runAndTransformResultsToJestFormat (/Users/tristanmarvin/assessment/assessment/security-assessment/node_modules/jest-circus/build/legacy-code-todo-rewrite/jestAdapterInit.js:122:21)\n    at jestAdapter (/Users/tristanmarvin/assessment/assessment/security-assessment/node_modules/jest-circus/build/legacy-code-todo-rewrite/jestAdapter.js:79:19)\n    at runTestInternal (/Users/tristanmarvin/assessment/assessment/security-assessment/node_modules/jest-runner/build/runTest.js:367:16)\n    at runTest (/Users/tristanmarvin/assessment/assessment/security-assessment/node_modules/jest-runner/build/runTest.js:444:34)\n    at Object.worker (/Users/tristanmarvin/assessment/assessment/security-assessment/node_modules/jest-runner/build/testWorker.js:106:12)","timestamp":"2025-12-13T23:27:34.542Z"}
{"code":"CONTAINER_CREATION_FAILED","error":"ContainerCreationError","level":"error","message":"High severity security assessment error Test error","recoverable":true,"service":"security-assessment","severity":"high","stack":"ContainerCreationError: Test error\n    at Object.<anonymous> (/Users/tristanmarvin/assessment/assessment/security-assessment/src/__tests__/utils/errors.test.ts:28:19)\n    at Promise.then.completed (/Users/tristanmarvin/assessment/assessment/security-assessment/node_modules/jest-circus/build/utils.js:298:28)\n    at new Promise (<anonymous>)\n    at callAsyncCircusFn (/Users/tristanmarvin/assessment/assessment/security-assessment/node_modules/jest-circus/build/utils.js:231:10)\n    at _callCircusTest (/Users/tristanmarvin/assessment/assessment/security-assessment/node_modules/jest-circus/build/run.js:316:40)\n    at processTicksAndRejections (node:internal/process/task_queues:103:5)\n    at _runTest (/Users/tristanmarvin/assessment/assessment/security-assessment/node_modules/jest-circus/build/run.js:252:3)\n    at _runTestsForDescribeBlock (/Users/tristanmarvin/assessment/assessment/security-assessment/node_modules/jest-circus/build/run.js:126:9)\n    at _runTestsForDescribeBlock (/Users/tristanmarvin/assessment/assessment/security-assessment/node_modules/jest-circus/build/run.js:121:9)\n    at run (/Users/tristanmarvin/assessment/assessment/security-assessment/node_modules/jest-circus/build/run.js:71:3)\n    at runAndTransformResultsToJestFormat (/Users/tristanmarvin/assessment/assessment/security-assessment/node_modules/jest-circus/build/legacy-code-todo-rewrite/jestAdapterInit.js:122:21)\n    at jestAdapter (/Users/tristanmarvin/assessment/assessment/security-assessment/node_modules/jest-circus/build/legacy-code-todo-rewrite/jestAdapter.js:79:19)\n    at runTestInternal (/Users/tristanmarvin/assessment/assessment/security-assessment/node_modules/jest-runner/build/runTest.js:367:16)\n    at runTest (/Users/tristanmarvin/assessment/assessment/security-assessment/node_modules/jest-runner/build/runTest.js:444:34)\n    at Object.worker (/Users/tristanmarvin/assessment/assessment/security-assessment/node_modules/jest-runner/build/testWorker.js:106:12)","timestamp":"2025-12-13T23:27:34.564Z"}
{"code":"SECURITY_VIOLATION_NETWORK","context":{"destination":"192.168.1.1","violationType":"NETWORK"},"error":"NetworkSecurityViolationError","level":"error","message":"Critical security assessment error Unauthorized network access","recoverable":false,"service":"security-assessment","severity":"critical","stack":"NetworkSecurityViolationError: Unauthorized network access\n    at Object.<anonymous> (/Users/tristanmarvin/assessment/assessment/security-assessment/src/__tests__/utils/errors.test.ts:53:19)\n    at Promise.then.completed (/Users/tristanmarvin/assessment/assessment/security-assessment/node_modules/jest-circus/build/utils.js:298:28)\n    at new Promise (<anonymous>)\n    at callAsyncCircusFn (/Users/tristanmarvin/assessment/assessment/security-assessment/node_modules/jest-circus/build/utils.js:231:10)\n    at _callCircusTest (/Users/tristanmarvin/assessment/assessment/security-assessment/node_modules/jest-circus/build/run.js:316:40)\n    at processTicksAndRejections (node:internal/process/task_queues:103:5)\n    at _runTest (/Users/tristanmarvin/assessment/assessment/security-assessment/node_modules/jest-circus/build/run.js:252:3)\n    at _runTestsForDescribeBlock (/Users/tristanmarvin/assessment/assessment/security-assessment/node_modules/jest-circus/build/run.js:126:9)\n    at _runTestsForDescribeBlock (/Users/tristanmarvin/assessment/assessment/security-assessment/node_modules/jest-circus/build/run.js:121:9)\n    at run (/Users/tristanmarvin/assessment/assessment/security-assessment/node_modules/jest-circus/build/run.js:71:3)\n    at runAndTransformResultsToJestFormat (/Users/tristanmarvin/assessment/assessment/security-assessment/node_modules/jest-circus/build/legacy-code-todo-rewrite/jestAdapterInit.js:122:21)\n    at jestAdapter (/Users/tristanmarvin/assessment/assessment/security-assessment/node_modules/jest-circus/build/legacy-code-todo-rewrite/jestAdapter.js:79:19)\n    at runTestInternal (/Users/tristanmarvin/assessment/assessment/security-assessment/node_modules/jest-runner/build/runTest.js:367:16)\n    at runTest (/Users/tristanmarvin/assessment/assessment/security-assessment/node_modules/jest-runner/build/runTest.js:444:34)\n    at Object.worker (/Users/tristanmarvin/assessment/assessment/security-assessment/node_modules/jest-runner/build/testWorker.js:106:12)","timestamp":"2025-12-13T23:27:34.568Z"}
{"code":"CONTAINER_CREATION_FAILED","error":"ContainerCreationError","level":"error","message":"High severity security assessment error Container creation failed","recoverable":true,"service":"security-assessment","severity":"high","stack":"ContainerCreationError: Container creation failed\n    at Object.<anonymous> (/Users/tristanmarvin/assessment/assessment/security-assessment/src/__tests__/utils/errors.test.ts:70:21)\n    at Promise.then.completed (/Users/tristanmarvin/assessment/assessment/security-assessment/node_modules/jest-circus/build/utils.js:298:28)\n    at new Promise (<anonymous>)\n    at callAsyncCircusFn (/Users/tristanmarvin/assessment/assessment/security-assessment/node_modules/jest-circus/build/utils.js:231:10)\n    at _callCircusTest (/Users/tristanmarvin/assessment/assessment/security-assessment/node_modules/jest-circus/build/run.js:316:40)\n    at processTicksAndRejections (node:internal/process/task_queues:103:5)\n    at _runTest (/Users/tristanmarvin/assessment/assessment/security-assessment/node_modules/jest-circus/build/run.js:252:3)\n    at _runTestsForDescribeBlock (/Users/tristanmarvin/assessment/assessment/security-assessment/node_modules/jest-circus/build/run.js:126:9)\n    at _runTestsForDescribeBlock (/Users/tristanmarvin/assessment/assessment/security-assessment/node_modules/jest-circus/build/run.js:121:9)\n    at _runTestsForDescribeBlock (/Users/tristanmarvin/assessment/assessment/security-assessment/node_modules/jest-circus/build/run.js:121:9)\n    at run (/Users/tristanmarvin/assessment/assessment/security-assessment/node_modules/jest-circus/build/run.js:71:3)\n    at runAndTransformResultsToJestFormat (/Users/tristanmarvin/assessment/assessment/security-assessment/node_modules/jest-circus/build/legacy-code-todo-rewrite/jestAdapterInit.js:122:21)\n    at jestAdapter (/Users/tristanmarvin/assessment/assessment/security-assessment/node_modules/jest-circus/build/legacy-code-todo-rewrite/jestAdapter.js:79:19)\n    at runTestInternal (/Users/tristanmarvin/assessment/assessment/security-assessment/node_modules/jest-runner/build/runTest.js:367:16)\n    at runTest (/Users/tristanmarvin/assessment/assessment/security-assessment/node_modules/jest-runner/build/runTest.js:444:34)\n    at Object.worker (/Users/tristanmarvin/assessment/assessment/security-assessment/node_modules/jest-runner/build/testWorker.js:106:12)","timestamp":"2025-12-13T23:27:34.570Z"}
{"code":"SECURITY_VIOLATION_NETWORK","context":{"violationType":"NETWORK"},"error":"SecurityViolationError","level":"error","message":"Critical security assessment error Security violation","recoverable":false,"service":"security-assessment","severity":"critical","stack":"SecurityViolationError: Security violation\n    at Object.<anonymous> (/Users/tristanmarvin/assessment/assessment/security-assessment/src/__tests__/utils/errors.test.ts:75:21)\n    at Promise.then.completed (/Users/tristanmarvin/assessment/assessment/security-assessment/node_modules/jest-circus/build/utils.js:298:28)\n    at new Promise (<anonymous>)\n    at callAsyncCircusFn (/Users/tristanmarvin/assessment/assessment/security-assessment/node_modules/jest-circus/build/utils.js:231:10)\n    at _callCircusTest (/Users/tristanmarvin/assessment/assessment/security-assessment/node_modules/jest-circus/build/run.js:316:40)\n    at processTicksAndRejections (node:internal/process/task_queues:103:5)\n    at _runTest (/Users/tristanmarvin/assessment/assessment/security-assessment/node_modules/jest-circus/build/run.js:252:3)\n    at _runTestsForDescribeBlock (/Users/tristanmarvin/assessment/assessment/security-assessment/node_modules/jest-circus/build/run.js:126:9)\n    at _runTestsForDescribeBlock (/Users/tristanmarvin/assessment/assessment/security-assessment/node_modules/jest-circus/build/run.js:121:9)\n    at _runTestsForDescribeBlock (/Users/tristanmarvin/assessment/assessment/security-assessment/node_modules/jest-circus/build/run.js:121:9)\n    at run (/Users/tristanmarvin/assessment/assessment/security-assessment/node_modules/jest-circus/build/run.js:71:3)\n    at runAndTransformResultsToJestFormat (/Users/tristanmarvin/assessment/assessment/security-assessment/node_modules/jest-circus/build/legacy-code-todo-rewrite/jestAdapterInit.js:122:21)\n    at jestAdapter (/Users/tristanmarvin/assessment/assessment/security-assessment/node_modules/jest-circus/build/legacy-code-todo-rewrite/jestAdapter.js:79:19)\n    at runTestInternal (/Users/tristanmarvin/assessment/assessment/security-assessment/node_modules/jest-runner/build/runTest.js:367:16)\n    at runTest (/Users/tristanmarvin/assessment/assessment/security-assessment/node_modules/jest-runner/build/runTest.js:444:34)\n    at Object.worker (/Users/tristanmarvin/assessment/assessment/security-assessment/node_modules/jest-runner/build/testWorker.js:106:12)","timestamp":"2025-12-13T23:27:34.571Z"}
{"code":"SECURITY_VIOLATION_FILESYSTEM","context":{"violationType":"FILESYSTEM"},"error":"SecurityViolationError","level":"error","message":"Critical security assessment error Security violation","recoverable":false,"service":"security-assessment","severity":"critical","stack":"SecurityViolationError: Security violation\n    at Object.<anonymous> (/Users/tristanmarvin/assessment/assessment/security-assessment/src/__tests__/utils/errors.test.ts:113:21)\n    at Promise.then.completed (/Users/tristanmarvin/assessment/assessment/security-assessment/node_modules/jest-circus/build/utils.js:298:28)\n    at new Promise (<anonymous>)\n    at callAsyncCircusFn (/Users/tristanmarvin/assessment/assessment/security-assessment/node_modules/jest-circus/build/utils.js:231:10)\n    at _callCircusTest (/Users/tristanmarvin/assessment/assessment/security-assessment/node_modules/jest-circus/build/run.js:316:40)\n    at processTicksAndRejections (node:internal/process/task_queues:103:5)\n    at _runTest (/Users/tristanmarvin/assessment/assessment/security-assessment/node_modules/jest-circus/build/run.js:252:3)\n    at _runTestsForDescribeBlock (/Users/tristanmarvin/assessment/assessment/security-assessment/node_modules/jest-circus/build/run.js:126:9)\n    at _runTestsForDescribeBlock (/Users/tristanmarvin/assessment/assessment/security-assessment/node_modules/jest-circus/build/run.js:121:9)\n    at _runTestsForDescribeBlock (/Users/tristanmarvin/assessment/assessment/security-assessment/node_modules/jest-circus/build/run.js:121:9)\n    at run (/Users/tristanmarvin/assessment/assessment/security-assessment/node_modules/jest-circus/build/run.js:71:3)\n    at runAndTransformResultsToJestFormat (/Users/tristanmarvin/assessment/assessment/security-assessment/node_modules/jest-circus/build/legacy-code-todo-rewrite/jestAdapterInit.js:122:21)\n    at jestAdapter (/Users/tristanmarvin/assessment/assessment/security-assessment/node_modules/jest-circus/build/legacy-code-todo-rewrite/jestAdapter.js:79:19)\n    at runTestInternal (/Users/tristanmarvin/assessment/assessment/security-assessment/node_modules/jest-runner/build/runTest.js:367:16)\n    at runTest (/Users/tristanmarvin/assessment/assessment/security-assessment/node_modules/jest-runner/build/runTest.js:444:34)\n    at Object.worker (/Users/tristanmarvin/assessment/assessment/security-assessment/node_modules/jest-runner/build/testWorker.js:106:12)","timestamp":"2025-12-13T23:27:34.577Z"}
{"code":"CONTAINER_CREATION_FAILED","error":"ContainerCreationError","level":"error","message":"High severity security assessment error Container creation failed","recoverable":true,"service":"security-assessment","severity":"high","stack":"ContainerCreationError: Container creation failed\n    at Object.<anonymous> (/Users/tristanmarvin/assessment/assessment/security-assessment/src/__tests__/utils/errors.test.ts:118:21)\n    at Promise.then.completed (/Users/tristanmarvin/assessment/assessment/security-assessment/node_modules/jest-circus/build/utils.js:298:28)\n    at new Promise (<anonymous>)\n    at callAsyncCircusFn (/Users/tristanmarvin/assessment/assessment/security-assessment/node_modules/jest-circus/build/utils.js:231:10)\n    at _callCircusTest (/Users/tristanmarvin/assessment/assessment/security-assessment/node_modules/jest-circus/build/run.js:316:40)\n    at processTicksAndRejections (node:internal/process/task_queues:103:5)\n    at _runTest (/Users/tristanmarvin/assessment/assessment/security-assessment/node_modules/jest-circus/build/run.js:252:3)\n    at _runTestsForDescribeBlock (/Users/tristanmarvin/assessment/assessment/security-assessment/node_modules/jest-circus/build/run.js:126:9)\n    at _runTestsForDescribeBlock (/Users/tristanmarvin/assessment/assessment/security-assessment/node_modules/jest-circus/build/run.js:121:9)\n    at _runTestsForDescribeBlock (/Users/tristanmarvin/assessment/assessment/security-assessment/node_modules/jest-circus/build/run.js:121:9)\n    at run (/Users/tristanmarvin/assessment/assessment/security-assessment/node_modules/jest-circus/build/run.js:71:3)\n    at runAndTransformResultsToJestFormat (/Users/tristanmarvin/assessment/assessment/security-assessment/node_modules/jest-circus/build/legacy-code-todo-rewrite/jestAdapterInit.js:122:21)\n    at jestAdapter (/Users/tristanmarvin/assessment/assessment/security-assessment/node_modules/jest-circus/build/legacy-code-todo-rewrite/jestAdapter.js:79:19)\n    at runTestInternal (/Users/tristanmarvin/assessment/assessment/security-assessment/node_modules/jest-runner/build/runTest.js:367:16)\n    at runTest (/Users/tristanmarvin/assessment/assessment/security-assessment/node_modules/jest-runner/build/runTest.js:444:34)\n    at Object.worker (/Users/tristanmarvin/assessment/assessment/security-assessment/node_modules/jest-runner/build/testWorker.js:106:12)","timestamp":"2025-12-13T23:27:34.579Z"}
{"code":"CONTAINER_CREATION_FAILED","error":"ContainerCreationError","level":"error","message":"High severity security assessment error Container creation failed","recoverable":true,"service":"security-assessment","severity":"high","stack":"ContainerCreationError: Container creation failed\n    at Object.<anonymous> (/Users/tristanmarvin/assessment/assessment/security-assessment/src/__tests__/utils/errors.test.ts:125:21)\n    at Promise.then.completed (/Users/tristanmarvin/assessment/assessment/security-assessment/node_modules/jest-circus/build/utils.js:298:28)\n    at new Promise (<anonymous>)\n    at callAsyncCircusFn (/Users/tristanmarvin/assessment/assessment/security-assessment/node_modules/jest-circus/build/utils.js:231:10)\n    at _callCircusTest (/Users/tristanmarvin/assessment/assessment/security-assessment/node_modules/jest-circus/build/run.js:316:40)\n    at processTicksAndRejections (node:internal/process/task_queues:103:5)\n    at _runTest (/Users/tristanmarvin/assessment/assessment/security-assessment/node_modules/jest-circus/build/run.js:252:3)\n    at _runTestsForDescribeBlock (/Users/tristanmarvin/assessment/assessment/security-assessment/node_modules/jest-circus/build/run.js:126:9)\n    at _runTestsForDescribeBlock (/Users/tristanmarvin/assessment/assessment/security-assessment/node_modules/jest-circus/build/run.js:121:9)\n    at _runTestsForDescribeBlock (/Users/tristanmarvin/assessment/assessment/security-assessment/node_modules/jest-circus/build/run.js:121:9)\n    at run (/Users/tristanmarvin/assessment/assessment/security-assessment/node_modules/jest-circus/build/run.js:71:3)\n    at runAndTransformResultsToJestFormat (/Users/tristanmarvin/assessment/assessment/security-assessment/node_modules/jest-circus/build/legacy-code-todo-rewrite/jestAdapterInit.js:122:21)\n    at jestAdapter (/Users/tristanmarvin/assessment/assessment/security-assessment/node_modules/jest-circus/build/legacy-code-todo-rewrite/jestAdapter.js:79:19)\n    at runTestInternal (/Users/tristanmarvin/assessment/assessment/security-assessment/node_modules/jest-runner/build/runTest.js:367:16)\n    at runTest (/Users/tristanmarvin/assessment/assessment/security-assessment/node_modules/jest-runner/build/runTest.js:444:34)\n    at Object.worker (/Users/tristanmarvin/assessment/assessment/security-assessment/node_modules/jest-runner/build/testWorker.js:106:12)","timestamp":"2025-12-13T23:27:34.584Z"}
{"code":"CONTAINER_CREATION_FAILED","error":"ContainerCreationError","level":"error","message":"High severity security assessment error Container creation failed","recoverable":true,"service":"security-assessment","severity":"high","stack":"ContainerCreationError: Container creation failed\n    at Object.<anonymous> (/Users/tristanmarvin/assessment/assessment/security-assessment/src/__tests__/utils/errors.test.ts:142:29)\n    at Promise.then.completed (/Users/tristanmarvin/assessment/assessment/security-assessment/node_modules/jest-circus/build/utils.js:298:28)\n    at new Promise (<anonymous>)\n    at callAsyncCircusFn (/Users/tristanmarvin/assessment/assessment/security-assessment/node_modules/jest-circus/build/utils.js:231:10)\n    at _callCircusTest (/Users/tristanmarvin/assessment/assessment/security-assessment/node_modules/jest-circus/build/run.js:316:40)\n    at processTicksAndRejections (node:internal/process/task_queues:103:5)\n    at _runTest (/Users/tristanmarvin/assessment/assessment/security-assessment/node_modules/jest-circus/build/run.js:252:3)\n    at _runTestsForDescribeBlock (/Users/tristanmarvin/assessment/assessment/security-assessment/node_modules/jest-circus/build/run.js:126:9)\n    at _runTestsForDescribeBlock (/Users/tristanmarvin/assessment/assessment/security-assessment/node_modules/jest-circus/build/run.js:121:9)\n    at _runTestsForDescribeBlock (/Users/tristanmarvin/assessment/assessment/security-assessment/node_modules/jest-circus/build/run.js:121:9)\n    at run (/Users/tristanmarvin/assessment/assessment/security-assessment/node_modules/jest-circus/build/run.js:71:3)\n    at runAndTransformResultsToJestFormat (/Users/tristanmarvin/assessment/assessment/security-assessment/node_modules/jest-circus/build/legacy-code-todo-rewrite/jestAdapterInit.js:122:21)\n    at jestAdapter (/Users/tristanmarvin/assessment/assessment/security-assessment/node_modules/jest-circus/build/legacy-code-todo-rewrite/jestAdapter.js:79:19)\n    at runTestInternal (/Users/tristanmarvin/assessment/assessment/security-assessment/node_modules/jest-runner/build/runTest.js:367:16)\n    at runTest (/Users/tristanmarvin/assessment/assessment/security-assessment/node_modules/jest-runner/build/runTest.js:444:34)\n    at Object.worker (/Users/tristanmarvin/assessment/assessment/security-assessment/node_modules/jest-runner/build/testWorker.js:106:12)","timestamp":"2025-12-13T23:27:34.585Z"}
{"code":"CONTAINER_CREATION_FAILED","context":{"containerId":"test-123","originalError":"Failed to create container: image not found"},"error":"ContainerCreationError","level":"error","message":"High severity security assessment error Failed to create container: image not found","recoverable":true,"service":"security-assessment","severity":"high","stack":"ContainerCreationError: Failed to create container: image not found\n    at ErrorHandler.createFromGenericError (/Users/tristanmarvin/assessment/assessment/security-assessment/src/utils/errors.ts:310:14)\n    at Object.<anonymous> (/Users/tristanmarvin/assessment/assessment/security-assessment/src/__tests__/utils/errors.test.ts:149:35)\n    at Promise.then.completed (/Users/tristanmarvin/assessment/assessment/security-assessment/node_modules/jest-circus/build/utils.js:298:28)\n    at new Promise (<anonymous>)\n    at callAsyncCircusFn (/Users/tristanmarvin/assessment/assessment/security-assessment/node_modules/jest-circus/build/utils.js:231:10)\n    at _callCircusTest (/Users/tristanmarvin/assessment/assessment/security-assessment/node_modules/jest-circus/build/run.js:316:40)\n    at processTicksAndRejections (node:internal/process/task_queues:103:5)\n    at _runTest (/Users/tristanmarvin/assessment/assessment/security-assessment/node_modules/jest-circus/build/run.js:252:3)\n    at _runTestsForDescribeBlock (/Users/tristanmarvin/assessment/assessment/security-assessment/node_modules/jest-circus/build/run.js:126:9)\n    at _runTestsForDescribeBlock (/Users/tristanmarvin/assessment/assessment/security-assessment/node_modules/jest-circus/build/run.js:121:9)\n    at _runTestsForDescribeBlock (/Users/tristanmarvin/assessment/assessment/security-assessment/node_modules/jest-circus/build/run.js:121:9)\n    at run (/Users/tristanmarvin/assessment/assessment/security-assessment/node_modules/jest-circus/build/run.js:71:3)\n    at runAndTransformResultsToJestFormat (/Users/tristanmarvin/assessment/assessment/security-assessment/node_modules/jest-circus/build/legacy-code-todo-rewrite/jestAdapterInit.js:122:21)\n    at jestAdapter (/Users/tristanmarvin/assessment/assessment/security-assessment/node_modules/jest-circus/build/legacy-code-todo-rewrite/jestAdapter.js:79:19)\n    at runTestInternal (/Users/tristanmarvin/assessment/assessment/security-assessment/node_modules/jest-runner/build/runTest.js:367:16)\n    at runTest (/Users/tristanmarvin/assessment/assessment/security-assessment/node_modules/jest-runner/build/runTest.js:444:34)\n    at Object.worker (/Users/tristanmarvin/assessment/assessment/security-assessment/node_modules/jest-runner/build/testWorker.js:106:12)","timestamp":"2025-12-13T23:27:34.587Z"}
{"code":"CONTAINER_CREATION_FAILED","error":"ContainerCreationError","level":"error","message":"High severity security assessment error Container creation failed","recoverable":true,"service":"security-assessment","severity":"high","stack":"ContainerCreationError: Container creation failed\n    at Object.<anonymous> (/Users/tristanmarvin/assessment/assessment/security-assessment/src/__tests__/utils/errors.test.ts:173:21)\n    at Promise.then.completed (/Users/tristanmarvin/assessment/assessment/security-assessment/node_modules/jest-circus/build/utils.js:298:28)\n    at new Promise (<anonymous>)\n    at callAsyncCircusFn (/Users/tristanmarvin/assessment/assessment/security-assessment/node_modules/jest-circus/build/utils.js:231:10)\n    at _callCircusTest (/Users/tristanmarvin/assessment/assessment/security-assessment/node_modules/jest-circus/build/run.js:316:40)\n    at processTicksAndRejections (node:internal/process/task_queues:103:5)\n    at _runTest (/Users/tristanmarvin/assessment/assessment/security-assessment/node_modules/jest-circus/build/run.js:252:3)\n    at _runTestsForDescribeBlock (/Users/tristanmarvin/assessment/assessment/security-assessment/node_modules/jest-circus/build/run.js:126:9)\n    at _runTestsForDescribeBlock (/Users/tristanmarvin/assessment/assessment/security-assessment/node_modules/jest-circus/build/run.js:121:9)\n    at _runTestsForDescribeBlock (/Users/tristanmarvin/assessment/assessment/security-assessment/node_modules/jest-circus/build/run.js:121:9)\n    at run (/Users/tristanmarvin/assessment/assessment/security-assessment/node_modules/jest-circus/build/run.js:71:3)\n    at runAndTransformResultsToJestFormat (/Users/tristanmarvin/assessment/assessment/security-assessment/node_modules/jest-circus/build/legacy-code-todo-rewrite/jestAdapterInit.js:122:21)\n    at jestAdapter (/Users/tristanmarvin/assessment/assessment/security-assessment/node_modules/jest-circus/build/legacy-code-todo-rewrite/jestAdapter.js:79:19)\n    at runTestInternal (/Users/tristanmarvin/assessment/assessment/security-assessment/node_modules/jest-runner/build/runTest.js:367:16)\n    at runTest (/Users/tristanmarvin/assessment/assessment/security-assessment/node_modules/jest-runner/build/runTest.js:444:34)\n    at Object.worker (/Users/tristanmarvin/assessment/assessment/security-assessment/node_modules/jest-runner/build/testWorker.js:106:12)","timestamp":"2025-12-13T23:27:34.627Z"}
{"code":"CONTAINER_CREATION_FAILED","context":{"containerId":"test-123"},"error":"ContainerCreationError","level":"error","message":"High severity security assessment error Container creation failed","recoverable":true,"service":"security-assessment","severity":"high","stack":"ContainerCreationError: Container creation failed\n    at Object.<anonymous> (/Users/tristanmarvin/assessment/assessment/security-assessment/src/__tests__/utils/errors.test.ts:182:21)\n    at Promise.then.completed (/Users/tristanmarvin/assessment/assessment/security-assessment/node_modules/jest-circus/build/utils.js:298:28)\n    at new Promise (<anonymous>)\n    at callAsyncCircusFn (/Users/tristanmarvin/assessment/assessment/security-assessment/node_modules/jest-circus/build/utils.js:231:10)\n    at _callCircusTest (/Users/tristanmarvin/assessment/assessment/security-assessment/node_modules/jest-circus/build/run.js:316:40)\n    at processTicksAndRejections (node:internal/process/task_queues:103:5)\n    at _runTest (/Users/tristanmarvin/assessment/assessment/security-assessment/node_modules/jest-circus/build/run.js:252:3)\n    at _runTestsForDescribeBlock (/Users/tristanmarvin/assessment/assessment/security-assessment/node_modules/jest-circus/build/run.js:126:9)\n    at _runTestsForDescribeBlock (/Users/tristanmarvin/assessment/assessment/security-assessment/node_modules/jest-circus/build/run.js:121:9)\n    at _runTestsForDescribeBlock (/Users/tristanmarvin/assessment/assessment/security-assessment/node_modules/jest-circus/build/run.js:121:9)\n    at run (/Users/tristanmarvin/assessment/assessment/security-assessment/node_modules/jest-circus/build/run.js:71:3)\n    at runAndTransformResultsToJestFormat (/Users/tristanmarvin/assessment/assessment/security-assessment/node_modules/jest-circus/build/legacy-code-todo-rewrite/jestAdapterInit.js:122:21)\n    at jestAdapter (/Users/tristanmarvin/assessment/assessment/security-assessment/node_modules/jest-circus/build/legacy-code-todo-rewrite/jestAdapter.js:79:19)\n    at runTestInternal (/Users/tristanmarvin/assessment/assessment/security-assessment/node_modules/jest-runner/build/runTest.js:367:16)\n    at runTest (/Users/tristanmarvin/assessment/assessment/security-assessment/node_modules/jest-runner/build/runTest.js:444:34)\n    at Object.worker (/Users/tristanmarvin/assessment/assessment/security-assessment/node_modules/jest-runner/build/testWorker.js:106:12)","timestamp":"2025-12-13T23:27:34.634Z"}
{"attempts":2,"duration":27,"error":"Persistent failure","level":"error","message":"test-operation failed after 2 attempts","service":"security-assessment","timestamp":"2025-12-13T23:27:34.985Z"}
{"attempts":3,"duration":1,"error":"Non-retryable error","level":"error","message":"test-operation failed after 3 attempts","service":"security-assessment","timestamp":"2025-12-13T23:27:34.989Z"}
{"code":"CONTAINER_CREATION_FAILED","error":"ContainerCreationError","level":"error","message":"High severity security assessment error Test error","recoverable":true,"service":"security-assessment","severity":"high","stack":"ContainerCreationError: Test error\n    at Object.<anonymous> (/Users/tristanmarvin/assessment/assessment/security-assessment/src/__tests__/utils/recovery.test.ts:60:21)\n    at Promise.then.completed (/Users/tristanmarvin/assessment/assessment/security-assessment/node_modules/jest-circus/build/utils.js:298:28)\n    at new Promise (<anonymous>)\n    at callAsyncCircusFn (/Users/tristanmarvin/assessment/assessment/security-assessment/node_modules/jest-circus/build/utils.js:231:10)\n    at _callCircusTest (/Users/tristanmarvin/assessment/assessment/security-assessment/node_modules/jest-circus/build/run.js:316:40)\n    at processTicksAndRejections (node:internal/process/task_queues:103:5)\n    at _runTest (/Users/tristanmarvin/assessment/assessment/security-assessment/node_modules/jest-circus/build/run.js:252:3)\n    at _runTestsForDescribeBlock (/Users/tristanmarvin/assessment/assessment/security-assessment/node_modules/jest-circus/build/run.js:126:9)\n    at _runTestsForDescribeBlock (/Users/tristanmarvin/assessment/assessment/security-assessment/node_modules/jest-circus/build/run.js:121:9)\n    at _runTestsForDescribeBlock (/Users/tristanmarvin/assessment/assessment/security-assessment/node_modules/jest-circus/build/run.js:121:9)\n    at run (/Users/tristanmarvin/assessment/assessment/security-assessment/node_modules/jest-circus/build/run.js:71:3)\n    at runAndTransformResultsToJestFormat (/Users/tristanmarvin/assessment/assessment/security-assessment/node_modules/jest-circus/build/legacy-code-todo-rewrite/jestAdapterInit.js:122:21)\n    at jestAdapter (/Users/tristanmarvin/assessment/assessment/security-assessment/node_modules/jest-circus/build/legacy-code-todo-rewrite/jestAdapter.js:79:19)\n    at runTestInternal (/Users/tristanmarvin/assessment/assessment/security-assessment/node_modules/jest-runner/build/runTest.js:367:16)\n    at runTest (/Users/tristanmarvin/assessment/assessment/security-assessment/node_modules/jest-runner/build/runTest.js:444:34)\n    at Object.worker (/Users/tristanmarvin/assessment/assessment/security-assessment/node_modules/jest-runner/build/testWorker.js:106:12)","timestamp":"2025-12-13T23:27:35.193Z"}
{"code":"CONTAINER_CREATION_FAILED","error":"ContainerCreationError","level":"error","message":"High severity security assessment error Test error","recoverable":true,"service":"security-assessment","severity":"high","stack":"ContainerCreationError: Test error\n    at Object.<anonymous> (/Users/tristanmarvin/assessment/assessment/security-assessment/src/__tests__/utils/recovery.test.ts:77:21)\n    at Promise.then.completed (/Users/tristanmarvin/assessment/assessment/security-assessment/node_modules/jest-circus/build/utils.js:298:28)\n    at new Promise (<anonymous>)\n    at callAsyncCircusFn (/Users/tristanmarvin/assessment/assessment/security-assessment/node_modules/jest-circus/build/utils.js:231:10)\n    at _callCircusTest (/Users/tristanmarvin/assessment/assessment/security-assessment/node_modules/jest-circus/build/run.js:316:40)\n    at processTicksAndRejections (node:internal/process/task_queues:103:5)\n    at _runTest (/Users/tristanmarvin/assessment/assessment/security-assessment/node_modules/jest-circus/build/run.js:252:3)\n    at _runTestsForDescribeBlock (/Users/tristanmarvin/assessment/assessment/security-assessment/node_modules/jest-circus/build/run.js:126:9)\n    at _runTestsForDescribeBlock (/Users/tristanmarvin/assessment/assessment/security-assessment/node_modules/jest-circus/build/run.js:121:9)\n    at _runTestsForDescribeBlock (/Users/tristanmarvin/assessment/assessment/security-assessment/node_modules/jest-circus/build/run.js:121:9)\n    at run (/Users/tristanmarvin/assessment/assessment/security-assessment/node_modules/jest-circus/build/run.js:71:3)\n    at runAndTransformResultsToJestFormat (/Users/tristanmarvin/assessment/assessment/security-assessment/node_modules/jest-circus/build/legacy-code-todo-rewrite/jestAdapterInit.js:122:21)\n    at jestAdapter (/Users/tristanmarvin/assessment/assessment/security-assessment/node_modules/jest-circus/build/legacy-code-todo-rewrite/jestAdapter.js:79:19)\n    at runTestInternal (/Users/tristanmarvin/assessment/assessment/security-assessment/node_modules/jest-runner/build/runTest.js:367:16)\n    at runTest (/Users/tristanmarvin/assessment/assessment/security-assessment/node_modules/jest-runner/build/runTest.js:444:34)\n    at Object.worker (/Users/tristanmarvin/assessment/assessment/security-assessment/node_modules/jest-runner/build/testWorker.js:106:12)","timestamp":"2025-12-13T23:27:35.244Z"}
{"code":"CONTAINER_CREATION_FAILED","error":"ContainerCreationError","level":"error","message":"High severity security assessment error Test error","recoverable":true,"service":"security-assessment","severity":"high","stack":"ContainerCreationError: Test error\n    at Object.<anonymous> (/Users/tristanmarvin/assessment/assessment/security-assessment/src/__tests__/utils/recovery.test.ts:140:21)\n    at Promise.then.completed (/Users/tristanmarvin/assessment/assessment/security-assessment/node_modules/jest-circus/build/utils.js:298:28)\n    at new Promise (<anonymous>)\n    at callAsyncCircusFn (/Users/tristanmarvin/assessment/assessment/security-assessment/node_modules/jest-circus/build/utils.js:231:10)\n    at _callCircusTest (/Users/tristanmarvin/assessment/assessment/security-assessment/node_modules/jest-circus/build/run.js:316:40)\n    at processTicksAndRejections (node:internal/process/task_queues:103:5)\n    at _runTest (/Users/tristanmarvin/assessment/assessment/security-assessment/node_modules/jest-circus/build/run.js:252:3)\n    at _runTestsForDescribeBlock (/Users/tristanmarvin/assessment/assessment/security-assessment/node_modules/jest-circus/build/run.js:126:9)\n    at _runTestsForDescribeBlock (/Users/tristanmarvin/assessment/assessment/security-assessment/node_modules/jest-circus/build/run.js:121:9)\n    at _runTestsForDescribeBlock (/Users/tristanmarvin/assessment/assessment/security-assessment/node_modules/jest-circus/build/run.js:121:9)\n    at run (/Users/tristanmarvin/assessment/assessment/security-assessment/node_modules/jest-circus/build/run.js:71:3)\n    at runAndTransformResultsToJestFormat (/Users/tristanmarvin/assessment/assessment/security-assessment/node_modules/jest-circus/build/legacy-code-todo-rewrite/jestAdapterInit.js:122:21)\n    at jestAdapter (/Users/tristanmarvin/assessment/assessment/security-assessment/node_modules/jest-circus/build/legacy-code-todo-rewrite/jestAdapter.js:79:19)\n    at runTestInternal (/Users/tristanmarvin/assessment/assessment/security-assessment/node_modules/jest-runner/build/runTest.js:367:16)\n    at runTest (/Users/tristanmarvin/assessment/assessment/security-assessment/node_modules/jest-runner/build/runTest.js:444:34)\n    at Object.worker (/Users/tristanmarvin/assessment/assessment/security-assessment/node_modules/jest-runner/build/testWorker.js:106:12)","timestamp":"2025-12-13T23:27:35.248Z"}
{"code":"CONTAINER_CREATION_FAILED","error":"ContainerCreationError","level":"error","message":"High severity security assessment error Test error","recoverable":true,"service":"security-assessment","severity":"high","stack":"ContainerCreationError: Test error\n    at Object.<anonymous> (/Users/tristanmarvin/assessment/assessment/security-assessment/src/__tests__/utils/recovery.test.ts:165:21)\n    at Promise.then.completed (/Users/tristanmarvin/assessment/assessment/security-assessment/node_modules/jest-circus/build/utils.js:298:28)\n    at new Promise (<anonymous>)\n    at callAsyncCircusFn (/Users/tristanmarvin/assessment/assessment/security-assessment/node_modules/jest-circus/build/utils.js:231:10)\n    at _callCircusTest (/Users/tristanmarvin/assessment/assessment/security-assessment/node_modules/jest-circus/build/run.js:316:40)\n    at processTicksAndRejections (node:internal/process/task_queues:103:5)\n    at _runTest (/Users/tristanmarvin/assessment/assessment/security-assessment/node_modules/jest-circus/build/run.js:252:3)\n    at _runTestsForDescribeBlock (/Users/tristanmarvin/assessment/assessment/security-assessment/node_modules/jest-circus/build/run.js:126:9)\n    at _runTestsForDescribeBlock (/Users/tristanmarvin/assessment/assessment/security-assessment/node_modules/jest-circus/build/run.js:121:9)\n    at _runTestsForDescribeBlock (/Users/tristanmarvin/assessment/assessment/security-assessment/node_modules/jest-circus/build/run.js:121:9)\n    at run (/Users/tristanmarvin/assessment/assessment/security-assessment/node_modules/jest-circus/build/run.js:71:3)\n    at runAndTransformResultsToJestFormat (/Users/tristanmarvin/assessment/assessment/security-assessment/node_modules/jest-circus/build/legacy-code-todo-rewrite/jestAdapterInit.js:122:21)\n    at jestAdapter (/Users/tristanmarvin/assessment/assessment/security-assessment/node_modules/jest-circus/build/legacy-code-todo-rewrite/jestAdapter.js:79:19)\n    at runTestInternal (/Users/tristanmarvin/assessment/assessment/security-assessment/node_modules/jest-runner/build/runTest.js:367:16)\n    at runTest (/Users/tristanmarvin/assessment/assessment/security-assessment/node_modules/jest-runner/build/runTest.js:444:34)\n    at Object.worker (/Users/tristanmarvin/assessment/assessment/security-assessment/node_modules/jest-runner/build/testWorker.js:106:12)","timestamp":"2025-12-13T23:27:35.252Z"}
{"code":"CONTAINER_CREATION_FAILED","error":"ContainerCreationError","level":"error","message":"High severity security assessment error Test error","recoverable":true,"service":"security-assessment","severity":"high","stack":"ContainerCreationError: Test error\n    at Object.<anonymous> (/Users/tristanmarvin/assessment/assessment/security-assessment/src/__tests__/utils/recovery.test.ts:200:21)\n    at Promise.then.completed (/Users/tristanmarvin/assessment/assessment/security-assessment/node_modules/jest-circus/build/utils.js:298:28)\n    at new Promise (<anonymous>)\n    at callAsyncCircusFn (/Users/tristanmarvin/assessment/assessment/security-assessment/node_modules/jest-circus/build/utils.js:231:10)\n    at _callCircusTest (/Users/tristanmarvin/assessment/assessment/security-assessment/node_modules/jest-circus/build/run.js:316:40)\n    at processTicksAndRejections (node:internal/process/task_queues:103:5)\n    at _runTest (/Users/tristanmarvin/assessment/assessment/security-assessment/node_modules/jest-circus/build/run.js:252:3)\n    at _runTestsForDescribeBlock (/Users/tristanmarvin/assessment/assessment/security-assessment/node_modules/jest-circus/build/run.js:126:9)\n    at _runTestsForDescribeBlock (/Users/tristanmarvin/assessment/assessment/security-assessment/node_modules/jest-circus/build/run.js:121:9)\n    at _runTestsForDescribeBlock (/Users/tristanmarvin/assessment/assessment/security-assessment/node_modules/jest-circus/build/run.js:121:9)\n    at run (/Users/tristanmarvin/assessment/assessment/security-assessment/node_modules/jest-circus/build/run.js:71:3)\n    at runAndTransformResultsToJestFormat (/Users/tristanmarvin/assessment/assessment/security-assessment/node_modules/jest-circus/build/legacy-code-todo-rewrite/jestAdapterInit.js:122:21)\n    at jestAdapter (/Users/tristanmarvin/assessment/assessment/security-assessment/node_modules/jest-circus/build/legacy-code-todo-rewrite/jestAdapter.js:79:19)\n    at runTestInternal (/Users/tristanmarvin/assessment/assessment/security-assessment/node_modules/jest-runner/build/runTest.js:367:16)\n    at runTest (/Users/tristanmarvin/assessment/assessment/security-assessment/node_modules/jest-runner/build/runTest.js:444:34)\n    at Object.worker (/Users/tristanmarvin/assessment/assessment/security-assessment/node_modules/jest-runner/build/testWorker.js:106:12)","timestamp":"2025-12-13T23:27:35.253Z"}
{"attempts":2,"duration":12,"error":"Persistent failure","level":"error","message":"test-operation failed after 2 attempts","service":"security-assessment","timestamp":"2025-12-13T23:28:20.866Z"}
{"attempts":3,"duration":1,"error":"Non-retryable error","level":"error","message":"test-operation failed after 3 attempts","service":"security-assessment","timestamp":"2025-12-13T23:28:20.869Z"}
{"attempts":2,"duration":11,"error":"Persistent failure","level":"error","message":"test-operation failed after 2 attempts","service":"security-assessment","timestamp":"2025-12-13T23:28:54.811Z"}
{"attempts":1,"duration":1,"error":"Non-retryable error","level":"error","message":"test-operation failed after 1 attempts","service":"security-assessment","timestamp":"2025-12-13T23:28:54.814Z"}
{"code":"CONTAINER_CREATION_FAILED","context":{"containerId":"test-123"},"error":"ContainerCreationError","level":"error","message":"High severity security assessment error Test error message","recoverable":true,"service":"security-assessment","severity":"high","stack":"ContainerCreationError: Test error message\n    at Object.<anonymous> (/Users/tristanmarvin/assessment/assessment/security-assessment/src/__tests__/utils/errors.test.ts:17:19)\n    at Promise.then.completed (/Users/tristanmarvin/assessment/assessment/security-assessment/node_modules/jest-circus/build/utils.js:298:28)\n    at new Promise (<anonymous>)\n    at callAsyncCircusFn (/Users/tristanmarvin/assessment/assessment/security-assessment/node_modules/jest-circus/build/utils.js:231:10)\n    at _callCircusTest (/Users/tristanmarvin/assessment/assessment/security-assessment/node_modules/jest-circus/build/run.js:316:40)\n    at processTicksAndRejections (node:internal/process/task_queues:103:5)\n    at _runTest (/Users/tristanmarvin/assessment/assessment/security-assessment/node_modules/jest-circus/build/run.js:252:3)\n    at _runTestsForDescribeBlock (/Users/tristanmarvin/assessment/assessment/security-assessment/node_modules/jest-circus/build/run.js:126:9)\n    at _runTestsForDescribeBlock (/Users/tristanmarvin/assessment/assessment/security-assessment/node_modules/jest-circus/build/run.js:121:9)\n    at run (/Users/tristanmarvin/assessment/assessment/security-assessment/node_modules/jest-circus/build/run.js:71:3)\n    at runAndTransformResultsToJestFormat (/Users/tristanmarvin/assessment/assessment/security-assessment/node_modules/jest-circus/build/legacy-code-todo-rewrite/jestAdapterInit.js:122:21)\n    at jestAdapter (/Users/tristanmarvin/assessment/assessment/security-assessment/node_modules/jest-circus/build/legacy-code-todo-rewrite/jestAdapter.js:79:19)\n    at runTestInternal (/Users/tristanmarvin/assessment/assessment/security-assessment/node_modules/jest-runner/build/runTest.js:367:16)\n    at runTest (/Users/tristanmarvin/assessment/assessment/security-assessment/node_modules/jest-runner/build/runTest.js:444:34)\n    at Object.worker (/Users/tristanmarvin/assessment/assessment/security-assessment/node_modules/jest-runner/build/testWorker.js:106:12)","timestamp":"2025-12-13T23:29:16.196Z"}
{"attempts":2,"duration":11,"error":"Persistent failure","level":"error","message":"test-operation failed after 2 attempts","service":"security-assessment","timestamp":"2025-12-13T23:29:16.269Z"}
{"code":"CONTAINER_CREATION_FAILED","error":"ContainerCreationError","level":"error","message":"High severity security assessment error Test error","recoverable":true,"service":"security-assessment","severity":"high","stack":"ContainerCreationError: Test error\n    at Object.<anonymous> (/Users/tristanmarvin/assessment/assessment/security-assessment/src/__tests__/utils/errors.test.ts:28:19)\n    at Promise.then.completed (/Users/tristanmarvin/assessment/assessment/security-assessment/node_modules/jest-circus/build/utils.js:298:28)\n    at new Promise (<anonymous>)\n    at callAsyncCircusFn (/Users/tristanmarvin/assessment/assessment/security-assessment/node_modules/jest-circus/build/utils.js:231:10)\n    at _callCircusTest (/Users/tristanmarvin/assessment/assessment/security-assessment/node_modules/jest-circus/build/run.js:316:40)\n    at processTicksAndRejections (node:internal/process/task_queues:103:5)\n    at _runTest (/Users/tristanmarvin/assessment/assessment/security-assessment/node_modules/jest-circus/build/run.js:252:3)\n    at _runTestsForDescribeBlock (/Users/tristanmarvin/assessment/assessment/security-assessment/node_modules/jest-circus/build/run.js:126:9)\n    at _runTestsForDescribeBlock (/Users/tristanmarvin/assessment/assessment/security-assessment/node_modules/jest-circus/build/run.js:121:9)\n    at run (/Users/tristanmarvin/assessment/assessment/security-assessment/node_modules/jest-circus/build/run.js:71:3)\n    at runAndTransformResultsToJestFormat (/Users/tristanmarvin/assessment/assessment/security-assessment/node_modules/jest-circus/build/legacy-code-todo-rewrite/jestAdapterInit.js:122:21)\n    at jestAdapter (/Users/tristanmarvin/assessment/assessment/security-assessment/node_modules/jest-circus/build/legacy-code-todo-rewrite/jestAdapter.js:79:19)\n    at runTestInternal (/Users/tristanmarvin/assessment/assessment/security-assessment/node_modules/jest-runner/build/runTest.js:367:16)\n    at runTest (/Users/tristanmarvin/assessment/assessment/security-assessment/node_modules/jest-runner/build/runTest.js:444:34)\n    at Object.worker (/Users/tristanmarvin/assessment/assessment/security-assessment/node_modules/jest-runner/build/testWorker.js:106:12)","timestamp":"2025-12-13T23:29:16.220Z"}
{"code":"SECURITY_VIOLATION_NETWORK","context":{"destination":"192.168.1.1","violationType":"NETWORK"},"error":"NetworkSecurityViolationError","level":"error","message":"Critical security assessment error Unauthorized network access","recoverable":false,"service":"security-assessment","severity":"critical","stack":"NetworkSecurityViolationError: Unauthorized network access\n    at Object.<anonymous> (/Users/tristanmarvin/assessment/assessment/security-assessment/src/__tests__/utils/errors.test.ts:53:19)\n    at Promise.then.completed (/Users/tristanmarvin/assessment/assessment/security-assessment/node_modules/jest-circus/build/utils.js:298:28)\n    at new Promise (<anonymous>)\n    at callAsyncCircusFn (/Users/tristanmarvin/assessment/assessment/security-assessment/node_modules/jest-circus/build/utils.js:231:10)\n    at _callCircusTest (/Users/tristanmarvin/assessment/assessment/security-assessment/node_modules/jest-circus/build/run.js:316:40)\n    at processTicksAndRejections (node:internal/process/task_queues:103:5)\n    at _runTest (/Users/tristanmarvin/assessment/assessment/security-assessment/node_modules/jest-circus/build/run.js:252:3)\n    at _runTestsForDescribeBlock (/Users/tristanmarvin/assessment/assessment/security-assessment/node_modules/jest-circus/build/run.js:126:9)\n    at _runTestsForDescribeBlock (/Users/tristanmarvin/assessment/assessment/security-assessment/node_modules/jest-circus/build/run.js:121:9)\n    at run (/Users/tristanmarvin/assessment/assessment/security-assessment/node_modules/jest-circus/build/run.js:71:3)\n    at runAndTransformResultsToJestFormat (/Users/tristanmarvin/assessment/assessment/security-assessment/node_modules/jest-circus/build/legacy-code-todo-rewrite/jestAdapterInit.js:122:21)\n    at jestAdapter (/Users/tristanmarvin/assessment/assessment/security-assessment/node_modules/jest-circus/build/legacy-code-todo-rewrite/jestAdapter.js:79:19)\n    at runTestInternal (/Users/tristanmarvin/assessment/assessment/security-assessment/node_modules/jest-runner/build/runTest.js:367:16)\n    at runTest (/Users/tristanmarvin/assessment/assessment/security-assessment/node_modules/jest-runner/build/runTest.js:444:34)\n    at Object.worker (/Users/tristanmarvin/assessment/assessment/security-assessment/node_modules/jest-runner/build/testWorker.js:106:12)","timestamp":"2025-12-13T23:29:16.223Z"}
{"code":"CONTAINER_CREATION_FAILED","error":"ContainerCreationError","level":"error","message":"High severity security assessment error Container creation failed","recoverable":true,"service":"security-assessment","severity":"high","stack":"ContainerCreationError: Container creation failed\n    at Object.<anonymous> (/Users/tristanmarvin/assessment/assessment/security-assessment/src/__tests__/utils/errors.test.ts:70:21)\n    at Promise.then.completed (/Users/tristanmarvin/assessment/assessment/security-assessment/node_modules/jest-circus/build/utils.js:298:28)\n    at new Promise (<anonymous>)\n    at callAsyncCircusFn (/Users/tristanmarvin/assessment/assessment/security-assessment/node_modules/jest-circus/build/utils.js:231:10)\n    at _callCircusTest (/Users/tristanmarvin/assessment/assessment/security-assessment/node_modules/jest-circus/build/run.js:316:40)\n    at processTicksAndRejections (node:internal/process/task_queues:103:5)\n    at _runTest (/Users/tristanmarvin/assessment/assessment/security-assessment/node_modules/jest-circus/build/run.js:252:3)\n    at _runTestsForDescribeBlock (/Users/tristanmarvin/assessment/assessment/security-assessment/node_modules/jest-circus/build/run.js:126:9)\n    at _runTestsForDescribeBlock (/Users/tristanmarvin/assessment/assessment/security-assessment/node_modules/jest-circus/build/run.js:121:9)\n    at _runTestsForDescribeBlock (/Users/tristanmarvin/assessment/assessment/security-assessment/node_modules/jest-circus/build/run.js:121:9)\n    at run (/Users/tristanmarvin/assessment/assessment/security-assessment/node_modules/jest-circus/build/run.js:71:3)\n    at runAndTransformResultsToJestFormat (/Users/tristanmarvin/assessment/assessment/security-assessment/node_modules/jest-circus/build/legacy-code-todo-rewrite/jestAdapterInit.js:122:21)\n    at jestAdapter (/Users/tristanmarvin/assessment/assessment/security-assessment/node_modules/jest-circus/build/legacy-code-todo-rewrite/jestAdapter.js:79:19)\n    at runTestInternal (/Users/tristanmarvin/assessment/assessment/security-assessment/node_modules/jest-runner/build/runTest.js:367:16)\n    at runTest (/Users/tristanmarvin/assessment/assessment/security-assessment/node_modules/jest-runner/build/runTest.js:444:34)\n    at Object.worker (/Users/tristanmarvin/assessment/assessment/security-assessment/node_modules/jest-runner/build/testWorker.js:106:12)","timestamp":"2025-12-13T23:29:16.229Z"}
{"code":"SECURITY_VIOLATION_NETWORK","context":{"violationType":"NETWORK"},"error":"SecurityViolationError","level":"error","message":"Critical security assessment error Security violation","recoverable":false,"service":"security-assessment","severity":"critical","stack":"SecurityViolationError: Security violation\n    at Object.<anonymous> (/Users/tristanmarvin/assessment/assessment/security-assessment/src/__tests__/utils/errors.test.ts:75:21)\n    at Promise.then.completed (/Users/tristanmarvin/assessment/assessment/security-assessment/node_modules/jest-circus/build/utils.js:298:28)\n    at new Promise (<anonymous>)\n    at callAsyncCircusFn (/Users/tristanmarvin/assessment/assessment/security-assessment/node_modules/jest-circus/build/utils.js:231:10)\n    at _callCircusTest (/Users/tristanmarvin/assessment/assessment/security-assessment/node_modules/jest-circus/build/run.js:316:40)\n    at processTicksAndRejections (node:internal/process/task_queues:103:5)\n    at _runTest (/Users/tristanmarvin/assessment/assessment/security-assessment/node_modules/jest-circus/build/run.js:252:3)\n    at _runTestsForDescribeBlock (/Users/tristanmarvin/assessment/assessment/security-assessment/node_modules/jest-circus/build/run.js:126:9)\n    at _runTestsForDescribeBlock (/Users/tristanmarvin/assessment/assessment/security-assessment/node_modules/jest-circus/build/run.js:121:9)\n    at _runTestsForDescribeBlock (/Users/tristanmarvin/assessment/assessment/security-assessment/node_modules/jest-circus/build/run.js:121:9)\n    at run (/Users/tristanmarvin/assessment/assessment/security-assessment/node_modules/jest-circus/build/run.js:71:3)\n    at runAndTransformResultsToJestFormat (/Users/tristanmarvin/assessment/assessment/security-assessment/node_modules/jest-circus/build/legacy-code-todo-rewrite/jestAdapterInit.js:122:21)\n    at jestAdapter (/Users/tristanmarvin/assessment/assessment/security-assessment/node_modules/jest-circus/build/legacy-code-todo-rewrite/jestAdapter.js:79:19)\n    at runTestInternal (/Users/tristanmarvin/assessment/assessment/security-assessment/node_modules/jest-runner/build/runTest.js:367:16)\n    at runTest (/Users/tristanmarvin/assessment/assessment/security-assessment/node_modules/jest-runner/build/runTest.js:444:34)\n    at Object.worker (/Users/tristanmarvin/assessment/assessment/security-assessment/node_modules/jest-runner/build/testWorker.js:106:12)","timestamp":"2025-12-13T23:29:16.230Z"}
{"code":"SECURITY_VIOLATION_FILESYSTEM","context":{"violationType":"FILESYSTEM"},"error":"SecurityViolationError","level":"error","message":"Critical security assessment error Security violation","recoverable":false,"service":"security-assessment","severity":"critical","stack":"SecurityViolationError: Security violation\n    at Object.<anonymous> (/Users/tristanmarvin/assessment/assessment/security-assessment/src/__tests__/utils/errors.test.ts:113:21)\n    at Promise.then.completed (/Users/tristanmarvin/assessment/assessment/security-assessment/node_modules/jest-circus/build/utils.js:298:28)\n    at new Promise (<anonymous>)\n    at callAsyncCircusFn (/Users/tristanmarvin/assessment/assessment/security-assessment/node_modules/jest-circus/build/utils.js:231:10)\n    at _callCircusTest (/Users/tristanmarvin/assessment/assessment/security-assessment/node_modules/jest-circus/build/run.js:316:40)\n    at processTicksAndRejections (node:internal/process/task_queues:103:5)\n    at _runTest (/Users/tristanmarvin/assessment/assessment/security-assessment/node_modules/jest-circus/build/run.js:252:3)\n    at _runTestsForDescribeBlock (/Users/tristanmarvin/assessment/assessment/security-assessment/node_modules/jest-circus/build/run.js:126:9)\n    at _runTestsForDescribeBlock (/Users/tristanmarvin/assessment/assessment/security-assessment/node_modules/jest-circus/build/run.js:121:9)\n    at _runTestsForDescribeBlock (/Users/tristanmarvin/assessment/assessment/security-assessment/node_modules/jest-circus/build/run.js:121:9)\n    at run (/Users/tristanmarvin/assessment/assessment/security-assessment/node_modules/jest-circus/build/run.js:71:3)\n    at runAndTransformResultsToJestFormat (/Users/tristanmarvin/assessment/assessment/security-assessment/node_modules/jest-circus/build/legacy-code-todo-rewrite/jestAdapterInit.js:122:21)\n    at jestAdapter (/Users/tristanmarvin/assessment/assessment/security-assessment/node_modules/jest-circus/build/legacy-code-todo-rewrite/jestAdapter.js:79:19)\n    at runTestInternal (/Users/tristanmarvin/assessment/assessment/security-assessment/node_modules/jest-runner/build/runTest.js:367:16)\n    at runTest (/Users/tristanmarvin/assessment/assessment/security-assessment/node_modules/jest-runner/build/runTest.js:444:34)\n    at Object.worker (/Users/tristanmarvin/assessment/assessment/security-assessment/node_modules/jest-runner/build/testWorker.js:106:12)","timestamp":"2025-12-13T23:29:16.235Z"}
{"code":"CONTAINER_CREATION_FAILED","error":"ContainerCreationError","level":"error","message":"High severity security assessment error Container creation failed","recoverable":true,"service":"security-assessment","severity":"high","stack":"ContainerCreationError: Container creation failed\n    at Object.<anonymous> (/Users/tristanmarvin/assessment/assessment/security-assessment/src/__tests__/utils/errors.test.ts:118:21)\n    at Promise.then.completed (/Users/tristanmarvin/assessment/assessment/security-assessment/node_modules/jest-circus/build/utils.js:298:28)\n    at new Promise (<anonymous>)\n    at callAsyncCircusFn (/Users/tristanmarvin/assessment/assessment/security-assessment/node_modules/jest-circus/build/utils.js:231:10)\n    at _callCircusTest (/Users/tristanmarvin/assessment/assessment/security-assessment/node_modules/jest-circus/build/run.js:316:40)\n    at processTicksAndRejections (node:internal/process/task_queues:103:5)\n    at _runTest (/Users/tristanmarvin/assessment/assessment/security-assessment/node_modules/jest-circus/build/run.js:252:3)\n    at _runTestsForDescribeBlock (/Users/tristanmarvin/assessment/assessment/security-assessment/node_modules/jest-circus/build/run.js:126:9)\n    at _runTestsForDescribeBlock (/Users/tristanmarvin/assessment/assessment/security-assessment/node_modules/jest-circus/build/run.js:121:9)\n    at _runTestsForDescribeBlock (/Users/tristanmarvin/assessment/assessment/security-assessment/node_modules/jest-circus/build/run.js:121:9)\n    at run (/Users/tristanmarvin/assessment/assessment/security-assessment/node_modules/jest-circus/build/run.js:71:3)\n    at runAndTransformResultsToJestFormat (/Users/tristanmarvin/assessment/assessment/security-assessment/node_modules/jest-circus/build/legacy-code-todo-rewrite/jestAdapterInit.js:122:21)\n    at jestAdapter (/Users/tristanmarvin/assessment/assessment/security-assessment/node_modules/jest-circus/build/legacy-code-todo-rewrite/jestAdapter.js:79:19)\n    at runTestInternal (/Users/tristanmarvin/assessment/assessment/security-assessment/node_modules/jest-runner/build/runTest.js:367:16)\n    at runTest (/Users/tristanmarvin/assessment/assessment/security-assessment/node_modules/jest-runner/build/runTest.js:444:34)\n    at Object.worker (/Users/tristanmarvin/assessment/assessment/security-assessment/node_modules/jest-runner/build/testWorker.js:106:12)","timestamp":"2025-12-13T23:29:16.236Z"}
{"code":"CONTAINER_CREATION_FAILED","error":"ContainerCreationError","level":"error","message":"High severity security assessment error Container creation failed","recoverable":true,"service":"security-assessment","severity":"high","stack":"ContainerCreationError: Container creation failed\n    at Object.<anonymous> (/Users/tristanmarvin/assessment/assessment/security-assessment/src/__tests__/utils/errors.test.ts:125:21)\n    at Promise.then.completed (/Users/tristanmarvin/assessment/assessment/security-assessment/node_modules/jest-circus/build/utils.js:298:28)\n    at new Promise (<anonymous>)\n    at callAsyncCircusFn (/Users/tristanmarvin/assessment/assessment/security-assessment/node_modules/jest-circus/build/utils.js:231:10)\n    at _callCircusTest (/Users/tristanmarvin/assessment/assessment/security-assessment/node_modules/jest-circus/build/run.js:316:40)\n    at processTicksAndRejections (node:internal/process/task_queues:103:5)\n    at _runTest (/Users/tristanmarvin/assessment/assessment/security-assessment/node_modules/jest-circus/build/run.js:252:3)\n    at _runTestsForDescribeBlock (/Users/tristanmarvin/assessment/assessment/security-assessment/node_modules/jest-circus/build/run.js:126:9)\n    at _runTestsForDescribeBlock (/Users/tristanmarvin/assessment/assessment/security-assessment/node_modules/jest-circus/build/run.js:121:9)\n    at _runTestsForDescribeBlock (/Users/tristanmarvin/assessment/assessment/security-assessment/node_modules/jest-circus/build/run.js:121:9)\n    at run (/Users/tristanmarvin/assessment/assessment/security-assessment/node_modules/jest-circus/build/run.js:71:3)\n    at runAndTransformResultsToJestFormat (/Users/tristanmarvin/assessment/assessment/security-assessment/node_modules/jest-circus/build/legacy-code-todo-rewrite/jestAdapterInit.js:122:21)\n    at jestAdapter (/Users/tristanmarvin/assessment/assessment/security-assessment/node_modules/jest-circus/build/legacy-code-todo-rewrite/jestAdapter.js:79:19)\n    at runTestInternal (/Users/tristanmarvin/assessment/assessment/security-assessment/node_modules/jest-runner/build/runTest.js:367:16)\n    at runTest (/Users/tristanmarvin/assessment/assessment/security-assessment/node_modules/jest-runner/build/runTest.js:444:34)\n    at Object.worker (/Users/tristanmarvin/assessment/assessment/security-assessment/node_modules/jest-runner/build/testWorker.js:106:12)","timestamp":"2025-12-13T23:29:16.238Z"}
{"code":"CONTAINER_CREATION_FAILED","error":"ContainerCreationError","level":"error","message":"High severity security assessment error Container creation failed","recoverable":true,"service":"security-assessment","severity":"high","stack":"ContainerCreationError: Container creation failed\n    at Object.<anonymous> (/Users/tristanmarvin/assessment/assessment/security-assessment/src/__tests__/utils/errors.test.ts:142:29)\n    at Promise.then.completed (/Users/tristanmarvin/assessment/assessment/security-assessment/node_modules/jest-circus/build/utils.js:298:28)\n    at new Promise (<anonymous>)\n    at callAsyncCircusFn (/Users/tristanmarvin/assessment/assessment/security-assessment/node_modules/jest-circus/build/utils.js:231:10)\n    at _callCircusTest (/Users/tristanmarvin/assessment/assessment/security-assessment/node_modules/jest-circus/build/run.js:316:40)\n    at processTicksAndRejections (node:internal/process/task_queues:103:5)\n    at _runTest (/Users/tristanmarvin/assessment/assessment/security-assessment/node_modules/jest-circus/build/run.js:252:3)\n    at _runTestsForDescribeBlock (/Users/tristanmarvin/assessment/assessment/security-assessment/node_modules/jest-circus/build/run.js:126:9)\n    at _runTestsForDescribeBlock (/Users/tristanmarvin/assessment/assessment/security-assessment/node_modules/jest-circus/build/run.js:121:9)\n    at _runTestsForDescribeBlock (/Users/tristanmarvin/assessment/assessment/security-assessment/node_modules/jest-circus/build/run.js:121:9)\n    at run (/Users/tristanmarvin/assessment/assessment/security-assessment/node_modules/jest-circus/build/run.js:71:3)\n    at runAndTransformResultsToJestFormat (/Users/tristanmarvin/assessment/assessment/security-assessment/node_modules/jest-circus/build/legacy-code-todo-rewrite/jestAdapterInit.js:122:21)\n    at jestAdapter (/Users/tristanmarvin/assessment/assessment/security-assessment/node_modules/jest-circus/build/legacy-code-todo-rewrite/jestAdapter.js:79:19)\n    at runTestInternal (/Users/tristanmarvin/assessment/assessment/security-assessment/node_modules/jest-runner/build/runTest.js:367:16)\n    at runTest (/Users/tristanmarvin/assessment/assessment/security-assessment/node_modules/jest-runner/build/runTest.js:444:34)\n    at Object.worker (/Users/tristanmarvin/assessment/assessment/security-assessment/node_modules/jest-runner/build/testWorker.js:106:12)","timestamp":"2025-12-13T23:29:16.240Z"}
{"code":"CONTAINER_CREATION_FAILED","context":{"containerId":"test-123","originalError":"Failed to create container: image not found"},"error":"ContainerCreationError","level":"error","message":"High severity security assessment error Failed to create container: image not found","recoverable":true,"service":"security-assessment","severity":"high","stack":"ContainerCreationError: Failed to create container: image not found\n    at ErrorHandler.createFromGenericError (/Users/tristanmarvin/assessment/assessment/security-assessment/src/utils/errors.ts:310:14)\n    at Object.<anonymous> (/Users/tristanmarvin/assessment/assessment/security-assessment/src/__tests__/utils/errors.test.ts:149:35)\n    at Promise.then.completed (/Users/tristanmarvin/assessment/assessment/security-assessment/node_modules/jest-circus/build/utils.js:298:28)\n    at new Promise (<anonymous>)\n    at callAsyncCircusFn (/Users/tristanmarvin/assessment/assessment/security-assessment/node_modules/jest-circus/build/utils.js:231:10)\n    at _callCircusTest (/Users/tristanmarvin/assessment/assessment/security-assessment/node_modules/jest-circus/build/run.js:316:40)\n    at processTicksAndRejections (node:internal/process/task_queues:103:5)\n    at _runTest (/Users/tristanmarvin/assessment/assessment/security-assessment/node_modules/jest-circus/build/run.js:252:3)\n    at _runTestsForDescribeBlock (/Users/tristanmarvin/assessment/assessment/security-assessment/node_modules/jest-circus/build/run.js:126:9)\n    at _runTestsForDescribeBlock (/Users/tristanmarvin/assessment/assessment/security-assessment/node_modules/jest-circus/build/run.js:121:9)\n    at _runTestsForDescribeBlock (/Users/tristanmarvin/assessment/assessment/security-assessment/node_modules/jest-circus/build/run.js:121:9)\n    at run (/Users/tristanmarvin/assessment/assessment/security-assessment/node_modules/jest-circus/build/run.js:71:3)\n    at runAndTransformResultsToJestFormat (/Users/tristanmarvin/assessment/assessment/security-assessment/node_modules/jest-circus/build/legacy-code-todo-rewrite/jestAdapterInit.js:122:21)\n    at jestAdapter (/Users/tristanmarvin/assessment/assessment/security-assessment/node_modules/jest-circus/build/legacy-code-todo-rewrite/jestAdapter.js:79:19)\n    at runTestInternal (/Users/tristanmarvin/assessment/assessment/security-assessment/node_modules/jest-runner/build/runTest.js:367:16)\n    at runTest (/Users/tristanmarvin/assessment/assessment/security-assessment/node_modules/jest-runner/build/runTest.js:444:34)\n    at Object.worker (/Users/tristanmarvin/assessment/assessment/security-assessment/node_modules/jest-runner/build/testWorker.js:106:12)","timestamp":"2025-12-13T23:29:16.241Z"}
{"code":"CONTAINER_CREATION_FAILED","error":"ContainerCreationError","level":"error","message":"High severity security assessment error Container creation failed","recoverable":true,"service":"security-assessment","severity":"high","stack":"ContainerCreationError: Container creation failed\n    at Object.<anonymous> (/Users/tristanmarvin/assessment/assessment/security-assessment/src/__tests__/utils/errors.test.ts:173:21)\n    at Promise.then.completed (/Users/tristanmarvin/assessment/assessment/security-assessment/node_modules/jest-circus/build/utils.js:298:28)\n    at new Promise (<anonymous>)\n    at callAsyncCircusFn (/Users/tristanmarvin/assessment/assessment/security-assessment/node_modules/jest-circus/build/utils.js:231:10)\n    at _callCircusTest (/Users/tristanmarvin/assessment/assessment/security-assessment/node_modules/jest-circus/build/run.js:316:40)\n    at processTicksAndRejections (node:internal/process/task_queues:103:5)\n    at _runTest (/Users/tristanmarvin/assessment/assessment/security-assessment/node_modules/jest-circus/build/run.js:252:3)\n    at _runTestsForDescribeBlock (/Users/tristanmarvin/assessment/assessment/security-assessment/node_modules/jest-circus/build/run.js:126:9)\n    at _runTestsForDescribeBlock (/Users/tristanmarvin/assessment/assessment/security-assessment/node_modules/jest-circus/build/run.js:121:9)\n    at _runTestsForDescribeBlock (/Users/tristanmarvin/assessment/assessment/security-assessment/node_modules/jest-circus/build/run.js:121:9)\n    at run (/Users/tristanmarvin/assessment/assessment/security-assessment/node_modules/jest-circus/build/run.js:71:3)\n    at runAndTransformResultsToJestFormat (/Users/tristanmarvin/assessment/assessment/security-assessment/node_modules/jest-circus/build/legacy-code-todo-rewrite/jestAdapterInit.js:122:21)\n    at jestAdapter (/Users/tristanmarvin/assessment/assessment/security-assessment/node_modules/jest-circus/build/legacy-code-todo-rewrite/jestAdapter.js:79:19)\n    at runTestInternal (/Users/tristanmarvin/assessment/assessment/security-assessment/node_modules/jest-runner/build/runTest.js:367:16)\n    at runTest (/Users/tristanmarvin/assessment/assessment/security-assessment/node_modules/jest-runner/build/runTest.js:444:34)\n    at Object.worker (/Users/tristanmarvin/assessment/assessment/security-assessment/node_modules/jest-runner/build/testWorker.js:106:12)","timestamp":"2025-12-13T23:29:16.256Z"}
{"code":"CONTAINER_CREATION_FAILED","context":{"containerId":"test-123"},"error":"ContainerCreationError","level":"error","message":"High severity security assessment error Container creation failed","recoverable":true,"service":"security-assessment","severity":"high","stack":"ContainerCreationError: Container creation failed\n    at Object.<anonymous> (/Users/tristanmarvin/assessment/assessment/security-assessment/src/__tests__/utils/errors.test.ts:182:21)\n    at Promise.then.completed (/Users/tristanmarvin/assessment/assessment/security-assessment/node_modules/jest-circus/build/utils.js:298:28)\n    at new Promise (<anonymous>)\n    at callAsyncCircusFn (/Users/tristanmarvin/assessment/assessment/security-assessment/node_modules/jest-circus/build/utils.js:231:10)\n    at _callCircusTest (/Users/tristanmarvin/assessment/assessment/security-assessment/node_modules/jest-circus/build/run.js:316:40)\n    at processTicksAndRejections (node:internal/process/task_queues:103:5)\n    at _runTest (/Users/tristanmarvin/assessment/assessment/security-assessment/node_modules/jest-circus/build/run.js:252:3)\n    at _runTestsForDescribeBlock (/Users/tristanmarvin/assessment/assessment/security-assessment/node_modules/jest-circus/build/run.js:126:9)\n    at _runTestsForDescribeBlock (/Users/tristanmarvin/assessment/assessment/security-assessment/node_modules/jest-circus/build/run.js:121:9)\n    at _runTestsForDescribeBlock (/Users/tristanmarvin/assessment/assessment/security-assessment/node_modules/jest-circus/build/run.js:121:9)\n    at run (/Users/tristanmarvin/assessment/assessment/security-assessment/node_modules/jest-circus/build/run.js:71:3)\n    at runAndTransformResultsToJestFormat (/Users/tristanmarvin/assessment/assessment/security-assessment/node_modules/jest-circus/build/legacy-code-todo-rewrite/jestAdapterInit.js:122:21)\n    at jestAdapter (/Users/tristanmarvin/assessment/assessment/security-assessment/node_modules/jest-circus/build/legacy-code-todo-rewrite/jestAdapter.js:79:19)\n    at runTestInternal (/Users/tristanmarvin/assessment/assessment/security-assessment/node_modules/jest-runner/build/runTest.js:367:16)\n    at runTest (/Users/tristanmarvin/assessment/assessment/security-assessment/node_modules/jest-runner/build/runTest.js:444:34)\n    at Object.worker (/Users/tristanmarvin/assessment/assessment/security-assessment/node_modules/jest-runner/build/testWorker.js:106:12)","timestamp":"2025-12-13T23:29:16.257Z"}
{"attempts":1,"duration":1,"error":"Non-retryable error","level":"error","message":"test-operation failed after 1 attempts","service":"security-assessment","timestamp":"2025-12-13T23:29:16.275Z"}
{"code":"CONTAINER_CREATION_FAILED","error":"ContainerCreationError","level":"error","message":"High severity security assessment error Test error","recoverable":true,"service":"security-assessment","severity":"high","stack":"ContainerCreationError: Test error\n    at Object.<anonymous> (/Users/tristanmarvin/assessment/assessment/security-assessment/src/__tests__/utils/recovery.test.ts:60:21)\n    at Promise.then.completed (/Users/tristanmarvin/assessment/assessment/security-assessment/node_modules/jest-circus/build/utils.js:298:28)\n    at new Promise (<anonymous>)\n    at callAsyncCircusFn (/Users/tristanmarvin/assessment/assessment/security-assessment/node_modules/jest-circus/build/utils.js:231:10)\n    at _callCircusTest (/Users/tristanmarvin/assessment/assessment/security-assessment/node_modules/jest-circus/build/run.js:316:40)\n    at processTicksAndRejections (node:internal/process/task_queues:103:5)\n    at _runTest (/Users/tristanmarvin/assessment/assessment/security-assessment/node_modules/jest-circus/build/run.js:252:3)\n    at _runTestsForDescribeBlock (/Users/tristanmarvin/assessment/assessment/security-assessment/node_modules/jest-circus/build/run.js:126:9)\n    at _runTestsForDescribeBlock (/Users/tristanmarvin/assessment/assessment/security-assessment/node_modules/jest-circus/build/run.js:121:9)\n    at _runTestsForDescribeBlock (/Users/tristanmarvin/assessment/assessment/security-assessment/node_modules/jest-circus/build/run.js:121:9)\n    at run (/Users/tristanmarvin/assessment/assessment/security-assessment/node_modules/jest-circus/build/run.js:71:3)\n    at runAndTransformResultsToJestFormat (/Users/tristanmarvin/assessment/assessment/security-assessment/node_modules/jest-circus/build/legacy-code-todo-rewrite/jestAdapterInit.js:122:21)\n    at jestAdapter (/Users/tristanmarvin/assessment/assessment/security-assessment/node_modules/jest-circus/build/legacy-code-todo-rewrite/jestAdapter.js:79:19)\n    at runTestInternal (/Users/tristanmarvin/assessment/assessment/security-assessment/node_modules/jest-runner/build/runTest.js:367:16)\n    at runTest (/Users/tristanmarvin/assessment/assessment/security-assessment/node_modules/jest-runner/build/runTest.js:444:34)\n    at Object.worker (/Users/tristanmarvin/assessment/assessment/security-assessment/node_modules/jest-runner/build/testWorker.js:106:12)","timestamp":"2025-12-13T23:29:16.211Z"}
{"code":"CONTAINER_CREATION_FAILED","error":"ContainerCreationError","level":"error","message":"High severity security assessment error Test error","recoverable":true,"service":"security-assessment","severity":"high","stack":"ContainerCreationError: Test error\n    at Object.<anonymous> (/Users/tristanmarvin/assessment/assessment/security-assessment/src/__tests__/utils/recovery.test.ts:77:21)\n    at Promise.then.completed (/Users/tristanmarvin/assessment/assessment/security-assessment/node_modules/jest-circus/build/utils.js:298:28)\n    at new Promise (<anonymous>)\n    at callAsyncCircusFn (/Users/tristanmarvin/assessment/assessment/security-assessment/node_modules/jest-circus/build/utils.js:231:10)\n    at _callCircusTest (/Users/tristanmarvin/assessment/assessment/security-assessment/node_modules/jest-circus/build/run.js:316:40)\n    at processTicksAndRejections (node:internal/process/task_queues:103:5)\n    at _runTest (/Users/tristanmarvin/assessment/assessment/security-assessment/node_modules/jest-circus/build/run.js:252:3)\n    at _runTestsForDescribeBlock (/Users/tristanmarvin/assessment/assessment/security-assessment/node_modules/jest-circus/build/run.js:126:9)\n    at _runTestsForDescribeBlock (/Users/tristanmarvin/assessment/assessment/security-assessment/node_modules/jest-circus/build/run.js:121:9)\n    at _runTestsForDescribeBlock (/Users/tristanmarvin/assessment/assessment/security-assessment/node_modules/jest-circus/build/run.js:121:9)\n    at run (/Users/tristanmarvin/assessment/assessment/security-assessment/node_modules/jest-circus/build/run.js:71:3)\n    at runAndTransformResultsToJestFormat (/Users/tristanmarvin/assessment/assessment/security-assessment/node_modules/jest-circus/build/legacy-code-todo-rewrite/jestAdapterInit.js:122:21)\n    at jestAdapter (/Users/tristanmarvin/assessment/assessment/security-assessment/node_modules/jest-circus/build/legacy-code-todo-rewrite/jestAdapter.js:79:19)\n    at runTestInternal (/Users/tristanmarvin/assessment/assessment/security-assessment/node_modules/jest-runner/build/runTest.js:367:16)\n    at runTest (/Users/tristanmarvin/assessment/assessment/security-assessment/node_modules/jest-runner/build/runTest.js:444:34)\n    at Object.worker (/Users/tristanmarvin/assessment/assessment/security-assessment/node_modules/jest-runner/build/testWorker.js:106:12)","timestamp":"2025-12-13T23:29:16.241Z"}
{"code":"CONTAINER_CREATION_FAILED","error":"ContainerCreationError","level":"error","message":"High severity security assessment error Test error","recoverable":true,"service":"security-assessment","severity":"high","stack":"ContainerCreationError: Test error\n    at Object.<anonymous> (/Users/tristanmarvin/assessment/assessment/security-assessment/src/__tests__/utils/recovery.test.ts:140:21)\n    at Promise.then.completed (/Users/tristanmarvin/assessment/assessment/security-assessment/node_modules/jest-circus/build/utils.js:298:28)\n    at new Promise (<anonymous>)\n    at callAsyncCircusFn (/Users/tristanmarvin/assessment/assessment/security-assessment/node_modules/jest-circus/build/utils.js:231:10)\n    at _callCircusTest (/Users/tristanmarvin/assessment/assessment/security-assessment/node_modules/jest-circus/build/run.js:316:40)\n    at processTicksAndRejections (node:internal/process/task_queues:103:5)\n    at _runTest (/Users/tristanmarvin/assessment/assessment/security-assessment/node_modules/jest-circus/build/run.js:252:3)\n    at _runTestsForDescribeBlock (/Users/tristanmarvin/assessment/assessment/security-assessment/node_modules/jest-circus/build/run.js:126:9)\n    at _runTestsForDescribeBlock (/Users/tristanmarvin/assessment/assessment/security-assessment/node_modules/jest-circus/build/run.js:121:9)\n    at _runTestsForDescribeBlock (/Users/tristanmarvin/assessment/assessment/security-assessment/node_modules/jest-circus/build/run.js:121:9)\n    at run (/Users/tristanmarvin/assessment/assessment/security-assessment/node_modules/jest-circus/build/run.js:71:3)\n    at runAndTransformResultsToJestFormat (/Users/tristanmarvin/assessment/assessment/security-assessment/node_modules/jest-circus/build/legacy-code-todo-rewrite/jestAdapterInit.js:122:21)\n    at jestAdapter (/Users/tristanmarvin/assessment/assessment/security-assessment/node_modules/jest-circus/build/legacy-code-todo-rewrite/jestAdapter.js:79:19)\n    at runTestInternal (/Users/tristanmarvin/assessment/assessment/security-assessment/node_modules/jest-runner/build/runTest.js:367:16)\n    at runTest (/Users/tristanmarvin/assessment/assessment/security-assessment/node_modules/jest-runner/build/runTest.js:444:34)\n    at Object.worker (/Users/tristanmarvin/assessment/assessment/security-assessment/node_modules/jest-runner/build/testWorker.js:106:12)","timestamp":"2025-12-13T23:29:16.246Z"}
{"code":"CONTAINER_CREATION_FAILED","error":"ContainerCreationError","level":"error","message":"High severity security assessment error Test error","recoverable":true,"service":"security-assessment","severity":"high","stack":"ContainerCreationError: Test error\n    at Object.<anonymous> (/Users/tristanmarvin/assessment/assessment/security-assessment/src/__tests__/utils/recovery.test.ts:165:21)\n    at Promise.then.completed (/Users/tristanmarvin/assessment/assessment/security-assessment/node_modules/jest-circus/build/utils.js:298:28)\n    at new Promise (<anonymous>)\n    at callAsyncCircusFn (/Users/tristanmarvin/assessment/assessment/security-assessment/node_modules/jest-circus/build/utils.js:231:10)\n    at _callCircusTest (/Users/tristanmarvin/assessment/assessment/security-assessment/node_modules/jest-circus/build/run.js:316:40)\n    at processTicksAndRejections (node:internal/process/task_queues:103:5)\n    at _runTest (/Users/tristanmarvin/assessment/assessment/security-assessment/node_modules/jest-circus/build/run.js:252:3)\n    at _runTestsForDescribeBlock (/Users/tristanmarvin/assessment/assessment/security-assessment/node_modules/jest-circus/build/run.js:126:9)\n    at _runTestsForDescribeBlock (/Users/tristanmarvin/assessment/assessment/security-assessment/node_modules/jest-circus/build/run.js:121:9)\n    at _runTestsForDescribeBlock (/Users/tristanmarvin/assessment/assessment/security-assessment/node_modules/jest-circus/build/run.js:121:9)\n    at run (/Users/tristanmarvin/assessment/assessment/security-assessment/node_modules/jest-circus/build/run.js:71:3)\n    at runAndTransformResultsToJestFormat (/Users/tristanmarvin/assessment/assessment/security-assessment/node_modules/jest-circus/build/legacy-code-todo-rewrite/jestAdapterInit.js:122:21)\n    at jestAdapter (/Users/tristanmarvin/assessment/assessment/security-assessment/node_modules/jest-circus/build/legacy-code-todo-rewrite/jestAdapter.js:79:19)\n    at runTestInternal (/Users/tristanmarvin/assessment/assessment/security-assessment/node_modules/jest-runner/build/runTest.js:367:16)\n    at runTest (/Users/tristanmarvin/assessment/assessment/security-assessment/node_modules/jest-runner/build/runTest.js:444:34)\n    at Object.worker (/Users/tristanmarvin/assessment/assessment/security-assessment/node_modules/jest-runner/build/testWorker.js:106:12)","timestamp":"2025-12-13T23:29:16.252Z"}
{"code":"CONTAINER_CREATION_FAILED","error":"ContainerCreationError","level":"error","message":"High severity security assessment error Test error","recoverable":true,"service":"security-assessment","severity":"high","stack":"ContainerCreationError: Test error\n    at Object.<anonymous> (/Users/tristanmarvin/assessment/assessment/security-assessment/src/__tests__/utils/recovery.test.ts:200:21)\n    at Promise.then.completed (/Users/tristanmarvin/assessment/assessment/security-assessment/node_modules/jest-circus/build/utils.js:298:28)\n    at new Promise (<anonymous>)\n    at callAsyncCircusFn (/Users/tristanmarvin/assessment/assessment/security-assessment/node_modules/jest-circus/build/utils.js:231:10)\n    at _callCircusTest (/Users/tristanmarvin/assessment/assessment/security-assessment/node_modules/jest-circus/build/run.js:316:40)\n    at processTicksAndRejections (node:internal/process/task_queues:103:5)\n    at _runTest (/Users/tristanmarvin/assessment/assessment/security-assessment/node_modules/jest-circus/build/run.js:252:3)\n    at _runTestsForDescribeBlock (/Users/tristanmarvin/assessment/assessment/security-assessment/node_modules/jest-circus/build/run.js:126:9)\n    at _runTestsForDescribeBlock (/Users/tristanmarvin/assessment/assessment/security-assessment/node_modules/jest-circus/build/run.js:121:9)\n    at _runTestsForDescribeBlock (/Users/tristanmarvin/assessment/assessment/security-assessment/node_modules/jest-circus/build/run.js:121:9)\n    at run (/Users/tristanmarvin/assessment/assessment/security-assessment/node_modules/jest-circus/build/run.js:71:3)\n    at runAndTransformResultsToJestFormat (/Users/tristanmarvin/assessment/assessment/security-assessment/node_modules/jest-circus/build/legacy-code-todo-rewrite/jestAdapterInit.js:122:21)\n    at jestAdapter (/Users/tristanmarvin/assessment/assessment/security-assessment/node_modules/jest-circus/build/legacy-code-todo-rewrite/jestAdapter.js:79:19)\n    at runTestInternal (/Users/tristanmarvin/assessment/assessment/security-assessment/node_modules/jest-runner/build/runTest.js:367:16)\n    at runTest (/Users/tristanmarvin/assessment/assessment/security-assessment/node_modules/jest-runner/build/runTest.js:444:34)\n    at Object.worker (/Users/tristanmarvin/assessment/assessment/security-assessment/node_modules/jest-runner/build/testWorker.js:106:12)","timestamp":"2025-12-13T23:29:16.253Z"}
